TN:
SF:src/App.tsx
FN:40,(anonymous_0)
FN:41,(anonymous_1)
FN:42,(anonymous_2)
FN:43,(anonymous_3)
FN:46,(anonymous_4)
FN:49,(anonymous_5)
FN:61,(anonymous_6)
FN:82,(anonymous_7)
FN:84,(anonymous_8)
FNF:9
FNH:0
FNDA:0,(anonymous_0)
FNDA:0,(anonymous_1)
FNDA:0,(anonymous_2)
FNDA:0,(anonymous_3)
FNDA:0,(anonymous_4)
FNDA:0,(anonymous_5)
FNDA:0,(anonymous_6)
FNDA:0,(anonymous_7)
FNDA:0,(anonymous_8)
DA:40,0
DA:41,0
DA:42,0
DA:43,0
DA:46,0
DA:49,0
DA:50,0
DA:61,0
DA:65,0
DA:67,0
DA:68,0
DA:71,0
DA:72,0
DA:75,0
DA:76,0
DA:79,0
DA:82,0
DA:84,0
DA:85,0
DA:88,0
DA:89,0
DA:93,0
LF:22
LH:0
BRDA:63,0,0,0
BRDA:67,1,0,0
BRDA:71,2,0,0
BRDA:75,3,0,0
BRDA:75,4,0,0
BRDA:75,4,1,0
BRDA:75,4,2,0
BRDA:88,5,0,0
BRF:8
BRH:0
end_of_record
TN:
SF:src/components/error-boundary.tsx
FN:24,(anonymous_0)
FN:63,(anonymous_1)
FN:33,(anonymous_2)
FN:41,(anonymous_3)
FN:71,(anonymous_4)
FN:125,(anonymous_5)
FN:153,(anonymous_6)
FN:166,(anonymous_7)
FN:158,(anonymous_8)
FN:162,(anonymous_9)
FN:170,(anonymous_10)
FN:209,useErrorHandler
FN:212,(anonymous_12)
FN:218,(anonymous_13)
FN:222,(anonymous_14)
FN:230,RouteErrorBoundary
FN:244,(anonymous_16)
FNF:17
FNH:0
FNDA:0,(anonymous_0)
FNDA:0,(anonymous_1)
FNDA:0,(anonymous_2)
FNDA:0,(anonymous_3)
FNDA:0,(anonymous_4)
FNDA:0,(anonymous_5)
FNDA:0,(anonymous_6)
FNDA:0,(anonymous_7)
FNDA:0,(anonymous_8)
FNDA:0,(anonymous_9)
FNDA:0,(anonymous_10)
FNDA:0,useErrorHandler
FNDA:0,(anonymous_12)
FNDA:0,(anonymous_13)
FNDA:0,(anonymous_14)
FNDA:0,RouteErrorBoundary
FNDA:0,(anonymous_16)
DA:25,0
DA:26,0
DA:34,0
DA:43,0
DA:46,0
DA:49,0
DA:55,0
DA:56,0
DA:63,0
DA:64,0
DA:72,0
DA:74,0
DA:75,0
DA:79,0
DA:125,0
DA:139,0
DA:154,0
DA:159,0
DA:163,0
DA:166,0
DA:167,0
DA:171,0
DA:172,0
DA:174,0
DA:175,0
DA:176,0
DA:179,0
DA:204,0
DA:210,0
DA:212,0
DA:213,0
DA:214,0
DA:218,0
DA:219,0
DA:222,0
DA:223,0
DA:226,0
DA:231,0
DA:244,0
LF:39
LH:0
BRDA:55,0,0,0
BRDA:55,1,0,0
BRDA:55,1,1,0
BRDA:72,2,0,0
BRDA:74,3,0,0
BRDA:96,4,0,0
BRDA:96,4,1,0
BRDA:96,4,2,0
BRDA:101,5,0,0
BRDA:101,5,1,0
BRDA:174,6,0,0
BRDA:175,7,0,0
BRDA:213,8,0,0
BRF:13
BRH:0
end_of_record
TN:
SF:src/components/lazy-components.tsx
FN:18,(anonymous_0)
FN:25,(anonymous_1)
FN:26,(anonymous_2)
FN:27,(anonymous_3)
FN:28,(anonymous_4)
FN:31,(anonymous_5)
FN:32,(anonymous_6)
FN:33,(anonymous_7)
FN:36,(anonymous_8)
FN:37,(anonymous_9)
FN:40,(anonymous_10)
FN:43,(anonymous_11)
FN:46,(anonymous_12)
FN:47,(anonymous_13)
FN:48,(anonymous_14)
FN:49,(anonymous_15)
FN:50,(anonymous_16)
FN:53,(anonymous_17)
FN:56,(anonymous_18)
FN:57,(anonymous_19)
FN:60,(anonymous_20)
FN:66,(anonymous_21)
FN:72,(anonymous_22)
FN:78,(anonymous_23)
FN:84,(anonymous_24)
FN:90,(anonymous_25)
FN:96,(anonymous_26)
FN:102,(anonymous_27)
FN:108,(anonymous_28)
FN:117,(anonymous_29)
FN:123,(anonymous_30)
FN:129,(anonymous_31)
FN:135,(anonymous_32)
FN:141,(anonymous_33)
FN:147,(anonymous_34)
FN:153,(anonymous_35)
FN:159,(anonymous_36)
FN:165,(anonymous_37)
FN:172,(anonymous_38)
FNF:39
FNH:0
FNDA:0,(anonymous_0)
FNDA:0,(anonymous_1)
FNDA:0,(anonymous_2)
FNDA:0,(anonymous_3)
FNDA:0,(anonymous_4)
FNDA:0,(anonymous_5)
FNDA:0,(anonymous_6)
FNDA:0,(anonymous_7)
FNDA:0,(anonymous_8)
FNDA:0,(anonymous_9)
FNDA:0,(anonymous_10)
FNDA:0,(anonymous_11)
FNDA:0,(anonymous_12)
FNDA:0,(anonymous_13)
FNDA:0,(anonymous_14)
FNDA:0,(anonymous_15)
FNDA:0,(anonymous_16)
FNDA:0,(anonymous_17)
FNDA:0,(anonymous_18)
FNDA:0,(anonymous_19)
FNDA:0,(anonymous_20)
FNDA:0,(anonymous_21)
FNDA:0,(anonymous_22)
FNDA:0,(anonymous_23)
FNDA:0,(anonymous_24)
FNDA:0,(anonymous_25)
FNDA:0,(anonymous_26)
FNDA:0,(anonymous_27)
FNDA:0,(anonymous_28)
FNDA:0,(anonymous_29)
FNDA:0,(anonymous_30)
FNDA:0,(anonymous_31)
FNDA:0,(anonymous_32)
FNDA:0,(anonymous_33)
FNDA:0,(anonymous_34)
FNDA:0,(anonymous_35)
FNDA:0,(anonymous_36)
FNDA:0,(anonymous_37)
FNDA:0,(anonymous_38)
DA:18,0
DA:19,0
DA:25,0
DA:26,0
DA:27,0
DA:28,0
DA:31,0
DA:32,0
DA:33,0
DA:36,0
DA:37,0
DA:40,0
DA:41,0
DA:43,0
DA:46,0
DA:47,0
DA:48,0
DA:49,0
DA:50,0
DA:53,0
DA:56,0
DA:57,0
DA:60,0
DA:61,0
DA:66,0
DA:67,0
DA:72,0
DA:73,0
DA:78,0
DA:79,0
DA:84,0
DA:85,0
DA:90,0
DA:91,0
DA:96,0
DA:97,0
DA:102,0
DA:103,0
DA:108,0
DA:109,0
DA:117,0
DA:118,0
DA:123,0
DA:124,0
DA:129,0
DA:130,0
DA:135,0
DA:136,0
DA:141,0
DA:142,0
DA:147,0
DA:148,0
DA:153,0
DA:154,0
DA:159,0
DA:160,0
DA:165,0
DA:166,0
DA:172,0
DA:173,0
LF:60
LH:0
BRDA:19,0,0,0
BRDA:19,0,1,0
BRF:2
BRH:0
end_of_record
TN:
SF:src/components/protected-route.tsx
FN:11,ProtectedRoute
FNF:1
FNH:0
FNDA:0,ProtectedRoute
DA:12,0
DA:13,0
DA:15,0
DA:16,0
DA:23,0
DA:25,0
DA:28,0
DA:30,0
DA:33,0
LF:9
LH:0
BRDA:15,0,0,0
BRDA:23,1,0,0
BRDA:28,2,0,0
BRDA:28,3,0,0
BRDA:28,3,1,0
BRDA:28,3,2,0
BRF:6
BRH:0
end_of_record
TN:
SF:src/components/accessibility/accessibility-menu.tsx
FN:71,(anonymous_0)
FN:81,(anonymous_1)
FN:105,(anonymous_2)
FN:233,(anonymous_3)
FN:242,(anonymous_4)
FN:248,(anonymous_5)
FN:265,(anonymous_6)
FN:282,(anonymous_7)
FN:288,(anonymous_8)
FN:314,(anonymous_9)
FN:328,(anonymous_10)
FN:382,(anonymous_11)
FN:389,(anonymous_12)
FN:418,(anonymous_13)
FN:432,(anonymous_14)
FN:459,(anonymous_15)
FN:481,(anonymous_16)
FN:578,(anonymous_17)
FNF:18
FNH:0
FNDA:0,(anonymous_0)
FNDA:0,(anonymous_1)
FNDA:0,(anonymous_2)
FNDA:0,(anonymous_3)
FNDA:0,(anonymous_4)
FNDA:0,(anonymous_5)
FNDA:0,(anonymous_6)
FNDA:0,(anonymous_7)
FNDA:0,(anonymous_8)
FNDA:0,(anonymous_9)
FNDA:0,(anonymous_10)
FNDA:0,(anonymous_11)
FNDA:0,(anonymous_12)
FNDA:0,(anonymous_13)
FNDA:0,(anonymous_14)
FNDA:0,(anonymous_15)
FNDA:0,(anonymous_16)
FNDA:0,(anonymous_17)
DA:71,0
DA:75,0
DA:76,0
DA:77,0
DA:78,0
DA:81,0
DA:82,0
DA:104,0
DA:105,0
DA:108,0
DA:112,0
DA:233,0
DA:234,0
DA:235,0
DA:242,0
DA:243,0
DA:244,0
DA:245,0
DA:248,0
DA:249,0
DA:251,0
DA:253,0
DA:265,0
DA:272,0
DA:282,0
DA:289,0
DA:299,0
DA:314,0
DA:324,0
DA:328,0
DA:329,0
DA:331,0
DA:333,0
DA:335,0
DA:340,0
DA:353,0
DA:383,0
DA:384,0
DA:386,0
DA:389,0
DA:418,0
DA:433,0
DA:434,0
DA:435,0
DA:436,0
DA:437,0
DA:460,0
DA:482,0
DA:578,0
LF:49
LH:0
BRDA:72,0,0,0
BRDA:251,1,0,0
BRDA:251,1,1,0
BRDA:251,1,2,0
BRDA:251,1,3,0
BRDA:329,2,0,0
BRDA:329,2,1,0
BRDA:329,2,2,0
BRDA:356,3,0,0
BRDA:356,3,1,0
BRDA:367,4,0,0
BRDA:367,4,1,0
BRDA:393,5,0,0
BRDA:393,5,1,0
BRDA:419,6,0,0
BRDA:419,6,1,0
BRDA:466,7,0,0
BRDA:466,7,1,0
BRDA:491,8,0,0
BRDA:491,8,1,0
BRDA:501,9,0,0
BRDA:501,9,1,0
BRDA:517,10,0,0
BRDA:517,10,1,0
BRDA:563,11,0,0
BRDA:563,11,1,0
BRF:26
BRH:0
end_of_record
TN:
SF:src/components/accessibility/accessibility-provider.tsx
FN:106,(anonymous_0)
FN:111,(anonymous_1)
FN:113,(anonymous_2)
FN:117,(anonymous_3)
FN:140,(anonymous_4)
FN:141,(anonymous_5)
FN:158,(anonymous_6)
FN:159,(anonymous_7)
FN:195,(anonymous_8)
FN:197,(anonymous_9)
FN:206,(anonymous_10)
FN:207,(anonymous_11)
FN:218,(anonymous_12)
FN:219,(anonymous_13)
FN:271,(anonymous_14)
FN:280,(anonymous_15)
FN:281,(anonymous_16)
FN:285,(anonymous_17)
FN:286,(anonymous_18)
FN:293,(anonymous_19)
FN:294,(anonymous_20)
FN:294,(anonymous_21)
FN:299,(anonymous_22)
FN:320,(anonymous_23)
FN:328,(anonymous_24)
FN:337,(anonymous_25)
FN:346,(anonymous_26)
FN:352,(anonymous_27)
FN:355,(anonymous_28)
FN:382,(anonymous_29)
FN:394,(anonymous_30)
FN:422,(anonymous_31)
FN:429,(anonymous_32)
FN:442,(anonymous_33)
FN:453,(anonymous_34)
FN:462,(anonymous_35)
FN:465,(anonymous_36)
FN:469,(anonymous_37)
FN:477,(anonymous_38)
FN:487,(anonymous_39)
FN:509,(anonymous_40)
FN:515,(anonymous_41)
FN:526,(anonymous_42)
FN:539,(anonymous_43)
FN:551,(anonymous_44)
FN:562,(anonymous_45)
FN:570,(anonymous_46)
FN:579,(anonymous_47)
FNF:48
FNH:0
FNDA:0,(anonymous_0)
FNDA:0,(anonymous_1)
FNDA:0,(anonymous_2)
FNDA:0,(anonymous_3)
FNDA:0,(anonymous_4)
FNDA:0,(anonymous_5)
FNDA:0,(anonymous_6)
FNDA:0,(anonymous_7)
FNDA:0,(anonymous_8)
FNDA:0,(anonymous_9)
FNDA:0,(anonymous_10)
FNDA:0,(anonymous_11)
FNDA:0,(anonymous_12)
FNDA:0,(anonymous_13)
FNDA:0,(anonymous_14)
FNDA:0,(anonymous_15)
FNDA:0,(anonymous_16)
FNDA:0,(anonymous_17)
FNDA:0,(anonymous_18)
FNDA:0,(anonymous_19)
FNDA:0,(anonymous_20)
FNDA:0,(anonymous_21)
FNDA:0,(anonymous_22)
FNDA:0,(anonymous_23)
FNDA:0,(anonymous_24)
FNDA:0,(anonymous_25)
FNDA:0,(anonymous_26)
FNDA:0,(anonymous_27)
FNDA:0,(anonymous_28)
FNDA:0,(anonymous_29)
FNDA:0,(anonymous_30)
FNDA:0,(anonymous_31)
FNDA:0,(anonymous_32)
FNDA:0,(anonymous_33)
FNDA:0,(anonymous_34)
FNDA:0,(anonymous_35)
FNDA:0,(anonymous_36)
FNDA:0,(anonymous_37)
FNDA:0,(anonymous_38)
FNDA:0,(anonymous_39)
FNDA:0,(anonymous_40)
FNDA:0,(anonymous_41)
FNDA:0,(anonymous_42)
FNDA:0,(anonymous_43)
FNDA:0,(anonymous_44)
FNDA:0,(anonymous_45)
FNDA:0,(anonymous_46)
FNDA:0,(anonymous_47)
DA:76,0
DA:84,0
DA:106,0
DA:111,0
DA:112,0
DA:113,0
DA:117,0
DA:118,0
DA:119,0
DA:120,0
DA:121,0
DA:122,0
DA:125,0
DA:127,0
DA:130,0
DA:131,0
DA:137,0
DA:140,0
DA:141,0
DA:142,0
DA:151,0
DA:154,0
DA:158,0
DA:159,0
DA:160,0
DA:163,0
DA:164,0
DA:168,0
DA:169,0
DA:173,0
DA:174,0
DA:178,0
DA:179,0
DA:181,0
DA:182,0
DA:186,0
DA:189,0
DA:195,0
DA:197,0
DA:198,0
DA:199,0
DA:202,0
DA:206,0
DA:207,0
DA:208,0
DA:209,0
DA:211,0
DA:218,0
DA:219,0
DA:220,0
DA:223,0
DA:229,0
DA:232,0
DA:233,0
DA:235,0
DA:239,0
DA:240,0
DA:242,0
DA:246,0
DA:249,0
DA:250,0
DA:253,0
DA:254,0
DA:256,0
DA:260,0
DA:261,0
DA:263,0
DA:267,0
DA:271,0
DA:272,0
DA:273,0
DA:275,0
DA:280,0
DA:281,0
DA:285,0
DA:286,0
DA:289,0
DA:290,0
DA:293,0
DA:294,0
DA:299,0
DA:300,0
DA:302,0
DA:303,0
DA:305,0
DA:308,0
DA:309,0
DA:312,0
DA:320,0
DA:321,0
DA:322,0
DA:323,0
DA:324,0
DA:328,0
DA:329,0
DA:330,0
DA:331,0
DA:332,0
DA:337,0
DA:338,0
DA:339,0
DA:340,0
DA:341,0
DA:346,0
DA:347,0
DA:348,0
DA:352,0
DA:353,0
DA:355,0
DA:357,0
DA:358,0
DA:360,0
DA:361,0
DA:362,0
DA:364,0
DA:365,0
DA:366,0
DA:368,0
DA:369,0
DA:370,0
DA:372,0
DA:373,0
DA:374,0
DA:379,0
DA:381,0
DA:382,0
DA:383,0
DA:384,0
DA:385,0
DA:386,0
DA:393,0
DA:394,0
DA:398,0
DA:415,0
DA:422,0
DA:429,0
DA:443,0
DA:453,0
DA:454,0
DA:455,0
DA:456,0
DA:458,0
DA:462,0
DA:463,0
DA:465,0
DA:466,0
DA:469,0
DA:470,0
DA:477,0
DA:478,0
DA:482,0
DA:484,0
DA:485,0
DA:487,0
DA:488,0
DA:490,0
DA:491,0
DA:492,0
DA:493,0
DA:496,0
DA:497,0
DA:498,0
DA:503,0
DA:506,0
DA:509,0
DA:510,0
DA:515,0
DA:523,0
DA:526,0
DA:536,0
DA:539,0
DA:548,0
DA:551,0
DA:559,0
DA:562,0
DA:567,0
DA:570,0
DA:576,0
DA:579,0
DA:586,0
DA:589,0
LF:181
LH:0
BRDA:108,0,0,0
BRDA:120,1,0,0
BRDA:143,2,0,0
BRDA:143,2,1,0
BRDA:143,2,2,0
BRDA:146,3,0,0
BRDA:146,3,1,0
BRDA:148,4,0,0
BRDA:148,4,1,0
BRDA:163,5,0,0
BRDA:163,6,0,0
BRDA:163,6,1,0
BRDA:168,7,0,0
BRDA:168,8,0,0
BRDA:168,8,1,0
BRDA:173,9,0,0
BRDA:173,10,0,0
BRDA:173,10,1,0
BRDA:181,11,0,0
BRDA:198,12,0,0
BRDA:198,12,1,0
BRDA:208,13,0,0
BRDA:208,13,1,0
BRDA:232,14,0,0
BRDA:232,14,1,0
BRDA:239,15,0,0
BRDA:239,15,1,0
BRDA:253,16,0,0
BRDA:253,16,1,0
BRDA:260,17,0,0
BRDA:260,17,1,0
BRDA:285,18,0,0
BRDA:289,19,0,0
BRDA:289,19,1,0
BRDA:302,20,0,0
BRDA:302,20,1,0
BRDA:308,21,0,0
BRDA:313,22,0,0
BRDA:313,22,1,0
BRDA:322,23,0,0
BRDA:330,24,0,0
BRDA:339,25,0,0
BRDA:353,26,0,0
BRDA:357,27,0,0
BRDA:358,28,0,0
BRDA:358,28,1,0
BRDA:358,28,2,0
BRDA:358,28,3,0
BRDA:379,29,0,0
BRDA:383,30,0,0
BRDA:385,31,0,0
BRDA:422,32,0,0
BRDA:422,32,1,0
BRDA:429,33,0,0
BRDA:429,33,1,0
BRDA:455,34,0,0
BRDA:470,35,0,0
BRDA:470,35,1,0
BRDA:470,35,2,0
BRDA:470,35,3,0
BRDA:470,35,4,0
BRDA:482,36,0,0
BRDA:488,37,0,0
BRDA:490,38,0,0
BRDA:490,38,1,0
BRDA:491,39,0,0
BRDA:496,40,0,0
BRF:67
BRH:0
end_of_record
TN:
SF:src/components/admin/cache-dashboard.tsx
FN:41,(anonymous_0)
FN:53,(anonymous_1)
FN:58,(anonymous_2)
FN:61,(anonymous_3)
FN:83,(anonymous_4)
FN:89,(anonymous_5)
FN:96,(anonymous_6)
FN:101,(anonymous_7)
FN:109,(anonymous_8)
FN:115,(anonymous_9)
FN:124,(anonymous_10)
FN:134,(anonymous_11)
FN:445,(anonymous_12)
FN:520,(anonymous_13)
FNF:14
FNH:0
FNDA:0,(anonymous_0)
FNDA:0,(anonymous_1)
FNDA:0,(anonymous_2)
FNDA:0,(anonymous_3)
FNDA:0,(anonymous_4)
FNDA:0,(anonymous_5)
FNDA:0,(anonymous_6)
FNDA:0,(anonymous_7)
FNDA:0,(anonymous_8)
FNDA:0,(anonymous_9)
FNDA:0,(anonymous_10)
FNDA:0,(anonymous_11)
FNDA:0,(anonymous_12)
FNDA:0,(anonymous_13)
DA:41,0
DA:42,0
DA:43,0
DA:44,0
DA:45,0
DA:46,0
DA:47,0
DA:49,0
DA:50,0
DA:51,0
DA:53,0
DA:54,0
DA:57,0
DA:58,0
DA:61,0
DA:62,0
DA:63,0
DA:65,0
DA:72,0
DA:73,0
DA:74,0
DA:75,0
DA:77,0
DA:79,0
DA:83,0
DA:84,0
DA:85,0
DA:86,0
DA:89,0
DA:90,0
DA:91,0
DA:92,0
DA:96,0
DA:97,0
DA:98,0
DA:101,0
DA:102,0
DA:103,0
DA:104,0
DA:105,0
DA:106,0
DA:109,0
DA:110,0
DA:111,0
DA:112,0
DA:115,0
DA:116,0
DA:118,0
DA:119,0
DA:120,0
DA:121,0
DA:124,0
DA:125,0
DA:126,0
DA:127,0
DA:128,0
DA:129,0
DA:130,0
DA:134,0
DA:135,0
DA:136,0
DA:137,0
DA:138,0
DA:139,0
DA:140,0
DA:144,0
DA:145,0
DA:155,0
DA:157,0
DA:446,0
DA:521,0
LF:71
LH:0
BRDA:90,0,0,0
BRDA:102,1,0,0
BRDA:110,2,0,0
BRDA:111,3,0,0
BRDA:116,4,0,0
BRDA:118,5,0,0
BRDA:119,6,0,0
BRDA:120,7,0,0
BRDA:125,8,0,0
BRDA:125,8,1,0
BRDA:125,8,2,0
BRDA:125,8,3,0
BRDA:125,8,4,0
BRDA:135,9,0,0
BRDA:135,9,1,0
BRDA:135,9,2,0
BRDA:135,9,3,0
BRDA:135,9,4,0
BRDA:144,10,0,0
BRDA:172,11,0,0
BRDA:172,11,1,0
BRDA:207,12,0,0
BRDA:207,12,1,0
BRDA:218,13,0,0
BRDA:218,13,1,0
BRDA:220,14,0,0
BRDA:220,14,1,0
BRDA:232,15,0,0
BRDA:232,15,1,0
BRDA:235,16,0,0
BRDA:235,16,1,0
BRDA:247,17,0,0
BRDA:247,17,1,0
BRDA:250,18,0,0
BRDA:250,18,1,0
BRDA:277,19,0,0
BRDA:277,19,1,0
BRDA:279,20,0,0
BRDA:279,20,1,0
BRDA:286,21,0,0
BRDA:286,21,1,0
BRDA:292,22,0,0
BRDA:292,22,1,0
BRDA:309,23,0,0
BRDA:309,23,1,0
BRDA:313,24,0,0
BRDA:313,24,1,0
BRDA:317,25,0,0
BRDA:317,25,1,0
BRDA:321,26,0,0
BRDA:321,26,1,0
BRDA:339,27,0,0
BRDA:339,27,1,0
BRDA:346,28,0,0
BRDA:346,28,1,0
BRDA:351,29,0,0
BRDA:351,29,1,0
BRDA:357,30,0,0
BRDA:357,30,1,0
BRDA:379,31,0,0
BRDA:379,31,1,0
BRDA:386,32,0,0
BRDA:386,32,1,0
BRDA:401,33,0,0
BRDA:401,33,1,0
BRDA:401,33,2,0
BRDA:408,34,0,0
BRDA:408,34,1,0
BRDA:408,34,2,0
BRDA:415,35,0,0
BRDA:415,35,1,0
BRDA:415,35,2,0
BRDA:422,36,0,0
BRDA:422,36,1,0
BRDA:422,36,2,0
BRDA:443,37,0,0
BRDA:443,37,1,0
BRDA:452,38,0,0
BRDA:452,38,1,0
BRDA:473,39,0,0
BRDA:473,39,1,0
BRDA:480,40,0,0
BRDA:480,40,1,0
BRDA:487,41,0,0
BRDA:487,41,1,0
BRDA:505,42,0,0
BRDA:505,42,1,0
BRDA:548,43,0,0
BRDA:548,43,1,0
BRDA:548,44,0,0
BRDA:548,44,1,0
BRDA:549,45,0,0
BRDA:549,45,1,0
BRDA:549,46,0,0
BRDA:549,46,1,0
BRDA:552,47,0,0
BRDA:552,47,1,0
BRDA:553,48,0,0
BRDA:553,48,1,0
BRDA:554,49,0,0
BRDA:554,49,1,0
BRDA:563,50,0,0
BRDA:563,50,1,0
BRDA:570,51,0,0
BRDA:570,51,1,0
BRF:105
BRH:0
end_of_record
TN:
SF:src/components/admin/migration-dashboard.tsx
FN:7,(anonymous_0)
FNF:1
FNH:0
FNDA:0,(anonymous_0)
DA:7,0
DA:8,0
LF:2
LH:0
BRF:0
BRH:0
end_of_record
TN:
SF:src/components/analytics/analytics-dashboard.tsx
FN:112,(anonymous_0)
FN:149,(anonymous_1)
FN:157,(anonymous_2)
FN:161,(anonymous_3)
FN:169,(anonymous_4)
FN:192,(anonymous_5)
FN:260,(anonymous_6)
FN:263,(anonymous_7)
FN:272,(anonymous_8)
FN:285,(anonymous_9)
FN:323,(anonymous_10)
FN:327,(anonymous_11)
FN:396,(anonymous_12)
FN:423,(anonymous_13)
FN:450,(anonymous_14)
FN:485,(anonymous_15)
FN:488,(anonymous_16)
FN:491,(anonymous_17)
FN:502,(anonymous_18)
FNF:19
FNH:0
FNDA:0,(anonymous_0)
FNDA:0,(anonymous_1)
FNDA:0,(anonymous_2)
FNDA:0,(anonymous_3)
FNDA:0,(anonymous_4)
FNDA:0,(anonymous_5)
FNDA:0,(anonymous_6)
FNDA:0,(anonymous_7)
FNDA:0,(anonymous_8)
FNDA:0,(anonymous_9)
FNDA:0,(anonymous_10)
FNDA:0,(anonymous_11)
FNDA:0,(anonymous_12)
FNDA:0,(anonymous_13)
FNDA:0,(anonymous_14)
FNDA:0,(anonymous_15)
FNDA:0,(anonymous_16)
FNDA:0,(anonymous_17)
FNDA:0,(anonymous_18)
DA:102,0
DA:104,0
DA:112,0
DA:120,0
DA:121,0
DA:128,0
DA:134,0
DA:135,0
DA:147,0
DA:149,0
DA:157,0
DA:158,0
DA:159,0
DA:161,0
DA:162,0
DA:169,0
DA:170,0
DA:172,0
DA:179,0
DA:182,0
DA:183,0
DA:184,0
DA:185,0
DA:187,0
DA:192,0
DA:193,0
DA:195,0
DA:260,0
DA:261,0
DA:262,0
DA:263,0
DA:264,0
DA:272,0
DA:273,0
DA:274,0
DA:276,0
DA:278,0
DA:280,0
DA:285,0
DA:286,0
DA:287,0
DA:288,0
DA:290,0
DA:323,0
DA:327,0
DA:328,0
DA:330,0
DA:347,0
DA:365,0
DA:377,0
DA:386,0
DA:397,0
DA:404,0
DA:408,0
DA:423,0
DA:424,0
DA:430,0
DA:451,0
DA:485,0
DA:488,0
DA:491,0
DA:503,0
LF:62
LH:0
BRDA:113,0,0,0
BRDA:114,1,0,0
BRDA:115,2,0,0
BRDA:116,3,0,0
BRDA:117,4,0,0
BRDA:148,5,0,0
BRDA:148,5,1,0
BRDA:149,6,0,0
BRDA:149,6,1,0
BRDA:158,7,0,0
BRDA:161,8,0,0
BRDA:161,8,1,0
BRDA:170,9,0,0
BRDA:170,9,1,0
BRDA:170,9,2,0
BRDA:170,9,3,0
BRDA:182,10,0,0
BRDA:182,10,1,0
BRDA:184,11,0,0
BRDA:193,12,0,0
BRDA:200,13,0,0
BRDA:200,13,1,0
BRDA:202,14,0,0
BRDA:202,14,1,0
BRDA:220,15,0,0
BRDA:220,15,1,0
BRDA:262,16,0,0
BRDA:263,17,0,0
BRDA:263,17,1,0
BRDA:288,18,0,0
BRDA:288,18,1,0
BRDA:296,19,0,0
BRDA:296,19,1,0
BRDA:306,20,0,0
BRDA:306,20,1,0
BRDA:314,21,0,0
BRDA:314,21,1,0
BRDA:325,22,0,0
BRDA:328,23,0,0
BRDA:328,23,1,0
BRDA:328,23,2,0
BRDA:328,23,3,0
BRDA:328,23,4,0
BRDA:328,23,5,0
BRDA:333,24,0,0
BRDA:333,24,1,0
BRDA:339,25,0,0
BRDA:339,25,1,0
BRDA:340,26,0,0
BRDA:340,26,1,0
BRDA:350,27,0,0
BRDA:350,27,1,0
BRDA:356,28,0,0
BRDA:356,28,1,0
BRDA:357,29,0,0
BRDA:357,29,1,0
BRDA:358,30,0,0
BRDA:358,30,1,0
BRDA:368,31,0,0
BRDA:368,31,1,0
BRDA:372,32,0,0
BRDA:372,32,1,0
BRDA:372,33,0,0
BRDA:372,33,1,0
BRDA:442,34,0,0
BRDA:442,34,1,0
BRDA:458,35,0,0
BRDA:458,35,1,0
BRDA:472,36,0,0
BRDA:472,36,1,0
BRDA:476,37,0,0
BRDA:476,37,1,0
BRDA:524,38,0,0
BRDA:524,38,1,0
BRDA:534,39,0,0
BRDA:534,39,1,0
BRDA:547,40,0,0
BRDA:547,40,1,0
BRDA:557,41,0,0
BRDA:557,41,1,0
BRDA:570,42,0,0
BRDA:570,42,1,0
BRDA:579,43,0,0
BRDA:579,43,1,0
BRDA:604,44,0,0
BRDA:604,44,1,0
BRDA:614,45,0,0
BRDA:614,45,1,0
BRDA:630,46,0,0
BRDA:630,46,1,0
BRDA:640,47,0,0
BRDA:640,47,1,0
BRDA:656,48,0,0
BRDA:656,48,1,0
BRDA:663,49,0,0
BRDA:663,49,1,0
BRF:96
BRH:0
end_of_record
TN:
SF:src/components/analytics/predictive-insights.tsx
FN:165,(anonymous_0)
FN:191,(anonymous_1)
FN:353,(anonymous_2)
FN:358,(anonymous_3)
FN:361,(anonymous_4)
FN:365,(anonymous_5)
FN:369,(anonymous_6)
FN:379,(anonymous_7)
FN:387,(anonymous_8)
FN:418,(anonymous_9)
FN:431,(anonymous_10)
FN:444,(anonymous_11)
FN:459,(anonymous_12)
FN:500,(anonymous_13)
FN:546,(anonymous_14)
FN:561,(anonymous_15)
FN:623,(anonymous_16)
FN:623,(anonymous_17)
FN:665,(anonymous_18)
FN:677,(anonymous_19)
FN:698,(anonymous_20)
FN:724,(anonymous_21)
FN:733,(anonymous_22)
FNF:23
FNH:0
FNDA:0,(anonymous_0)
FNDA:0,(anonymous_1)
FNDA:0,(anonymous_2)
FNDA:0,(anonymous_3)
FNDA:0,(anonymous_4)
FNDA:0,(anonymous_5)
FNDA:0,(anonymous_6)
FNDA:0,(anonymous_7)
FNDA:0,(anonymous_8)
FNDA:0,(anonymous_9)
FNDA:0,(anonymous_10)
FNDA:0,(anonymous_11)
FNDA:0,(anonymous_12)
FNDA:0,(anonymous_13)
FNDA:0,(anonymous_14)
FNDA:0,(anonymous_15)
FNDA:0,(anonymous_16)
FNDA:0,(anonymous_17)
FNDA:0,(anonymous_18)
FNDA:0,(anonymous_19)
FNDA:0,(anonymous_20)
FNDA:0,(anonymous_21)
FNDA:0,(anonymous_22)
DA:124,0
DA:151,0
DA:158,0
DA:165,0
DA:172,0
DA:173,0
DA:174,0
DA:175,0
DA:176,0
DA:177,0
DA:178,0
DA:181,0
DA:191,0
DA:192,0
DA:194,0
DA:196,0
DA:209,0
DA:222,0
DA:252,0
DA:275,0
DA:316,0
DA:340,0
DA:346,0
DA:348,0
DA:353,0
DA:354,0
DA:358,0
DA:359,0
DA:361,0
DA:362,0
DA:365,0
DA:369,0
DA:370,0
DA:371,0
DA:372,0
DA:373,0
DA:375,0
DA:379,0
DA:380,0
DA:382,0
DA:387,0
DA:419,0
DA:432,0
DA:445,0
DA:459,0
DA:460,0
DA:500,0
DA:501,0
DA:502,0
DA:504,0
DA:547,0
DA:561,0
DA:562,0
DA:568,0
DA:605,0
DA:623,0
DA:624,0
DA:666,0
DA:678,0
DA:699,0
DA:725,0
DA:734,0
LF:62
LH:0
BRDA:166,0,0,0
BRDA:167,1,0,0
BRDA:168,2,0,0
BRDA:169,3,0,0
BRDA:359,4,0,0
BRDA:372,5,0,0
BRDA:372,5,1,0
BRDA:373,6,0,0
BRDA:399,7,0,0
BRDA:399,7,1,0
BRDA:400,8,0,0
BRDA:400,8,1,0
BRDA:402,9,0,0
BRDA:402,9,1,0
BRDA:405,10,0,0
BRDA:405,10,1,0
BRDA:533,11,0,0
BRDA:533,11,1,0
BRDA:648,12,0,0
BRDA:648,12,1,0
BRDA:702,13,0,0
BRDA:702,13,1,0
BRF:22
BRH:0
end_of_record
TN:
SF:src/components/chat/chat-interface.tsx
FN:18,ChatInterface
FN:38,(anonymous_1)
FN:57,(anonymous_2)
FN:64,(anonymous_3)
FN:78,(anonymous_4)
FN:84,(anonymous_5)
FN:93,(anonymous_6)
FN:121,(anonymous_7)
FN:163,(anonymous_8)
FN:174,(anonymous_9)
FNF:10
FNH:0
FNDA:0,ChatInterface
FNDA:0,(anonymous_1)
FNDA:0,(anonymous_2)
FNDA:0,(anonymous_3)
FNDA:0,(anonymous_4)
FNDA:0,(anonymous_5)
FNDA:0,(anonymous_6)
FNDA:0,(anonymous_7)
FNDA:0,(anonymous_8)
FNDA:0,(anonymous_9)
DA:19,0
DA:20,0
DA:22,0
DA:24,0
DA:25,0
DA:26,0
DA:35,0
DA:38,0
DA:39,0
DA:41,0
DA:57,0
DA:58,0
DA:59,0
DA:64,0
DA:65,0
DA:67,0
DA:69,0
DA:70,0
DA:72,0
DA:73,0
DA:78,0
DA:79,0
DA:80,0
DA:84,0
DA:85,0
DA:86,0
DA:87,0
DA:92,0
DA:93,0
DA:94,0
DA:95,0
DA:97,0
DA:98,0
DA:101,0
DA:105,0
DA:108,0
DA:109,0
DA:117,0
DA:118,0
DA:121,0
DA:129,0
DA:130,0
DA:159,0
DA:164,0
DA:175,0
DA:176,0
DA:178,0
LF:47
LH:0
BRDA:20,0,0,0
BRDA:20,0,1,0
BRDA:35,1,0,0
BRDA:35,1,1,0
BRDA:39,2,0,0
BRDA:58,3,0,0
BRDA:65,4,0,0
BRDA:65,5,0,0
BRDA:65,5,1,0
BRDA:65,5,2,0
BRDA:85,6,0,0
BRDA:85,7,0,0
BRDA:85,7,1,0
BRDA:94,8,0,0
BRDA:94,8,1,0
BRDA:94,8,2,0
BRDA:97,9,0,0
BRDA:105,10,0,0
BRDA:105,10,1,0
BRDA:108,11,0,0
BRDA:117,12,0,0
BRDA:129,13,0,0
BRDA:136,14,0,0
BRDA:136,14,1,0
BRDA:175,15,0,0
BRDA:175,15,1,0
BRDA:176,16,0,0
BRDA:176,16,1,0
BRDA:176,16,2,0
BRDA:181,17,0,0
BRDA:181,17,1,0
BRDA:183,18,0,0
BRDA:183,18,1,0
BRDA:186,19,0,0
BRDA:186,19,1,0
BRDA:194,20,0,0
BRDA:194,20,1,0
BRDA:204,21,0,0
BRDA:204,21,1,0
BRDA:211,22,0,0
BRDA:211,22,1,0
BRDA:214,23,0,0
BRDA:214,23,1,0
BRDA:225,24,0,0
BRDA:225,24,1,0
BRDA:229,25,0,0
BRDA:229,25,1,0
BRDA:241,26,0,0
BRDA:241,26,1,0
BRF:49
BRH:0
end_of_record
TN:
SF:src/components/dashboard/dashboard-stats.tsx
FN:11,(anonymous_0)
FN:18,(anonymous_1)
FN:19,(anonymous_2)
FN:23,(anonymous_3)
FN:28,(anonymous_4)
FN:35,(anonymous_5)
FNF:6
FNH:0
FNDA:0,(anonymous_0)
FNDA:0,(anonymous_1)
FNDA:0,(anonymous_2)
FNDA:0,(anonymous_3)
FNDA:0,(anonymous_4)
FNDA:0,(anonymous_5)
DA:11,0
DA:15,0
DA:18,0
DA:19,0
DA:23,0
DA:24,0
DA:25,0
DA:28,0
DA:29,0
DA:35,0
DA:36,0
DA:37,0
DA:40,0
DA:44,0
LF:14
LH:0
BRDA:19,0,0,0
BRDA:19,0,1,0
BRDA:24,1,0,0
BRDA:24,1,1,0
BRDA:29,2,0,0
BRDA:29,2,1,0
BRDA:29,2,2,0
BRDA:36,3,0,0
BRDA:36,3,1,0
BRDA:40,4,0,0
BRDA:40,4,1,0
BRDA:52,5,0,0
BRDA:52,5,1,0
BRDA:71,6,0,0
BRDA:71,6,1,0
BRDA:93,7,0,0
BRDA:93,7,1,0
BRDA:95,8,0,0
BRDA:95,8,1,0
BRDA:95,8,2,0
BRDA:100,9,0,0
BRDA:100,9,1,0
BRDA:100,9,2,0
BRDA:102,10,0,0
BRDA:102,10,1,0
BRDA:121,11,0,0
BRDA:121,11,1,0
BRF:27
BRH:0
end_of_record
TN:
SF:src/components/dashboard/messages-section.tsx
FN:11,(anonymous_0)
FN:63,(anonymous_1)
FNF:2
FNH:0
FNDA:0,(anonymous_0)
FNDA:0,(anonymous_1)
DA:11,0
DA:13,0
DA:17,0
DA:51,0
DA:64,0
LF:5
LH:0
BRDA:21,0,0,0
BRDA:21,0,1,0
BRDA:22,1,0,0
BRDA:22,1,1,0
BRDA:23,2,0,0
BRDA:23,2,1,0
BRDA:27,3,0,0
BRDA:27,3,1,0
BRDA:36,4,0,0
BRDA:36,4,1,0
BRDA:37,5,0,0
BRDA:37,5,1,0
BRDA:38,6,0,0
BRDA:38,6,1,0
BRDA:41,7,0,0
BRDA:41,7,1,0
BRDA:42,8,0,0
BRDA:42,8,1,0
BRDA:57,9,0,0
BRDA:57,9,1,0
BRDA:80,10,0,0
BRDA:80,10,1,0
BRDA:92,11,0,0
BRDA:92,11,1,0
BRDA:96,12,0,0
BRDA:96,12,1,0
BRF:26
BRH:0
end_of_record
TN:
SF:src/components/dashboard/profile-section.tsx
FN:15,(anonymous_0)
FN:21,(anonymous_1)
FN:28,(anonymous_2)
FN:41,(anonymous_3)
FN:57,(anonymous_4)
FN:72,(anonymous_5)
FN:173,(anonymous_6)
FNF:7
FNH:0
FNDA:0,(anonymous_0)
FNDA:0,(anonymous_1)
FNDA:0,(anonymous_2)
FNDA:0,(anonymous_3)
FNDA:0,(anonymous_4)
FNDA:0,(anonymous_5)
FNDA:0,(anonymous_6)
DA:15,0
DA:16,0
DA:17,0
DA:21,0
DA:24,0
DA:28,0
DA:31,0
DA:32,0
DA:41,0
DA:42,0
DA:43,0
DA:46,0
DA:47,0
DA:52,0
DA:57,0
DA:58,0
DA:64,0
DA:67,0
DA:72,0
DA:74,0
DA:76,0
DA:77,0
DA:80,0
DA:83,0
DA:84,0
DA:85,0
DA:86,0
DA:88,0
DA:174,0
LF:29
LH:0
BRDA:24,0,0,0
BRDA:24,0,1,0
BRDA:31,1,0,0
BRDA:31,1,1,0
BRDA:34,2,0,0
BRDA:34,2,1,0
BRDA:35,3,0,0
BRDA:35,3,1,0
BRDA:42,4,0,0
BRDA:46,5,0,0
BRDA:58,6,0,0
BRDA:76,7,0,0
BRDA:99,8,0,0
BRDA:99,8,1,0
BRDA:107,9,0,0
BRDA:107,9,1,0
BRDA:107,10,0,0
BRDA:107,10,1,0
BRDA:111,11,0,0
BRDA:111,11,1,0
BRDA:128,12,0,0
BRDA:128,12,1,0
BRDA:157,13,0,0
BRDA:157,13,1,0
BRDA:164,14,0,0
BRDA:164,14,1,0
BRDA:169,15,0,0
BRDA:169,15,1,0
BRDA:169,15,2,0
BRDA:192,16,0,0
BRDA:192,16,1,0
BRDA:192,17,0,0
BRDA:192,17,1,0
BRDA:202,18,0,0
BRDA:202,18,1,0
BRDA:208,19,0,0
BRDA:208,19,1,0
BRDA:220,20,0,0
BRDA:220,20,1,0
BRF:39
BRH:0
end_of_record
TN:
SF:src/components/dashboard/quick-links.tsx
FN:11,(anonymous_0)
FN:17,(anonymous_1)
FNF:2
FNH:0
FNDA:0,(anonymous_0)
FNDA:0,(anonymous_1)
DA:11,0
DA:13,0
DA:17,0
DA:18,0
DA:19,0
DA:25,0
DA:34,0
DA:36,0
LF:8
LH:0
BRDA:18,0,0,0
BRDA:18,0,1,0
BRF:2
BRH:0
end_of_record
TN:
SF:src/components/dashboard/recent-activity.tsx
FN:24,(anonymous_0)
FN:29,(anonymous_1)
FN:75,(anonymous_2)
FN:104,(anonymous_3)
FNF:4
FNH:0
FNDA:0,(anonymous_0)
FNDA:0,(anonymous_1)
FNDA:0,(anonymous_2)
FNDA:0,(anonymous_3)
DA:24,0
DA:25,0
DA:29,0
DA:30,0
DA:75,0
DA:76,0
DA:80,0
DA:82,0
DA:84,0
DA:86,0
DA:89,0
DA:94,0
DA:96,0
DA:105,0
LF:14
LH:0
BRDA:35,0,0,0
BRDA:35,0,1,0
BRDA:48,1,0,0
BRDA:48,1,1,0
BRDA:61,2,0,0
BRDA:61,2,1,0
BRDA:80,3,0,0
BRDA:80,3,1,0
BRDA:80,3,2,0
BRDA:80,3,3,0
BRDA:121,4,0,0
BRDA:121,4,1,0
BRDA:125,5,0,0
BRDA:125,5,1,0
BRF:14
BRH:0
end_of_record
TN:
SF:src/components/dashboard/tasks-and-bids-list.tsx
FN:69,(anonymous_0)
FN:76,(anonymous_1)
FN:100,(anonymous_2)
FN:108,(anonymous_3)
FN:149,(anonymous_4)
FN:166,(anonymous_5)
FN:192,(anonymous_6)
FN:195,(anonymous_7)
FN:210,(anonymous_8)
FN:248,(anonymous_9)
FN:253,(anonymous_10)
FNF:11
FNH:0
FNDA:0,(anonymous_0)
FNDA:0,(anonymous_1)
FNDA:0,(anonymous_2)
FNDA:0,(anonymous_3)
FNDA:0,(anonymous_4)
FNDA:0,(anonymous_5)
FNDA:0,(anonymous_6)
FNDA:0,(anonymous_7)
FNDA:0,(anonymous_8)
FNDA:0,(anonymous_9)
FNDA:0,(anonymous_10)
DA:69,0
DA:71,0
DA:72,0
DA:76,0
DA:79,0
DA:83,0
DA:87,0
DA:89,0
DA:100,0
DA:101,0
DA:102,0
DA:103,0
DA:108,0
DA:111,0
DA:112,0
DA:115,0
DA:116,0
DA:120,0
DA:122,0
DA:133,0
DA:134,0
DA:144,0
DA:149,0
DA:152,0
DA:153,0
DA:154,0
DA:156,0
DA:166,0
DA:167,0
DA:169,0
DA:175,0
DA:182,0
DA:192,0
DA:195,0
DA:196,0
DA:199,0
DA:210,0
DA:212,0
DA:213,0
DA:216,0
DA:217,0
DA:228,0
DA:230,0
DA:252,0
DA:253,0
DA:256,0
DA:258,0
LF:47
LH:0
BRDA:83,0,0,0
BRDA:83,0,1,0
BRDA:101,1,0,0
BRDA:102,2,0,0
BRDA:111,3,0,0
BRDA:111,3,1,0
BRDA:133,4,0,0
BRDA:152,5,0,0
BRDA:152,5,1,0
BRDA:167,6,0,0
BRDA:167,6,1,0
BRDA:167,6,2,0
BRDA:167,6,3,0
BRDA:196,7,0,0
BRDA:196,7,1,0
BRDA:212,8,0,0
BRDA:234,9,0,0
BRDA:234,9,1,0
BRDA:235,10,0,0
BRDA:235,10,1,0
BRDA:246,11,0,0
BRDA:246,11,1,0
BRDA:252,12,0,0
BRDA:252,12,1,0
BRDA:253,13,0,0
BRDA:253,13,1,0
BRDA:300,14,0,0
BRDA:300,14,1,0
BRDA:311,15,0,0
BRDA:311,15,1,0
BRDA:317,16,0,0
BRDA:317,16,1,0
BRDA:318,17,0,0
BRDA:318,17,1,0
BRF:34
BRH:0
end_of_record
TN:
SF:src/components/dev/performance-monitor.tsx
FN:22,(anonymous_0)
FN:46,(anonymous_1)
FN:54,(anonymous_2)
FN:67,(anonymous_3)
FN:101,(anonymous_4)
FN:165,(anonymous_5)
FN:226,(anonymous_6)
FN:242,(anonymous_7)
FN:267,(anonymous_8)
FNF:9
FNH:0
FNDA:0,(anonymous_0)
FNDA:0,(anonymous_1)
FNDA:0,(anonymous_2)
FNDA:0,(anonymous_3)
FNDA:0,(anonymous_4)
FNDA:0,(anonymous_5)
FNDA:0,(anonymous_6)
FNDA:0,(anonymous_7)
FNDA:0,(anonymous_8)
DA:22,0
DA:27,0
DA:28,0
DA:30,0
DA:36,0
DA:37,0
DA:39,0
DA:46,0
DA:47,0
DA:48,0
DA:49,0
DA:50,0
DA:51,0
DA:54,0
DA:55,0
DA:56,0
DA:57,0
DA:60,0
DA:61,0
DA:63,0
DA:64,0
DA:67,0
DA:84,0
DA:101,0
DA:165,0
DA:227,0
DA:243,0
DA:266,0
DA:267,0
LF:29
LH:0
BRDA:23,0,0,0
BRDA:24,1,0,0
BRDA:25,2,0,0
BRDA:47,3,0,0
BRDA:55,4,0,0
BRDA:56,5,0,0
BRDA:63,6,0,0
BRDA:74,7,0,0
BRDA:74,7,1,0
BRDA:74,7,2,0
BRDA:95,8,0,0
BRDA:95,8,1,0
BRDA:95,9,0,0
BRDA:95,9,1,0
BRDA:145,10,0,0
BRDA:145,10,1,0
BRDA:176,11,0,0
BRDA:176,11,1,0
BRDA:184,12,0,0
BRDA:184,12,1,0
BRDA:188,13,0,0
BRDA:188,13,1,0
BRDA:193,14,0,0
BRDA:193,14,1,0
BRDA:193,15,0,0
BRDA:193,15,1,0
BRDA:204,16,0,0
BRDA:204,16,1,0
BRDA:205,17,0,0
BRDA:205,17,1,0
BRDA:209,18,0,0
BRDA:209,18,1,0
BRDA:209,19,0,0
BRDA:209,19,1,0
BRDA:224,20,0,0
BRDA:224,20,1,0
BRDA:238,21,0,0
BRDA:238,21,1,0
BRDA:248,22,0,0
BRDA:248,22,1,0
BRDA:266,23,0,0
BRDA:266,23,1,0
BRF:42
BRH:0
end_of_record
TN:
SF:src/components/enhanced/breadcrumb-navigation.tsx
FN:29,(anonymous_0)
FN:40,(anonymous_1)
FN:57,(anonymous_2)
FN:75,(anonymous_3)
FN:92,(anonymous_4)
FN:124,(anonymous_5)
FN:172,formatSegmentLabel
FN:233,isUUID
FN:239,formatString
FN:242,(anonymous_9)
FN:252,(anonymous_10)
FN:270,(anonymous_11)
FN:294,(anonymous_12)
FN:319,(anonymous_13)
FNF:14
FNH:0
FNDA:0,(anonymous_0)
FNDA:0,(anonymous_1)
FNDA:0,(anonymous_2)
FNDA:0,(anonymous_3)
FNDA:0,(anonymous_4)
FNDA:0,(anonymous_5)
FNDA:0,formatSegmentLabel
FNDA:0,isUUID
FNDA:0,formatString
FNDA:0,(anonymous_9)
FNDA:0,(anonymous_10)
FNDA:0,(anonymous_11)
FNDA:0,(anonymous_12)
FNDA:0,(anonymous_13)
DA:29,0
DA:37,0
DA:40,0
DA:41,0
DA:42,0
DA:45,0
DA:46,0
DA:49,0
DA:56,0
DA:57,0
DA:58,0
DA:59,0
DA:62,0
DA:64,0
DA:71,0
DA:75,0
DA:76,0
DA:77,0
DA:80,0
DA:81,0
DA:82,0
DA:88,0
DA:92,0
DA:93,0
DA:94,0
DA:96,0
DA:100,0
DA:101,0
DA:104,0
DA:125,0
DA:126,0
DA:128,0
DA:174,0
DA:200,0
DA:201,0
DA:205,0
DA:207,0
DA:208,0
DA:209,0
DA:210,0
DA:211,0
DA:212,0
DA:214,0
DA:219,0
DA:220,0
DA:221,0
DA:222,0
DA:229,0
DA:234,0
DA:235,0
DA:240,0
DA:242,0
DA:252,0
DA:257,0
DA:264,0
DA:270,0
DA:274,0
DA:288,0
DA:294,0
DA:298,0
DA:312,0
DA:319,0
DA:324,0
DA:338,0
LF:64
LH:0
BRDA:31,0,0,0
BRDA:32,1,0,0
BRDA:33,2,0,0
BRDA:34,3,0,0
BRDA:41,4,0,0
BRDA:52,5,0,0
BRDA:52,5,1,0
BRDA:66,6,0,0
BRDA:66,6,1,0
BRDA:76,7,0,0
BRDA:93,8,0,0
BRDA:93,8,1,0
BRDA:100,9,0,0
BRDA:110,10,0,0
BRDA:110,10,1,0
BRDA:126,11,0,0
BRDA:126,11,1,0
BRDA:131,12,0,0
BRDA:131,12,1,0
BRDA:136,13,0,0
BRDA:136,13,1,0
BRDA:138,14,0,0
BRDA:138,14,1,0
BRDA:138,15,0,0
BRDA:138,15,1,0
BRDA:143,16,0,0
BRDA:143,16,1,0
BRDA:151,17,0,0
BRDA:151,17,1,0
BRDA:155,18,0,0
BRDA:155,18,1,0
BRDA:157,19,0,0
BRDA:157,19,1,0
BRDA:200,20,0,0
BRDA:205,21,0,0
BRDA:207,22,0,0
BRDA:207,22,1,0
BRDA:209,23,0,0
BRDA:209,23,1,0
BRDA:211,24,0,0
BRDA:211,24,1,0
BRDA:221,25,0,0
BRDA:260,26,0,0
BRDA:260,26,1,0
BRDA:261,27,0,0
BRDA:261,27,1,0
BRDA:277,28,0,0
BRDA:277,28,1,0
BRDA:279,29,0,0
BRDA:279,29,1,0
BRDA:282,30,0,0
BRDA:282,30,1,0
BRDA:301,31,0,0
BRDA:301,31,1,0
BRDA:303,32,0,0
BRDA:303,32,1,0
BRDA:306,33,0,0
BRDA:306,33,1,0
BRDA:328,34,0,0
BRDA:328,34,1,0
BRDA:329,35,0,0
BRDA:329,35,1,0
BRDA:332,36,0,0
BRDA:332,36,1,0
BRF:64
BRH:0
end_of_record
TN:
SF:src/components/enhanced/enhanced-task-card.tsx
FN:96,(anonymous_0)
FN:123,(anonymous_1)
FN:135,(anonymous_2)
FN:147,(anonymous_3)
FN:159,(anonymous_4)
FN:194,(anonymous_5)
FN:212,(anonymous_6)
FN:260,(anonymous_7)
FN:279,(anonymous_8)
FN:293,(anonymous_9)
FN:301,(anonymous_10)
FNF:11
FNH:0
FNDA:0,(anonymous_0)
FNDA:0,(anonymous_1)
FNDA:0,(anonymous_2)
FNDA:0,(anonymous_3)
FNDA:0,(anonymous_4)
FNDA:0,(anonymous_5)
FNDA:0,(anonymous_6)
FNDA:0,(anonymous_7)
FNDA:0,(anonymous_8)
FNDA:0,(anonymous_9)
FNDA:0,(anonymous_10)
DA:96,0
DA:111,0
DA:114,0
DA:115,0
DA:118,0
DA:123,0
DA:124,0
DA:131,0
DA:135,0
DA:136,0
DA:138,0
DA:139,0
DA:140,0
DA:143,0
DA:147,0
DA:149,0
DA:150,0
DA:153,0
DA:154,0
DA:159,0
DA:160,0
DA:194,0
DA:195,0
DA:212,0
DA:213,0
DA:215,0
DA:260,0
DA:261,0
DA:263,0
DA:264,0
DA:266,0
DA:279,0
DA:280,0
DA:282,0
DA:293,0
DA:294,0
DA:296,0
DA:297,0
DA:299,0
DA:302,0
DA:316,0
DA:317,0
DA:359,0
DA:360,0
DA:434,0
LF:45
LH:0
BRDA:98,0,0,0
BRDA:99,1,0,0
BRDA:100,2,0,0
BRDA:101,3,0,0
BRDA:102,4,0,0
BRDA:103,5,0,0
BRDA:104,6,0,0
BRDA:115,7,0,0
BRDA:115,7,1,0
BRDA:118,8,0,0
BRDA:118,8,1,0
BRDA:131,9,0,0
BRDA:131,9,1,0
BRDA:136,10,0,0
BRDA:138,11,0,0
BRDA:138,11,1,0
BRDA:139,12,0,0
BRDA:149,13,0,0
BRDA:153,14,0,0
BRDA:161,15,0,0
BRDA:161,15,1,0
BRDA:167,16,0,0
BRDA:167,16,1,0
BRDA:173,17,0,0
BRDA:173,17,1,0
BRDA:178,18,0,0
BRDA:178,18,1,0
BRDA:178,18,2,0
BRDA:184,19,0,0
BRDA:184,19,1,0
BRDA:198,20,0,0
BRDA:198,20,1,0
BRDA:202,21,0,0
BRDA:202,21,1,0
BRDA:213,22,0,0
BRDA:223,23,0,0
BRDA:223,23,1,0
BRDA:231,24,0,0
BRDA:231,24,1,0
BRDA:234,25,0,0
BRDA:234,25,1,0
BRDA:251,26,0,0
BRDA:251,26,1,0
BRDA:261,27,0,0
BRDA:264,28,0,0
BRDA:264,28,1,0
BRDA:268,29,0,0
BRDA:268,29,1,0
BRDA:268,30,0,0
BRDA:268,30,1,0
BRDA:272,31,0,0
BRDA:272,31,1,0
BRDA:280,32,0,0
BRDA:280,33,0,0
BRDA:280,33,1,0
BRDA:286,34,0,0
BRDA:286,34,1,0
BRDA:294,35,0,0
BRDA:294,36,0,0
BRDA:294,36,1,0
BRDA:306,37,0,0
BRDA:306,37,1,0
BRDA:316,38,0,0
BRDA:337,39,0,0
BRDA:337,39,1,0
BRDA:359,40,0,0
BRDA:362,41,0,0
BRDA:362,41,1,0
BRDA:362,41,2,0
BRDA:362,41,3,0
BRDA:393,42,0,0
BRDA:393,42,1,0
BRDA:412,43,0,0
BRDA:412,43,1,0
BRDA:436,44,0,0
BRDA:436,44,1,0
BRDA:436,44,2,0
BRDA:436,44,3,0
BRDA:443,45,0,0
BRDA:443,45,1,0
BRDA:443,45,2,0
BRDA:445,46,0,0
BRDA:445,46,1,0
BRDA:451,47,0,0
BRDA:451,47,1,0
BRDA:481,48,0,0
BRDA:481,48,1,0
BRDA:489,49,0,0
BRDA:489,49,1,0
BRDA:507,50,0,0
BRDA:507,50,1,0
BRF:91
BRH:0
end_of_record
TN:
SF:src/components/enhanced/infinite-scroll.tsx
FN:63,(anonymous_0)
FN:96,(anonymous_1)
FN:117,(anonymous_2)
FN:124,(anonymous_3)
FN:136,(anonymous_4)
FN:137,(anonymous_5)
FN:143,(anonymous_6)
FN:144,(anonymous_7)
FN:147,(anonymous_8)
FN:153,(anonymous_9)
FN:160,(anonymous_10)
FN:168,(anonymous_11)
FN:175,(anonymous_12)
FN:192,(anonymous_13)
FN:224,(anonymous_14)
FN:238,(anonymous_15)
FN:254,(anonymous_16)
FN:281,(anonymous_17)
FN:282,(anonymous_18)
FN:293,(anonymous_19)
FNF:20
FNH:0
FNDA:0,(anonymous_0)
FNDA:0,(anonymous_1)
FNDA:0,(anonymous_2)
FNDA:0,(anonymous_3)
FNDA:0,(anonymous_4)
FNDA:0,(anonymous_5)
FNDA:0,(anonymous_6)
FNDA:0,(anonymous_7)
FNDA:0,(anonymous_8)
FNDA:0,(anonymous_9)
FNDA:0,(anonymous_10)
FNDA:0,(anonymous_11)
FNDA:0,(anonymous_12)
FNDA:0,(anonymous_13)
FNDA:0,(anonymous_14)
FNDA:0,(anonymous_15)
FNDA:0,(anonymous_16)
FNDA:0,(anonymous_17)
FNDA:0,(anonymous_18)
FNDA:0,(anonymous_19)
DA:63,0
DA:90,0
DA:91,0
DA:92,0
DA:93,0
DA:96,0
DA:97,0
DA:98,0
DA:99,0
DA:102,0
DA:104,0
DA:105,0
DA:110,0
DA:117,0
DA:118,0
DA:119,0
DA:124,0
DA:125,0
DA:127,0
DA:128,0
DA:129,0
DA:134,0
DA:136,0
DA:137,0
DA:143,0
DA:144,0
DA:145,0
DA:147,0
DA:148,0
DA:153,0
DA:154,0
DA:155,0
DA:160,0
DA:161,0
DA:162,0
DA:163,0
DA:168,0
DA:169,0
DA:170,0
DA:175,0
DA:176,0
DA:177,0
DA:180,0
DA:192,0
DA:193,0
DA:194,0
DA:197,0
DA:224,0
DA:225,0
DA:226,0
DA:229,0
DA:238,0
DA:239,0
DA:241,0
DA:255,0
DA:256,0
DA:258,0
DA:281,0
DA:282,0
DA:283,0
DA:290,0
DA:291,0
DA:294,0
DA:301,0
DA:302,0
DA:310,0
DA:311,0
DA:318,0
LF:68
LH:0
BRDA:75,0,0,0
BRDA:76,1,0,0
BRDA:77,2,0,0
BRDA:78,3,0,0
BRDA:79,4,0,0
BRDA:80,5,0,0
BRDA:81,6,0,0
BRDA:82,7,0,0
BRDA:83,8,0,0
BRDA:84,9,0,0
BRDA:86,10,0,0
BRDA:87,11,0,0
BRDA:88,12,0,0
BRDA:98,13,0,0
BRDA:104,14,0,0
BRDA:104,15,0,0
BRDA:104,15,1,0
BRDA:104,15,2,0
BRDA:113,16,0,0
BRDA:113,16,1,0
BRDA:113,16,2,0
BRDA:113,16,3,0
BRDA:118,17,0,0
BRDA:118,18,0,0
BRDA:118,18,1,0
BRDA:125,19,0,0
BRDA:125,20,0,0
BRDA:125,20,1,0
BRDA:125,20,2,0
BRDA:125,20,3,0
BRDA:128,21,0,0
BRDA:148,22,0,0
BRDA:148,22,1,0
BRDA:154,23,0,0
BRDA:154,24,0,0
BRDA:154,24,1,0
BRDA:154,24,2,0
BRDA:161,25,0,0
BRDA:161,26,0,0
BRDA:161,26,1,0
BRDA:169,27,0,0
BRDA:169,28,0,0
BRDA:169,28,1,0
BRDA:176,29,0,0
BRDA:193,30,0,0
BRDA:193,31,0,0
BRDA:193,31,1,0
BRDA:204,32,0,0
BRDA:204,32,1,0
BRDA:211,33,0,0
BRDA:211,33,1,0
BRDA:212,34,0,0
BRDA:212,34,1,0
BRDA:214,35,0,0
BRDA:214,35,1,0
BRDA:225,36,0,0
BRDA:256,37,0,0
BRDA:290,38,0,0
BRDA:290,39,0,0
BRDA:290,39,1,0
BRDA:301,40,0,0
BRDA:301,41,0,0
BRDA:301,41,1,0
BRDA:310,42,0,0
BRDA:310,43,0,0
BRDA:310,43,1,0
BRDA:325,44,0,0
BRDA:325,44,1,0
BRDA:326,45,0,0
BRDA:326,45,1,0
BRDA:330,46,0,0
BRDA:330,46,1,0
BRDA:330,46,2,0
BRDA:333,47,0,0
BRDA:333,47,1,0
BRDA:333,47,2,0
BRDA:344,48,0,0
BRDA:344,48,1,0
BRDA:345,49,0,0
BRDA:345,49,1,0
BRDA:352,50,0,0
BRDA:352,50,1,0
BRDA:352,50,2,0
BRDA:352,50,3,0
BRDA:360,51,0,0
BRDA:360,51,1,0
BRDA:373,52,0,0
BRDA:373,52,1,0
BRDA:373,52,2,0
BRDA:373,52,3,0
BRDA:382,53,0,0
BRDA:382,53,1,0
BRDA:382,53,2,0
BRDA:390,54,0,0
BRDA:390,54,1,0
BRF:95
BRH:0
end_of_record
TN:
SF:src/components/enhanced/mobile-navigation.tsx
FN:137,(anonymous_0)
FN:157,(anonymous_1)
FN:163,(anonymous_2)
FN:164,(anonymous_3)
FN:179,(anonymous_4)
FN:183,(anonymous_5)
FN:188,(anonymous_6)
FN:196,(anonymous_7)
FN:207,(anonymous_8)
FN:216,(anonymous_9)
FN:221,(anonymous_10)
FN:228,(anonymous_11)
FN:269,(anonymous_12)
FN:286,(anonymous_13)
FN:317,(anonymous_14)
FN:329,(anonymous_15)
FN:347,(anonymous_16)
FN:367,(anonymous_17)
FN:411,(anonymous_18)
FN:473,(anonymous_19)
FN:483,(anonymous_20)
FN:493,(anonymous_21)
FN:504,(anonymous_22)
FN:565,(anonymous_23)
FN:580,(anonymous_24)
FNF:25
FNH:0
FNDA:0,(anonymous_0)
FNDA:0,(anonymous_1)
FNDA:0,(anonymous_2)
FNDA:0,(anonymous_3)
FNDA:0,(anonymous_4)
FNDA:0,(anonymous_5)
FNDA:0,(anonymous_6)
FNDA:0,(anonymous_7)
FNDA:0,(anonymous_8)
FNDA:0,(anonymous_9)
FNDA:0,(anonymous_10)
FNDA:0,(anonymous_11)
FNDA:0,(anonymous_12)
FNDA:0,(anonymous_13)
FNDA:0,(anonymous_14)
FNDA:0,(anonymous_15)
FNDA:0,(anonymous_16)
FNDA:0,(anonymous_17)
FNDA:0,(anonymous_18)
FNDA:0,(anonymous_19)
FNDA:0,(anonymous_20)
FNDA:0,(anonymous_21)
FNDA:0,(anonymous_22)
FNDA:0,(anonymous_23)
FNDA:0,(anonymous_24)
DA:68,0
DA:110,0
DA:137,0
DA:142,0
DA:143,0
DA:144,0
DA:145,0
DA:146,0
DA:147,0
DA:149,0
DA:150,0
DA:152,0
DA:153,0
DA:154,0
DA:157,0
DA:158,0
DA:159,0
DA:163,0
DA:164,0
DA:165,0
DA:166,0
DA:167,0
DA:168,0
DA:169,0
DA:171,0
DA:172,0
DA:178,0
DA:179,0
DA:183,0
DA:184,0
DA:185,0
DA:188,0
DA:189,0
DA:190,0
DA:196,0
DA:197,0
DA:198,0
DA:201,0
DA:202,0
DA:207,0
DA:208,0
DA:209,0
DA:210,0
DA:211,0
DA:216,0
DA:217,0
DA:221,0
DA:222,0
DA:223,0
DA:224,0
DA:228,0
DA:229,0
DA:230,0
DA:232,0
DA:235,0
DA:270,0
DA:286,0
DA:317,0
DA:329,0
DA:347,0
DA:368,0
DA:369,0
DA:412,0
DA:474,0
DA:475,0
DA:484,0
DA:485,0
DA:494,0
DA:505,0
DA:506,0
DA:566,0
DA:581,0
DA:582,0
LF:73
LH:0
BRDA:138,0,0,0
BRDA:139,1,0,0
BRDA:165,2,0,0
BRDA:166,3,0,0
BRDA:166,3,1,0
BRDA:168,4,0,0
BRDA:171,5,0,0
BRDA:189,6,0,0
BRDA:201,7,0,0
BRDA:209,8,0,0
BRDA:222,9,0,0
BRDA:222,10,0,0
BRDA:222,10,1,0
BRDA:223,11,0,0
BRDA:223,12,0,0
BRDA:223,12,1,0
BRDA:229,13,0,0
BRDA:254,14,0,0
BRDA:254,14,1,0
BRDA:281,15,0,0
BRDA:281,15,1,0
BRDA:288,16,0,0
BRDA:288,16,1,0
BRDA:294,17,0,0
BRDA:294,17,1,0
BRDA:299,18,0,0
BRDA:299,18,1,0
BRDA:303,19,0,0
BRDA:303,19,1,0
BRDA:312,20,0,0
BRDA:312,20,1,0
BRDA:322,21,0,0
BRDA:322,21,1,0
BRDA:338,22,0,0
BRDA:338,22,1,0
BRDA:364,23,0,0
BRDA:364,23,1,0
BRDA:380,24,0,0
BRDA:380,24,1,0
BRDA:380,24,2,0
BRDA:385,25,0,0
BRDA:385,25,1,0
BRDA:394,26,0,0
BRDA:394,26,1,0
BRDA:395,27,0,0
BRDA:395,27,1,0
BRDA:417,28,0,0
BRDA:417,28,1,0
BRDA:428,29,0,0
BRDA:428,29,1,0
BRDA:440,30,0,0
BRDA:440,30,1,0
BRDA:440,30,2,0
BRDA:451,31,0,0
BRDA:451,31,1,0
BRDA:459,32,0,0
BRDA:459,32,1,0
BRDA:469,33,0,0
BRDA:469,33,1,0
BRDA:521,34,0,0
BRDA:521,34,1,0
BRDA:534,35,0,0
BRDA:534,35,1,0
BRDA:542,36,0,0
BRDA:542,36,1,0
BRDA:544,37,0,0
BRDA:544,37,1,0
BRDA:556,38,0,0
BRDA:556,38,1,0
BRF:69
BRH:0
end_of_record
TN:
SF:src/components/enhanced/quick-actions.tsx
FN:71,(anonymous_0)
FN:82,(anonymous_1)
FN:127,(anonymous_2)
FN:142,(anonymous_3)
FN:177,(anonymous_4)
FN:200,(anonymous_5)
FN:223,(anonymous_6)
FN:246,(anonymous_7)
FN:275,(anonymous_8)
FN:293,(anonymous_9)
FN:310,(anonymous_10)
FN:346,(anonymous_11)
FN:350,(anonymous_12)
FN:370,(anonymous_13)
FN:389,(anonymous_14)
FN:439,(anonymous_15)
FN:443,(anonymous_16)
FN:448,(anonymous_17)
FN:451,(anonymous_18)
FN:460,(anonymous_19)
FN:498,(anonymous_20)
FN:502,(anonymous_21)
FN:521,(anonymous_22)
FN:543,(anonymous_23)
FNF:24
FNH:0
FNDA:0,(anonymous_0)
FNDA:0,(anonymous_1)
FNDA:0,(anonymous_2)
FNDA:0,(anonymous_3)
FNDA:0,(anonymous_4)
FNDA:0,(anonymous_5)
FNDA:0,(anonymous_6)
FNDA:0,(anonymous_7)
FNDA:0,(anonymous_8)
FNDA:0,(anonymous_9)
FNDA:0,(anonymous_10)
FNDA:0,(anonymous_11)
FNDA:0,(anonymous_12)
FNDA:0,(anonymous_13)
FNDA:0,(anonymous_14)
FNDA:0,(anonymous_15)
FNDA:0,(anonymous_16)
FNDA:0,(anonymous_17)
FNDA:0,(anonymous_18)
FNDA:0,(anonymous_19)
FNDA:0,(anonymous_20)
FNDA:0,(anonymous_21)
FNDA:0,(anonymous_22)
FNDA:0,(anonymous_23)
DA:71,0
DA:78,0
DA:79,0
DA:80,0
DA:82,0
DA:83,0
DA:85,0
DA:86,0
DA:89,0
DA:90,0
DA:91,0
DA:92,0
DA:93,0
DA:94,0
DA:96,0
DA:98,0
DA:102,0
DA:127,0
DA:142,0
DA:177,0
DA:195,0
DA:196,0
DA:197,0
DA:198,0
DA:200,0
DA:201,0
DA:202,0
DA:204,0
DA:205,0
DA:206,0
DA:214,0
DA:215,0
DA:223,0
DA:224,0
DA:225,0
DA:227,0
DA:228,0
DA:229,0
DA:237,0
DA:238,0
DA:246,0
DA:247,0
DA:248,0
DA:249,0
DA:250,0
DA:255,0
DA:256,0
DA:263,0
DA:265,0
DA:266,0
DA:275,0
DA:276,0
DA:277,0
DA:278,0
DA:284,0
DA:289,0
DA:293,0
DA:294,0
DA:295,0
DA:296,0
DA:302,0
DA:310,0
DA:311,0
DA:312,0
DA:313,0
DA:319,0
DA:327,0
DA:328,0
DA:346,0
DA:350,0
DA:370,0
DA:382,0
DA:383,0
DA:389,0
DA:439,0
DA:443,0
DA:448,0
DA:451,0
DA:460,0
DA:470,0
DA:498,0
DA:502,0
DA:521,0
DA:543,0
LF:84
LH:0
BRDA:85,0,0,0
BRDA:166,1,0,0
BRDA:166,1,1,0
BRDA:168,2,0,0
BRDA:168,2,1,0
BRDA:181,3,0,0
BRDA:182,4,0,0
BRDA:183,5,0,0
BRDA:184,6,0,0
BRDA:185,7,0,0
BRDA:186,8,0,0
BRDA:187,9,0,0
BRDA:207,10,0,0
BRDA:207,10,1,0
BRDA:208,11,0,0
BRDA:208,11,1,0
BRDA:230,12,0,0
BRDA:230,12,1,0
BRDA:231,13,0,0
BRDA:231,13,1,0
BRDA:248,14,0,0
BRDA:248,14,1,0
BRDA:255,15,0,0
BRDA:255,16,0,0
BRDA:255,16,1,0
BRDA:265,17,0,0
BRDA:327,18,0,0
BRDA:334,19,0,0
BRDA:334,19,1,0
BRDA:336,20,0,0
BRDA:336,20,1,0
BRDA:349,21,0,0
BRDA:349,21,1,0
BRDA:366,22,0,0
BRDA:366,22,1,0
BRDA:382,23,0,0
BRDA:387,24,0,0
BRDA:387,24,1,0
BRDA:395,25,0,0
BRDA:395,25,1,0
BRDA:403,26,0,0
BRDA:403,26,1,0
BRDA:420,27,0,0
BRDA:420,27,1,0
BRDA:422,28,0,0
BRDA:422,28,1,0
BRDA:423,29,0,0
BRDA:423,29,1,0
BRDA:428,30,0,0
BRDA:428,30,1,0
BRDA:442,31,0,0
BRDA:442,31,1,0
BRDA:477,32,0,0
BRDA:477,32,1,0
BRDA:479,33,0,0
BRDA:479,33,1,0
BRDA:486,34,0,0
BRDA:486,34,1,0
BRDA:501,35,0,0
BRDA:501,35,1,0
BRDA:511,36,0,0
BRDA:511,36,1,0
BRDA:518,37,0,0
BRDA:518,37,1,0
BRDA:529,38,0,0
BRDA:529,38,1,0
BRF:66
BRH:0
end_of_record
TN:
SF:src/components/enhanced/responsive-image.tsx
FN:38,(anonymous_0)
FN:69,(anonymous_1)
FN:76,(anonymous_2)
FN:94,(anonymous_3)
FN:102,(anonymous_4)
FN:103,(anonymous_5)
FN:113,(anonymous_6)
FN:118,(anonymous_7)
FN:126,(anonymous_8)
FN:137,(anonymous_9)
FN:167,(anonymous_10)
FN:172,(anonymous_11)
FN:196,(anonymous_12)
FN:225,(anonymous_13)
FN:245,(anonymous_14)
FN:299,(anonymous_15)
FN:341,(anonymous_16)
FN:371,(anonymous_17)
FNF:18
FNH:0
FNDA:0,(anonymous_0)
FNDA:0,(anonymous_1)
FNDA:0,(anonymous_2)
FNDA:0,(anonymous_3)
FNDA:0,(anonymous_4)
FNDA:0,(anonymous_5)
FNDA:0,(anonymous_6)
FNDA:0,(anonymous_7)
FNDA:0,(anonymous_8)
FNDA:0,(anonymous_9)
FNDA:0,(anonymous_10)
FNDA:0,(anonymous_11)
FNDA:0,(anonymous_12)
FNDA:0,(anonymous_13)
FNDA:0,(anonymous_14)
FNDA:0,(anonymous_15)
FNDA:0,(anonymous_16)
FNDA:0,(anonymous_17)
DA:38,0
DA:57,0
DA:64,0
DA:65,0
DA:66,0
DA:69,0
DA:70,0
DA:71,0
DA:72,0
DA:75,0
DA:77,0
DA:78,0
DA:79,0
DA:80,0
DA:89,0
DA:90,0
DA:91,0
DA:94,0
DA:95,0
DA:96,0
DA:102,0
DA:103,0
DA:109,0
DA:113,0
DA:114,0
DA:117,0
DA:118,0
DA:122,0
DA:126,0
DA:133,0
DA:137,0
DA:142,0
DA:144,0
DA:145,0
DA:146,0
DA:148,0
DA:149,0
DA:152,0
DA:154,0
DA:155,0
DA:156,0
DA:157,0
DA:158,0
DA:160,0
DA:163,0
DA:167,0
DA:168,0
DA:170,0
DA:171,0
DA:172,0
DA:177,0
DA:186,0
DA:196,0
DA:197,0
DA:198,0
DA:209,0
DA:210,0
DA:217,0
DA:225,0
DA:226,0
DA:227,0
DA:234,0
DA:245,0
DA:246,0
DA:251,0
DA:299,0
DA:307,0
DA:314,0
DA:320,0
DA:341,0
DA:347,0
DA:371,0
DA:378,0
LF:73
LH:0
BRDA:41,0,0,0
BRDA:45,1,0,0
BRDA:47,2,0,0
BRDA:48,3,0,0
BRDA:50,4,0,0
BRDA:51,5,0,0
BRDA:52,6,0,0
BRDA:64,7,0,0
BRDA:64,7,1,0
BRDA:70,8,0,0
BRDA:70,9,0,0
BRDA:70,9,1,0
BRDA:78,10,0,0
BRDA:90,11,0,0
BRDA:95,12,0,0
BRDA:117,13,0,0
BRDA:117,14,0,0
BRDA:117,14,1,0
BRDA:117,14,2,0
BRDA:142,15,0,0
BRDA:146,16,0,0
BRDA:146,16,1,0
BRDA:152,17,0,0
BRDA:154,18,0,0
BRDA:154,18,1,0
BRDA:158,19,0,0
BRDA:168,20,0,0
BRDA:180,21,0,0
BRDA:180,21,1,0
BRDA:191,22,0,0
BRDA:191,22,1,0
BRDA:192,23,0,0
BRDA:192,23,1,0
BRDA:192,24,0,0
BRDA:192,24,1,0
BRDA:197,25,0,0
BRDA:209,26,0,0
BRDA:226,27,0,0
BRDA:259,28,0,0
BRDA:259,28,1,0
BRDA:259,28,2,0
BRDA:262,29,0,0
BRDA:262,29,1,0
BRDA:262,29,2,0
BRDA:265,30,0,0
BRDA:265,30,1,0
BRDA:268,31,0,0
BRDA:268,31,1,0
BRDA:268,31,2,0
BRDA:278,32,0,0
BRDA:278,32,1,0
BRDA:284,33,0,0
BRDA:284,33,1,0
BRDA:302,34,0,0
BRDA:303,35,0,0
BRDA:314,36,0,0
BRDA:314,36,1,0
BRDA:344,37,0,0
BRDA:374,38,0,0
BRDA:375,39,0,0
BRF:60
BRH:0
end_of_record
TN:
SF:src/components/enhanced/skeleton-loader.tsx
FN:17,(anonymous_0)
FN:33,(anonymous_1)
FN:77,(anonymous_2)
FN:82,(anonymous_3)
FN:89,(anonymous_4)
FN:108,(anonymous_5)
FN:130,(anonymous_6)
FN:138,(anonymous_7)
FN:144,(anonymous_8)
FN:150,(anonymous_9)
FN:168,(anonymous_10)
FN:183,(anonymous_11)
FN:197,(anonymous_12)
FN:224,(anonymous_13)
FN:239,(anonymous_14)
FN:245,(anonymous_15)
FN:265,(anonymous_16)
FN:278,(anonymous_17)
FN:314,(anonymous_18)
FN:319,(anonymous_19)
FN:361,(anonymous_20)
FN:366,(anonymous_21)
FN:388,(anonymous_22)
FN:393,(anonymous_23)
FN:411,(anonymous_24)
FNF:25
FNH:0
FNDA:0,(anonymous_0)
FNDA:0,(anonymous_1)
FNDA:0,(anonymous_2)
FNDA:0,(anonymous_3)
FNDA:0,(anonymous_4)
FNDA:0,(anonymous_5)
FNDA:0,(anonymous_6)
FNDA:0,(anonymous_7)
FNDA:0,(anonymous_8)
FNDA:0,(anonymous_9)
FNDA:0,(anonymous_10)
FNDA:0,(anonymous_11)
FNDA:0,(anonymous_12)
FNDA:0,(anonymous_13)
FNDA:0,(anonymous_14)
FNDA:0,(anonymous_15)
FNDA:0,(anonymous_16)
FNDA:0,(anonymous_17)
FNDA:0,(anonymous_18)
FNDA:0,(anonymous_19)
FNDA:0,(anonymous_20)
FNDA:0,(anonymous_21)
FNDA:0,(anonymous_22)
FNDA:0,(anonymous_23)
FNDA:0,(anonymous_24)
DA:17,0
DA:21,0
DA:33,0
DA:34,0
DA:77,0
DA:81,0
DA:83,0
DA:89,0
DA:90,0
DA:109,0
DA:130,0
DA:135,0
DA:139,0
DA:145,0
DA:151,0
DA:168,0
DA:172,0
DA:184,0
DA:198,0
DA:225,0
DA:239,0
DA:244,0
DA:246,0
DA:265,0
DA:266,0
DA:279,0
DA:314,0
DA:318,0
DA:320,0
DA:321,0
DA:361,0
DA:365,0
DA:367,0
DA:388,0
DA:392,0
DA:394,0
DA:411,0
DA:415,0
LF:38
LH:0
BRDA:19,0,0,0
BRDA:25,1,0,0
BRDA:25,1,1,0
BRDA:78,2,0,0
BRDA:131,3,0,0
BRDA:132,4,0,0
BRDA:155,5,0,0
BRDA:155,5,1,0
BRDA:155,6,0,0
BRDA:155,6,1,0
BRDA:169,7,0,0
BRDA:181,8,0,0
BRDA:181,8,1,0
BRDA:193,9,0,0
BRDA:193,9,1,0
BRDA:209,10,0,0
BRDA:209,10,1,0
BRDA:215,11,0,0
BRDA:215,11,1,0
BRDA:240,12,0,0
BRDA:241,13,0,0
BRDA:249,14,0,0
BRDA:249,14,1,0
BRDA:255,15,0,0
BRDA:255,15,1,0
BRDA:315,16,0,0
BRDA:326,17,0,0
BRDA:326,17,1,0
BRDA:330,18,0,0
BRDA:330,18,1,0
BRDA:331,19,0,0
BRDA:331,19,1,0
BRDA:338,20,0,0
BRDA:338,20,1,0
BRDA:339,21,0,0
BRDA:339,21,1,0
BRDA:342,22,0,0
BRDA:342,22,1,0
BRDA:346,23,0,0
BRDA:346,23,1,0
BRDA:362,24,0,0
BRDA:375,25,0,0
BRDA:375,25,1,0
BRDA:389,26,0,0
BRDA:412,27,0,0
BRDA:419,28,0,0
BRDA:419,28,1,0
BRF:47
BRH:0
end_of_record
TN:
SF:src/components/homepage/featured-taskers.tsx
FN:34,(anonymous_0)
FN:59,(anonymous_1)
FN:60,(anonymous_2)
FN:90,(anonymous_3)
FNF:4
FNH:0
FNDA:0,(anonymous_0)
FNDA:0,(anonymous_1)
FNDA:0,(anonymous_2)
FNDA:0,(anonymous_3)
DA:13,0
DA:34,0
DA:35,0
DA:59,0
DA:60,0
DA:61,0
DA:79,0
DA:91,0
LF:8
LH:0
BRDA:66,0,0,0
BRDA:66,0,1,0
BRF:2
BRH:0
end_of_record
TN:
SF:src/components/homepage/hero-section.tsx
FN:17,(anonymous_0)
FN:91,(anonymous_1)
FNF:2
FNH:0
FNDA:0,(anonymous_0)
FNDA:0,(anonymous_1)
DA:7,0
DA:15,0
DA:17,0
DA:18,0
DA:92,0
LF:5
LH:0
BRF:0
BRH:0
end_of_record
TN:
SF:src/components/homepage/how-it-works-section.tsx
FN:27,(anonymous_0)
FN:39,(anonymous_1)
FNF:2
FNH:0
FNDA:0,(anonymous_0)
FNDA:0,(anonymous_1)
DA:6,0
DA:27,0
DA:28,0
DA:40,0
LF:4
LH:0
BRF:0
BRH:0
end_of_record
TN:
SF:src/components/homepage/tasker-benefits-section.tsx
FN:5,(anonymous_0)
FN:63,(anonymous_1)
FNF:2
FNH:0
FNDA:0,(anonymous_0)
FNDA:0,(anonymous_1)
DA:5,0
DA:6,0
DA:23,0
DA:30,0
DA:64,0
LF:5
LH:0
BRF:0
BRH:0
end_of_record
TN:
SF:src/components/homepage/trust-safety-features.tsx
FN:48,(anonymous_0)
FN:60,(anonymous_1)
FNF:2
FNH:0
FNDA:0,(anonymous_0)
FNDA:0,(anonymous_1)
DA:13,0
DA:37,0
DA:48,0
DA:49,0
DA:61,0
LF:5
LH:0
BRF:0
BRH:0
end_of_record
TN:
SF:src/components/homepage/visual-category-grid.tsx
FN:74,(anonymous_0)
FN:94,(anonymous_1)
FN:131,(anonymous_2)
FNF:3
FNH:0
FNDA:0,(anonymous_0)
FNDA:0,(anonymous_1)
FNDA:0,(anonymous_2)
DA:11,0
DA:74,0
DA:76,0
DA:78,0
DA:95,0
DA:132,0
LF:6
LH:0
BRDA:118,0,0,0
BRDA:118,0,1,0
BRDA:155,1,0,0
BRDA:155,1,1,0
BRF:4
BRH:0
end_of_record
TN:
SF:src/components/layout/accessible-navbar.tsx
FN:33,(anonymous_0)
FN:79,(anonymous_1)
FN:80,(anonymous_2)
FN:85,(anonymous_3)
FN:89,(anonymous_4)
FN:90,(anonymous_5)
FN:97,(anonymous_6)
FN:101,(anonymous_7)
FN:102,(anonymous_8)
FN:114,(anonymous_9)
FN:118,(anonymous_10)
FN:132,(anonymous_11)
FN:136,(anonymous_12)
FN:147,(anonymous_13)
FN:156,(anonymous_14)
FN:169,(anonymous_15)
FN:208,(anonymous_16)
FN:272,(anonymous_17)
FN:295,(anonymous_18)
FN:298,(anonymous_19)
FN:354,(anonymous_20)
FN:359,(anonymous_21)
FN:382,(anonymous_22)
FN:385,(anonymous_23)
FNF:24
FNH:0
FNDA:0,(anonymous_0)
FNDA:0,(anonymous_1)
FNDA:0,(anonymous_2)
FNDA:0,(anonymous_3)
FNDA:0,(anonymous_4)
FNDA:0,(anonymous_5)
FNDA:0,(anonymous_6)
FNDA:0,(anonymous_7)
FNDA:0,(anonymous_8)
FNDA:0,(anonymous_9)
FNDA:0,(anonymous_10)
FNDA:0,(anonymous_11)
FNDA:0,(anonymous_12)
FNDA:0,(anonymous_13)
FNDA:0,(anonymous_14)
FNDA:0,(anonymous_15)
FNDA:0,(anonymous_16)
FNDA:0,(anonymous_17)
FNDA:0,(anonymous_18)
FNDA:0,(anonymous_19)
FNDA:0,(anonymous_20)
FNDA:0,(anonymous_21)
FNDA:0,(anonymous_22)
FNDA:0,(anonymous_23)
DA:33,0
DA:34,0
DA:35,0
DA:36,0
DA:38,0
DA:39,0
DA:40,0
DA:43,0
DA:44,0
DA:45,0
DA:48,0
DA:63,0
DA:79,0
DA:80,0
DA:81,0
DA:84,0
DA:85,0
DA:89,0
DA:90,0
DA:91,0
DA:92,0
DA:96,0
DA:97,0
DA:101,0
DA:102,0
DA:103,0
DA:109,0
DA:113,0
DA:114,0
DA:118,0
DA:119,0
DA:120,0
DA:123,0
DA:124,0
DA:128,0
DA:132,0
DA:133,0
DA:136,0
DA:137,0
DA:138,0
DA:143,0
DA:147,0
DA:148,0
DA:149,0
DA:151,0
DA:156,0
DA:157,0
DA:158,0
DA:160,0
DA:163,0
DA:164,0
DA:169,0
DA:170,0
DA:172,0
DA:176,0
DA:178,0
DA:182,0
DA:184,0
DA:185,0
DA:186,0
DA:187,0
DA:190,0
DA:191,0
DA:192,0
DA:193,0
DA:196,0
DA:197,0
DA:198,0
DA:201,0
DA:202,0
DA:203,0
DA:208,0
DA:209,0
DA:213,0
DA:217,0
DA:273,0
DA:296,0
DA:298,0
DA:355,0
DA:359,0
DA:383,0
DA:385,0
LF:82
LH:0
BRDA:33,0,0,0
BRDA:91,1,0,0
BRDA:91,2,0,0
BRDA:91,2,1,0
BRDA:103,3,0,0
BRDA:104,4,0,0
BRDA:104,4,1,0
BRDA:104,4,2,0
BRDA:104,4,3,0
BRDA:123,5,0,0
BRDA:137,6,0,0
BRDA:148,7,0,0
BRDA:148,7,1,0
BRDA:157,8,0,0
BRDA:157,8,1,0
BRDA:163,9,0,0
BRDA:170,10,0,0
BRDA:176,11,0,0
BRDA:176,12,0,0
BRDA:176,12,1,0
BRDA:182,13,0,0
BRDA:182,13,1,0
BRDA:182,13,2,0
BRDA:182,13,3,0
BRDA:191,14,0,0
BRDA:191,14,1,0
BRDA:209,15,0,0
BRDA:209,15,1,0
BRDA:213,16,0,0
BRDA:213,16,1,0
BRDA:243,17,0,0
BRDA:243,17,1,0
BRDA:247,18,0,0
BRDA:247,18,1,0
BRDA:251,19,0,0
BRDA:251,19,1,0
BRDA:255,20,0,0
BRDA:255,20,1,0
BRDA:263,21,0,0
BRDA:263,21,1,0
BRDA:279,22,0,0
BRDA:279,22,1,0
BRDA:283,23,0,0
BRDA:283,23,1,0
BRDA:302,24,0,0
BRDA:302,24,1,0
BRDA:326,25,0,0
BRDA:326,25,1,0
BRDA:331,26,0,0
BRDA:331,26,1,0
BRDA:346,27,0,0
BRDA:346,27,1,0
BRDA:357,28,0,0
BRDA:357,28,1,0
BRDA:363,29,0,0
BRDA:363,29,1,0
BRDA:368,30,0,0
BRDA:368,30,1,0
BRDA:390,31,0,0
BRDA:390,31,1,0
BRF:60
BRH:0
end_of_record
TN:
SF:src/components/layout/footer.tsx
FN:4,(anonymous_0)
FNF:1
FNH:0
FNDA:0,(anonymous_0)
DA:4,0
DA:5,0
DA:7,0
LF:3
LH:0
BRF:0
BRH:0
end_of_record
TN:
SF:src/components/layout/layout.tsx
FN:13,(anonymous_0)
FNF:1
FNH:0
FNDA:0,(anonymous_0)
DA:13,0
DA:14,0
LF:2
LH:0
BRDA:13,0,0,0
BRDA:22,1,0,0
BRDA:22,1,1,0
BRF:3
BRH:0
end_of_record
TN:
SF:src/components/layout/navbar.tsx
FN:5,(anonymous_0)
FN:9,(anonymous_1)
FN:42,(anonymous_2)
FN:65,(anonymous_3)
FN:71,(anonymous_4)
FN:99,(anonymous_5)
FN:110,(anonymous_6)
FN:117,(anonymous_7)
FN:125,(anonymous_8)
FN:134,(anonymous_9)
FNF:10
FNH:0
FNDA:0,(anonymous_0)
FNDA:0,(anonymous_1)
FNDA:0,(anonymous_2)
FNDA:0,(anonymous_3)
FNDA:0,(anonymous_4)
FNDA:0,(anonymous_5)
FNDA:0,(anonymous_6)
FNDA:0,(anonymous_7)
FNDA:0,(anonymous_8)
FNDA:0,(anonymous_9)
DA:5,0
DA:6,0
DA:7,0
DA:9,0
DA:10,0
DA:13,0
DA:42,0
DA:65,0
DA:71,0
DA:100,0
DA:101,0
DA:110,0
DA:117,0
DA:126,0
DA:127,0
DA:135,0
DA:136,0
LF:17
LH:0
BRDA:83,0,0,0
BRDA:83,0,1,0
BRDA:85,1,0,0
BRDA:85,1,1,0
BRDA:94,2,0,0
BRDA:94,2,1,0
BRF:6
BRH:0
end_of_record
TN:
SF:src/components/layout/page-wrapper.tsx
FN:22,(anonymous_0)
FN:60,(anonymous_1)
FN:88,(anonymous_2)
FNF:3
FNH:0
FNDA:0,(anonymous_0)
FNDA:0,(anonymous_1)
FNDA:0,(anonymous_2)
DA:22,0
DA:30,0
DA:60,0
DA:67,0
DA:88,0
DA:89,0
LF:6
LH:0
BRDA:26,0,0,0
BRDA:27,1,0,0
BRDA:28,2,0,0
BRDA:34,3,0,0
BRDA:34,3,1,0
BRDA:34,3,2,0
BRDA:36,4,0,0
BRDA:36,4,1,0
BRDA:41,5,0,0
BRDA:41,5,1,0
BRDA:64,6,0,0
BRDA:65,7,0,0
BRDA:93,8,0,0
BRDA:93,8,1,0
BRDA:93,8,2,0
BRDA:95,9,0,0
BRDA:95,9,1,0
BRDA:100,10,0,0
BRDA:100,10,1,0
BRF:19
BRH:0
end_of_record
TN:
SF:src/components/monitoring/monitoring-dashboard.tsx
FN:36,(anonymous_0)
FN:41,(anonymous_1)
FN:43,(anonymous_2)
FN:51,(anonymous_3)
FN:54,(anonymous_4)
FN:59,(anonymous_5)
FN:64,(anonymous_6)
FN:77,(anonymous_7)
FN:94,(anonymous_8)
FN:98,(anonymous_9)
FNF:10
FNH:0
FNDA:0,(anonymous_0)
FNDA:0,(anonymous_1)
FNDA:0,(anonymous_2)
FNDA:0,(anonymous_3)
FNDA:0,(anonymous_4)
FNDA:0,(anonymous_5)
FNDA:0,(anonymous_6)
FNDA:0,(anonymous_7)
FNDA:0,(anonymous_8)
FNDA:0,(anonymous_9)
DA:36,0
DA:37,0
DA:38,0
DA:39,0
DA:41,0
DA:43,0
DA:44,0
DA:45,0
DA:48,0
DA:49,0
DA:51,0
DA:54,0
DA:55,0
DA:56,0
DA:59,0
DA:60,0
DA:61,0
DA:64,0
DA:65,0
DA:67,0
DA:69,0
DA:71,0
DA:73,0
DA:77,0
DA:79,0
DA:80,0
DA:81,0
DA:82,0
DA:84,0
DA:87,0
DA:94,0
DA:95,0
DA:98,0
DA:99,0
DA:102,0
LF:35
LH:0
BRDA:65,0,0,0
BRDA:65,0,1,0
BRDA:65,0,2,0
BRDA:65,0,3,0
BRDA:79,1,0,0
BRDA:79,1,1,0
BRDA:81,2,0,0
BRDA:81,2,1,0
BRDA:114,3,0,0
BRDA:114,3,1,0
BRDA:115,4,0,0
BRDA:115,4,1,0
BRDA:117,5,0,0
BRDA:117,5,1,0
BRDA:118,6,0,0
BRDA:118,6,1,0
BRDA:163,7,0,0
BRDA:163,7,1,0
BRDA:222,8,0,0
BRDA:222,8,1,0
BRDA:254,9,0,0
BRDA:254,9,1,0
BRDA:259,10,0,0
BRDA:259,10,1,0
BRDA:281,11,0,0
BRDA:281,11,1,0
BRDA:304,12,0,0
BRDA:304,12,1,0
BRDA:304,12,2,0
BRDA:314,13,0,0
BRDA:314,13,1,0
BRDA:320,14,0,0
BRDA:320,14,1,0
BRDA:326,15,0,0
BRDA:326,15,1,0
BRF:35
BRH:0
end_of_record
TN:
SF:src/components/notifications/notification-bell.tsx
FN:26,(anonymous_0)
FN:47,(anonymous_1)
FN:52,NotificationBell
FN:63,(anonymous_3)
FN:70,(anonymous_4)
FN:129,(anonymous_5)
FN:135,(anonymous_6)
FNF:7
FNH:0
FNDA:0,(anonymous_0)
FNDA:0,(anonymous_1)
FNDA:0,NotificationBell
FNDA:0,(anonymous_3)
FNDA:0,(anonymous_4)
FNDA:0,(anonymous_5)
FNDA:0,(anonymous_6)
DA:26,0
DA:27,0
DA:28,0
DA:29,0
DA:30,0
DA:31,0
DA:32,0
DA:33,0
DA:34,0
DA:47,0
DA:49,0
DA:60,0
DA:63,0
DA:64,0
DA:70,0
DA:71,0
DA:74,0
DA:130,0
DA:135,0
LF:19
LH:0
BRDA:26,0,0,0
BRDA:26,0,1,0
BRDA:84,1,0,0
BRDA:84,1,1,0
BRDA:89,2,0,0
BRDA:89,2,1,0
BRDA:99,3,0,0
BRDA:99,3,1,0
BRDA:116,4,0,0
BRDA:116,4,1,0
BRDA:120,5,0,0
BRDA:120,5,1,0
BRDA:124,6,0,0
BRDA:124,6,1,0
BRDA:133,7,0,0
BRDA:133,7,1,0
BRDA:148,8,0,0
BRDA:148,8,1,0
BRDA:161,9,0,0
BRDA:161,9,1,0
BRF:20
BRH:0
end_of_record
TN:
SF:src/components/optimized/debounced-inputs.tsx
FN:15,useDebounce
FN:18,(anonymous_1)
FN:19,(anonymous_2)
FN:23,(anonymous_3)
FN:32,useDebouncedCallback
FN:40,(anonymous_5)
FN:44,(anonymous_6)
FN:49,(anonymous_7)
FN:55,(anonymous_8)
FN:56,(anonymous_9)
FN:79,(anonymous_10)
FN:93,(anonymous_11)
FN:98,(anonymous_12)
FN:104,(anonymous_13)
FN:108,(anonymous_14)
FN:113,(anonymous_15)
FN:172,(anonymous_16)
FN:187,(anonymous_17)
FN:192,(anonymous_18)
FN:198,(anonymous_19)
FN:205,(anonymous_20)
FN:250,(anonymous_21)
FN:267,(anonymous_22)
FN:272,(anonymous_23)
FN:279,(anonymous_24)
FN:287,(anonymous_25)
FN:294,(anonymous_26)
FN:346,(anonymous_27)
FN:362,(anonymous_28)
FN:367,(anonymous_29)
FN:376,(anonymous_30)
FNF:31
FNH:0
FNDA:0,useDebounce
FNDA:0,(anonymous_1)
FNDA:0,(anonymous_2)
FNDA:0,(anonymous_3)
FNDA:0,useDebouncedCallback
FNDA:0,(anonymous_5)
FNDA:0,(anonymous_6)
FNDA:0,(anonymous_7)
FNDA:0,(anonymous_8)
FNDA:0,(anonymous_9)
FNDA:0,(anonymous_10)
FNDA:0,(anonymous_11)
FNDA:0,(anonymous_12)
FNDA:0,(anonymous_13)
FNDA:0,(anonymous_14)
FNDA:0,(anonymous_15)
FNDA:0,(anonymous_16)
FNDA:0,(anonymous_17)
FNDA:0,(anonymous_18)
FNDA:0,(anonymous_19)
FNDA:0,(anonymous_20)
FNDA:0,(anonymous_21)
FNDA:0,(anonymous_22)
FNDA:0,(anonymous_23)
FNDA:0,(anonymous_24)
FNDA:0,(anonymous_25)
FNDA:0,(anonymous_26)
FNDA:0,(anonymous_27)
FNDA:0,(anonymous_28)
FNDA:0,(anonymous_29)
FNDA:0,(anonymous_30)
DA:16,0
DA:18,0
DA:19,0
DA:20,0
DA:23,0
DA:24,0
DA:28,0
DA:36,0
DA:37,0
DA:40,0
DA:41,0
DA:44,0
DA:45,0
DA:46,0
DA:49,0
DA:50,0
DA:55,0
DA:56,0
DA:57,0
DA:58,0
DA:63,0
DA:79,0
DA:89,0
DA:90,0
DA:93,0
DA:94,0
DA:98,0
DA:99,0
DA:100,0
DA:104,0
DA:105,0
DA:108,0
DA:109,0
DA:110,0
DA:113,0
DA:114,0
DA:115,0
DA:116,0
DA:117,0
DA:118,0
DA:122,0
DA:156,0
DA:172,0
DA:183,0
DA:184,0
DA:187,0
DA:188,0
DA:192,0
DA:193,0
DA:194,0
DA:198,0
DA:199,0
DA:200,0
DA:201,0
DA:205,0
DA:206,0
DA:208,0
DA:209,0
DA:211,0
DA:218,0
DA:233,0
DA:250,0
DA:262,0
DA:263,0
DA:264,0
DA:267,0
DA:268,0
DA:272,0
DA:273,0
DA:274,0
DA:279,0
DA:280,0
DA:281,0
DA:282,0
DA:283,0
DA:287,0
DA:288,0
DA:289,0
DA:290,0
DA:294,0
DA:295,0
DA:297,0
DA:298,0
DA:299,0
DA:301,0
DA:312,0
DA:329,0
DA:346,0
DA:358,0
DA:359,0
DA:362,0
DA:363,0
DA:367,0
DA:368,0
DA:371,0
DA:372,0
DA:376,0
DA:377,0
DA:380,0
DA:381,0
DA:382,0
DA:386,0
DA:387,0
DA:390,0
DA:391,0
DA:394,0
DA:395,0
DA:396,0
DA:399,0
DA:402,0
DA:417,0
LF:111
LH:0
BRDA:45,0,0,0
BRDA:57,1,0,0
BRDA:80,2,0,0
BRDA:82,3,0,0
BRDA:83,4,0,0
BRDA:84,5,0,0
BRDA:85,6,0,0
BRDA:86,7,0,0
BRDA:87,8,0,0
BRDA:99,9,0,0
BRDA:114,10,0,0
BRDA:114,10,1,0
BRDA:117,11,0,0
BRDA:125,12,0,0
BRDA:125,12,1,0
BRDA:138,13,0,0
BRDA:138,13,1,0
BRDA:138,13,2,0
BRDA:173,14,0,0
BRDA:175,15,0,0
BRDA:176,16,0,0
BRDA:177,17,0,0
BRDA:178,18,0,0
BRDA:179,19,0,0
BRDA:181,20,0,0
BRDA:193,21,0,0
BRDA:200,22,0,0
BRDA:200,23,0,0
BRDA:200,23,1,0
BRDA:206,24,0,0
BRDA:209,25,0,0
BRDA:209,25,1,0
BRDA:212,26,0,0
BRDA:212,26,1,0
BRDA:213,27,0,0
BRDA:213,27,1,0
BRDA:251,28,0,0
BRDA:253,29,0,0
BRDA:254,30,0,0
BRDA:255,31,0,0
BRDA:256,32,0,0
BRDA:257,33,0,0
BRDA:259,34,0,0
BRDA:260,35,0,0
BRDA:273,36,0,0
BRDA:280,37,0,0
BRDA:280,38,0,0
BRDA:280,38,1,0
BRDA:289,39,0,0
BRDA:289,40,0,0
BRDA:289,40,1,0
BRDA:295,41,0,0
BRDA:298,42,0,0
BRDA:298,42,1,0
BRDA:299,43,0,0
BRDA:299,43,1,0
BRDA:303,44,0,0
BRDA:303,44,1,0
BRDA:304,45,0,0
BRDA:304,45,1,0
BRDA:307,46,0,0
BRDA:307,46,1,0
BRDA:320,47,0,0
BRDA:320,47,1,0
BRDA:322,48,0,0
BRDA:322,48,1,0
BRDA:349,49,0,0
BRDA:350,50,0,0
BRDA:351,51,0,0
BRDA:352,52,0,0
BRDA:356,53,0,0
BRDA:358,54,0,0
BRDA:358,54,1,0
BRDA:363,55,0,0
BRDA:363,55,1,0
BRDA:368,56,0,0
BRDA:368,56,1,0
BRDA:371,57,0,0
BRDA:380,58,0,0
BRDA:387,59,0,0
BRDA:390,60,0,0
BRDA:390,61,0,0
BRDA:390,61,1,0
BRDA:391,62,0,0
BRDA:391,63,0,0
BRDA:391,63,1,0
BRDA:394,64,0,0
BRDA:394,65,0,0
BRDA:394,65,1,0
BRDA:396,66,0,0
BRDA:396,67,0,0
BRDA:396,67,1,0
BRF:92
BRH:0
end_of_record
TN:
SF:src/components/optimized/memoized-components.tsx
FN:23,(anonymous_0)
FN:57,(anonymous_1)
FN:58,(anonymous_2)
FN:84,(anonymous_3)
FN:85,(anonymous_4)
FN:129,(anonymous_5)
FN:134,(anonymous_6)
FN:163,(anonymous_7)
FN:196,(anonymous_8)
FN:234,(anonymous_9)
FN:237,(anonymous_10)
FN:266,(anonymous_11)
FNF:12
FNH:0
FNDA:0,(anonymous_0)
FNDA:0,(anonymous_1)
FNDA:0,(anonymous_2)
FNDA:0,(anonymous_3)
FNDA:0,(anonymous_4)
FNDA:0,(anonymous_5)
FNDA:0,(anonymous_6)
FNDA:0,(anonymous_7)
FNDA:0,(anonymous_8)
FNDA:0,(anonymous_9)
FNDA:0,(anonymous_10)
FNDA:0,(anonymous_11)
DA:23,0
DA:30,0
DA:36,0
DA:38,0
DA:49,0
DA:57,0
DA:58,0
DA:59,0
DA:61,0
DA:63,0
DA:65,0
DA:69,0
DA:76,0
DA:84,0
DA:85,0
DA:86,0
DA:87,0
DA:92,0
DA:96,0
DA:99,0
DA:103,0
DA:105,0
DA:109,0
DA:113,0
DA:120,0
DA:129,0
DA:134,0
DA:135,0
DA:137,0
DA:139,0
DA:145,0
DA:147,0
DA:151,0
DA:154,0
DA:163,0
DA:168,0
DA:174,0
DA:182,0
DA:196,0
DA:203,0
DA:221,0
DA:234,0
DA:235,0
DA:238,0
DA:252,0
DA:266,0
DA:273,0
DA:287,0
LF:48
LH:0
BRDA:27,0,0,0
BRDA:28,1,0,0
BRDA:36,2,0,0
BRDA:36,2,1,0
BRDA:36,3,0,0
BRDA:36,3,1,0
BRDA:40,4,0,0
BRDA:40,4,1,0
BRDA:57,5,0,0
BRDA:59,6,0,0
BRDA:59,6,1,0
BRDA:59,6,2,0
BRDA:86,7,0,0
BRDA:87,8,0,0
BRDA:87,8,1,0
BRDA:92,9,0,0
BRDA:92,9,1,0
BRDA:92,9,2,0
BRDA:92,9,3,0
BRDA:92,9,4,0
BRDA:92,9,5,0
BRDA:92,9,6,0
BRDA:92,9,7,0
BRDA:92,9,8,0
BRDA:109,10,0,0
BRDA:109,10,1,0
BRDA:110,11,0,0
BRDA:110,11,1,0
BRDA:131,12,0,0
BRDA:132,13,0,0
BRDA:135,14,0,0
BRDA:135,14,1,0
BRDA:137,15,0,0
BRDA:137,15,1,0
BRDA:137,15,2,0
BRDA:164,16,0,0
BRDA:165,17,0,0
BRDA:177,18,0,0
BRDA:177,18,1,0
BRDA:201,19,0,0
BRDA:207,20,0,0
BRDA:207,20,1,0
BRDA:211,21,0,0
BRDA:211,21,1,0
BRDA:212,22,0,0
BRDA:212,22,1,0
BRDA:213,23,0,0
BRDA:213,23,1,0
BRDA:234,24,0,0
BRDA:241,25,0,0
BRDA:241,25,1,0
BRDA:271,26,0,0
BRDA:275,27,0,0
BRDA:275,27,1,0
BRDA:278,28,0,0
BRDA:278,28,1,0
BRF:56
BRH:0
end_of_record
TN:
SF:src/components/optimized/virtualized-list.tsx
FN:28,VirtualizedList
FN:33,(anonymous_1)
FN:52,(anonymous_2)
FN:58,(anonymous_3)
FN:59,(anonymous_4)
FN:107,withVirtualization
FN:111,(anonymous_6)
FN:120,(anonymous_7)
FN:147,VirtualizedTable
FN:159,(anonymous_9)
FN:167,(anonymous_10)
FN:170,(anonymous_11)
FN:208,(anonymous_12)
FN:225,(anonymous_13)
FNF:14
FNH:0
FNDA:0,VirtualizedList
FNDA:0,(anonymous_1)
FNDA:0,(anonymous_2)
FNDA:0,(anonymous_3)
FNDA:0,(anonymous_4)
FNDA:0,withVirtualization
FNDA:0,(anonymous_6)
FNDA:0,(anonymous_7)
FNDA:0,VirtualizedTable
FNDA:0,(anonymous_9)
FNDA:0,(anonymous_10)
FNDA:0,(anonymous_11)
FNDA:0,(anonymous_12)
FNDA:0,(anonymous_13)
DA:33,0
DA:46,0
DA:52,0
DA:53,0
DA:54,0
DA:58,0
DA:59,0
DA:60,0
DA:76,0
DA:77,0
DA:80,0
DA:81,0
DA:84,0
DA:111,0
DA:112,0
DA:114,0
DA:121,0
DA:159,0
DA:160,0
DA:164,0
DA:167,0
DA:171,0
DA:183,0
DA:184,0
DA:194,0
DA:195,0
DA:204,0
DA:209,0
DA:225,0
LF:29
LH:0
BRDA:33,0,0,0
BRDA:34,1,0,0
BRDA:35,2,0,0
BRDA:37,3,0,0
BRDA:76,4,0,0
BRDA:76,5,0,0
BRDA:76,5,1,0
BRDA:80,6,0,0
BRDA:80,7,0,0
BRDA:80,7,1,0
BRDA:152,8,0,0
BRDA:153,9,0,0
BRDA:154,10,0,0
BRDA:156,11,0,0
BRDA:157,12,0,0
BRDA:160,13,0,0
BRDA:160,13,1,0
BRDA:174,14,0,0
BRDA:174,14,1,0
BRDA:183,15,0,0
BRDA:194,16,0,0
BRDA:212,17,0,0
BRDA:212,17,1,0
BRF:23
BRH:0
end_of_record
TN:
SF:src/components/payment/payment-method-selector.tsx
FN:69,(anonymous_0)
FN:161,(anonymous_1)
FN:179,(anonymous_2)
FN:202,(anonymous_3)
FN:210,(anonymous_4)
FN:214,(anonymous_5)
FN:245,(anonymous_6)
FN:254,(anonymous_7)
FN:279,(anonymous_8)
FN:284,(anonymous_9)
FN:324,(anonymous_10)
FNF:11
FNH:0
FNDA:0,(anonymous_0)
FNDA:0,(anonymous_1)
FNDA:0,(anonymous_2)
FNDA:0,(anonymous_3)
FNDA:0,(anonymous_4)
FNDA:0,(anonymous_5)
FNDA:0,(anonymous_6)
FNDA:0,(anonymous_7)
FNDA:0,(anonymous_8)
FNDA:0,(anonymous_9)
FNDA:0,(anonymous_10)
DA:50,0
DA:69,0
DA:70,0
DA:71,0
DA:73,0
DA:161,0
DA:162,0
DA:164,0
DA:179,0
DA:202,0
DA:211,0
DA:215,0
DA:216,0
DA:245,0
DA:254,0
DA:256,0
DA:280,0
DA:284,0
DA:324,0
LF:19
LH:0
BRDA:81,0,0,0
BRDA:81,0,1,0
BRDA:83,1,0,0
BRDA:83,1,1,0
BRDA:90,2,0,0
BRDA:90,2,1,0
BRDA:93,3,0,0
BRDA:93,3,1,0
BRDA:112,4,0,0
BRDA:112,4,1,0
BRDA:117,5,0,0
BRDA:117,5,1,0
BRDA:123,6,0,0
BRDA:123,6,1,0
BRDA:124,7,0,0
BRDA:124,7,1,0
BRDA:124,7,2,0
BRDA:134,8,0,0
BRDA:134,8,1,0
BRDA:138,9,0,0
BRDA:138,9,1,0
BRDA:172,10,0,0
BRDA:172,10,1,0
BRDA:175,11,0,0
BRDA:175,11,1,0
BRDA:179,12,0,0
BRDA:179,12,1,0
BRDA:250,13,0,0
BRDA:252,14,0,0
BRDA:269,15,0,0
BRDA:269,15,1,0
BRDA:289,16,0,0
BRDA:289,16,1,0
BRDA:313,17,0,0
BRDA:313,17,1,0
BRDA:322,18,0,0
BRDA:322,18,1,0
BRF:37
BRH:0
end_of_record
TN:
SF:src/components/pwa/install-prompt.tsx
FN:19,(anonymous_0)
FN:30,(anonymous_1)
FN:32,(anonymous_2)
FN:40,(anonymous_3)
FN:42,(anonymous_4)
FN:53,(anonymous_5)
FN:59,(anonymous_6)
FN:68,(anonymous_7)
FN:81,(anonymous_8)
FN:101,(anonymous_9)
FNF:10
FNH:0
FNDA:0,(anonymous_0)
FNDA:0,(anonymous_1)
FNDA:0,(anonymous_2)
FNDA:0,(anonymous_3)
FNDA:0,(anonymous_4)
FNDA:0,(anonymous_5)
FNDA:0,(anonymous_6)
FNDA:0,(anonymous_7)
FNDA:0,(anonymous_8)
FNDA:0,(anonymous_9)
DA:19,0
DA:25,0
DA:26,0
DA:27,0
DA:28,0
DA:30,0
DA:32,0
DA:33,0
DA:34,0
DA:35,0
DA:40,0
DA:41,0
DA:42,0
DA:43,0
DA:47,0
DA:48,0
DA:51,0
DA:53,0
DA:54,0
DA:55,0
DA:59,0
DA:60,0
DA:61,0
DA:62,0
DA:64,0
DA:65,0
DA:67,0
DA:68,0
DA:69,0
DA:70,0
DA:74,0
DA:75,0
DA:77,0
DA:81,0
DA:82,0
DA:83,0
DA:86,0
DA:89,0
DA:90,0
DA:101,0
DA:112,0
DA:113,0
DA:144,0
DA:150,0
LF:44
LH:0
BRDA:21,0,0,0
BRDA:22,1,0,0
BRDA:23,2,0,0
BRDA:34,3,0,0
BRDA:34,4,0,0
BRDA:34,4,1,0
BRDA:64,5,0,0
BRDA:64,5,1,0
BRDA:86,6,0,0
BRDA:89,7,0,0
BRDA:112,8,0,0
BRDA:114,9,0,0
BRDA:114,9,1,0
BRDA:129,10,0,0
BRDA:129,10,1,0
BRDA:152,11,0,0
BRDA:152,11,1,0
BRDA:183,12,0,0
BRDA:183,12,1,0
BRDA:238,13,0,0
BRDA:238,13,1,0
BRF:21
BRH:0
end_of_record
TN:
SF:src/components/pwa/pwa-status.tsx
FN:29,(anonymous_0)
FN:46,(anonymous_1)
FN:48,(anonymous_2)
FN:54,(anonymous_3)
FN:55,(anonymous_4)
FN:58,(anonymous_5)
FN:59,(anonymous_6)
FN:62,(anonymous_7)
FN:63,(anonymous_8)
FN:66,(anonymous_9)
FN:67,(anonymous_10)
FN:81,(anonymous_11)
FN:90,(anonymous_12)
FN:98,(anonymous_13)
FNF:14
FNH:0
FNDA:0,(anonymous_0)
FNDA:0,(anonymous_1)
FNDA:0,(anonymous_2)
FNDA:0,(anonymous_3)
FNDA:0,(anonymous_4)
FNDA:0,(anonymous_5)
FNDA:0,(anonymous_6)
FNDA:0,(anonymous_7)
FNDA:0,(anonymous_8)
FNDA:0,(anonymous_9)
FNDA:0,(anonymous_10)
FNDA:0,(anonymous_11)
FNDA:0,(anonymous_12)
FNDA:0,(anonymous_13)
DA:29,0
DA:34,0
DA:42,0
DA:43,0
DA:44,0
DA:46,0
DA:48,0
DA:49,0
DA:50,0
DA:54,0
DA:55,0
DA:58,0
DA:59,0
DA:62,0
DA:63,0
DA:66,0
DA:67,0
DA:70,0
DA:71,0
DA:72,0
DA:73,0
DA:76,0
DA:79,0
DA:81,0
DA:82,0
DA:83,0
DA:84,0
DA:85,0
DA:86,0
DA:90,0
DA:91,0
DA:92,0
DA:94,0
DA:98,0
DA:99,0
DA:100,0
DA:101,0
DA:103,0
DA:105,0
DA:110,0
DA:111,0
DA:114,0
DA:122,0
DA:123,0
DA:141,0
DA:142,0
DA:197,0
LF:47
LH:0
BRDA:30,0,0,0
BRDA:31,1,0,0
BRDA:32,2,0,0
BRDA:110,3,0,0
BRDA:110,4,0,0
BRDA:110,4,1,0
BRDA:110,4,2,0
BRDA:110,4,3,0
BRDA:122,5,0,0
BRDA:126,6,0,0
BRDA:126,6,1,0
BRDA:129,7,0,0
BRDA:129,7,1,0
BRDA:132,8,0,0
BRDA:132,8,1,0
BRDA:141,9,0,0
BRDA:148,10,0,0
BRDA:148,10,1,0
BRDA:158,11,0,0
BRDA:158,11,1,0
BRDA:159,12,0,0
BRDA:159,12,1,0
BRDA:160,13,0,0
BRDA:160,13,1,0
BRDA:162,14,0,0
BRDA:162,14,1,0
BRDA:164,15,0,0
BRDA:164,15,1,0
BRDA:170,16,0,0
BRDA:170,16,1,0
BRDA:177,17,0,0
BRDA:177,17,1,0
BRDA:181,18,0,0
BRDA:181,18,1,0
BRDA:204,19,0,0
BRDA:204,19,1,0
BRDA:217,20,0,0
BRDA:217,20,1,0
BRDA:225,21,0,0
BRDA:225,21,1,0
BRDA:229,22,0,0
BRDA:229,22,1,0
BRDA:240,23,0,0
BRDA:240,23,1,0
BRDA:244,24,0,0
BRDA:244,24,1,0
BRDA:263,25,0,0
BRDA:263,25,1,0
BRDA:265,26,0,0
BRDA:265,26,1,0
BRDA:270,27,0,0
BRDA:270,27,1,0
BRDA:274,28,0,0
BRDA:274,28,1,0
BRDA:279,29,0,0
BRDA:279,29,1,0
BRDA:290,30,0,0
BRDA:290,30,1,0
BRDA:296,31,0,0
BRDA:296,31,1,0
BRDA:310,32,0,0
BRDA:310,32,1,0
BRF:62
BRH:0
end_of_record
TN:
SF:src/components/realtime/enhanced-chat-interface.tsx
FN:125,(anonymous_0)
FN:180,(anonymous_1)
FN:187,(anonymous_2)
FN:194,(anonymous_3)
FN:195,(anonymous_4)
FN:196,(anonymous_5)
FN:197,(anonymous_6)
FN:206,(anonymous_7)
FN:217,(anonymous_8)
FN:218,(anonymous_9)
FN:218,(anonymous_10)
FN:223,(anonymous_11)
FN:224,(anonymous_12)
FN:224,(anonymous_13)
FN:231,(anonymous_14)
FN:232,(anonymous_15)
FN:232,(anonymous_16)
FN:239,(anonymous_17)
FN:240,(anonymous_18)
FN:240,(anonymous_19)
FN:249,(anonymous_20)
FN:250,(anonymous_21)
FN:250,(anonymous_22)
FN:252,(anonymous_23)
FN:269,(anonymous_24)
FN:280,(anonymous_25)
FN:282,(anonymous_26)
FN:283,(anonymous_27)
FN:289,(anonymous_28)
FN:303,(anonymous_29)
FN:310,(anonymous_30)
FN:337,(anonymous_31)
FN:354,(anonymous_32)
FN:364,(anonymous_33)
FN:373,(anonymous_34)
FN:375,(anonymous_35)
FN:376,(anonymous_36)
FN:391,(anonymous_37)
FN:397,(anonymous_38)
FN:415,(anonymous_39)
FN:419,(anonymous_40)
FN:443,(anonymous_41)
FN:466,(anonymous_42)
FN:515,(anonymous_43)
FN:522,(anonymous_44)
FN:528,(anonymous_45)
FN:554,(anonymous_46)
FN:559,(anonymous_47)
FN:566,(anonymous_48)
FN:575,(anonymous_49)
FN:594,(anonymous_50)
FN:598,(anonymous_51)
FN:601,(anonymous_52)
FN:603,(anonymous_53)
FN:618,(anonymous_54)
FN:621,(anonymous_55)
FN:638,(anonymous_56)
FN:677,(anonymous_57)
FN:705,(anonymous_58)
FN:718,(anonymous_59)
FN:728,(anonymous_60)
FN:744,(anonymous_61)
FN:745,(anonymous_62)
FN:766,(anonymous_63)
FN:780,(anonymous_64)
FN:789,(anonymous_65)
FN:790,(anonymous_66)
FN:814,(anonymous_67)
FNF:68
FNH:0
FNDA:0,(anonymous_0)
FNDA:0,(anonymous_1)
FNDA:0,(anonymous_2)
FNDA:0,(anonymous_3)
FNDA:0,(anonymous_4)
FNDA:0,(anonymous_5)
FNDA:0,(anonymous_6)
FNDA:0,(anonymous_7)
FNDA:0,(anonymous_8)
FNDA:0,(anonymous_9)
FNDA:0,(anonymous_10)
FNDA:0,(anonymous_11)
FNDA:0,(anonymous_12)
FNDA:0,(anonymous_13)
FNDA:0,(anonymous_14)
FNDA:0,(anonymous_15)
FNDA:0,(anonymous_16)
FNDA:0,(anonymous_17)
FNDA:0,(anonymous_18)
FNDA:0,(anonymous_19)
FNDA:0,(anonymous_20)
FNDA:0,(anonymous_21)
FNDA:0,(anonymous_22)
FNDA:0,(anonymous_23)
FNDA:0,(anonymous_24)
FNDA:0,(anonymous_25)
FNDA:0,(anonymous_26)
FNDA:0,(anonymous_27)
FNDA:0,(anonymous_28)
FNDA:0,(anonymous_29)
FNDA:0,(anonymous_30)
FNDA:0,(anonymous_31)
FNDA:0,(anonymous_32)
FNDA:0,(anonymous_33)
FNDA:0,(anonymous_34)
FNDA:0,(anonymous_35)
FNDA:0,(anonymous_36)
FNDA:0,(anonymous_37)
FNDA:0,(anonymous_38)
FNDA:0,(anonymous_39)
FNDA:0,(anonymous_40)
FNDA:0,(anonymous_41)
FNDA:0,(anonymous_42)
FNDA:0,(anonymous_43)
FNDA:0,(anonymous_44)
FNDA:0,(anonymous_45)
FNDA:0,(anonymous_46)
FNDA:0,(anonymous_47)
FNDA:0,(anonymous_48)
FNDA:0,(anonymous_49)
FNDA:0,(anonymous_50)
FNDA:0,(anonymous_51)
FNDA:0,(anonymous_52)
FNDA:0,(anonymous_53)
FNDA:0,(anonymous_54)
FNDA:0,(anonymous_55)
FNDA:0,(anonymous_56)
FNDA:0,(anonymous_57)
FNDA:0,(anonymous_58)
FNDA:0,(anonymous_59)
FNDA:0,(anonymous_60)
FNDA:0,(anonymous_61)
FNDA:0,(anonymous_62)
FNDA:0,(anonymous_63)
FNDA:0,(anonymous_64)
FNDA:0,(anonymous_65)
FNDA:0,(anonymous_66)
FNDA:0,(anonymous_67)
DA:123,0
DA:125,0
DA:142,0
DA:158,0
DA:161,0
DA:162,0
DA:163,0
DA:164,0
DA:165,0
DA:166,0
DA:167,0
DA:168,0
DA:169,0
DA:170,0
DA:173,0
DA:174,0
DA:175,0
DA:176,0
DA:177,0
DA:180,0
DA:181,0
DA:187,0
DA:188,0
DA:189,0
DA:194,0
DA:195,0
DA:196,0
DA:197,0
DA:198,0
DA:200,0
DA:201,0
DA:202,0
DA:206,0
DA:207,0
DA:208,0
DA:209,0
DA:210,0
DA:211,0
DA:217,0
DA:218,0
DA:219,0
DA:223,0
DA:224,0
DA:225,0
DA:231,0
DA:232,0
DA:233,0
DA:239,0
DA:240,0
DA:241,0
DA:242,0
DA:243,0
DA:245,0
DA:249,0
DA:250,0
DA:251,0
DA:252,0
DA:253,0
DA:255,0
DA:257,0
DA:262,0
DA:263,0
DA:264,0
DA:265,0
DA:266,0
DA:267,0
DA:269,0
DA:270,0
DA:271,0
DA:272,0
DA:273,0
DA:274,0
DA:275,0
DA:280,0
DA:281,0
DA:282,0
DA:283,0
DA:285,0
DA:289,0
DA:290,0
DA:293,0
DA:294,0
DA:298,0
DA:299,0
DA:303,0
DA:304,0
DA:305,0
DA:310,0
DA:311,0
DA:312,0
DA:314,0
DA:315,0
DA:318,0
DA:337,0
DA:338,0
DA:339,0
DA:340,0
DA:343,0
DA:347,0
DA:349,0
DA:354,0
DA:355,0
DA:356,0
DA:357,0
DA:359,0
DA:364,0
DA:365,0
DA:366,0
DA:368,0
DA:373,0
DA:374,0
DA:375,0
DA:376,0
DA:377,0
DA:380,0
DA:381,0
DA:383,0
DA:386,0
DA:391,0
DA:393,0
DA:397,0
DA:398,0
DA:399,0
DA:400,0
DA:403,0
DA:404,0
DA:408,0
DA:410,0
DA:415,0
DA:416,0
DA:417,0
DA:419,0
DA:420,0
DA:421,0
DA:423,0
DA:424,0
DA:425,0
DA:426,0
DA:428,0
DA:431,0
DA:432,0
DA:433,0
DA:436,0
DA:439,0
DA:443,0
DA:444,0
DA:446,0
DA:447,0
DA:449,0
DA:466,0
DA:467,0
DA:468,0
DA:470,0
DA:515,0
DA:522,0
DA:528,0
DA:554,0
DA:559,0
DA:567,0
DA:568,0
DA:575,0
DA:595,0
DA:596,0
DA:599,0
DA:601,0
DA:603,0
DA:619,0
DA:622,0
DA:623,0
DA:638,0
DA:650,0
DA:677,0
DA:706,0
DA:707,0
DA:719,0
DA:729,0
DA:744,0
DA:745,0
DA:766,0
DA:780,0
DA:789,0
DA:791,0
DA:792,0
DA:793,0
DA:814,0
LF:185
LH:0
BRDA:128,0,0,0
BRDA:131,1,0,0
BRDA:132,2,0,0
BRDA:133,3,0,0
BRDA:134,4,0,0
BRDA:135,5,0,0
BRDA:136,6,0,0
BRDA:137,7,0,0
BRDA:138,8,0,0
BRDA:139,9,0,0
BRDA:140,10,0,0
BRDA:180,11,0,0
BRDA:182,12,0,0
BRDA:182,12,1,0
BRDA:188,13,0,0
BRDA:188,14,0,0
BRDA:188,14,1,0
BRDA:198,15,0,0
BRDA:208,16,0,0
BRDA:210,17,0,0
BRDA:219,18,0,0
BRDA:219,18,1,0
BRDA:225,19,0,0
BRDA:225,19,1,0
BRDA:233,20,0,0
BRDA:233,20,1,0
BRDA:241,21,0,0
BRDA:242,22,0,0
BRDA:242,22,1,0
BRDA:251,23,0,0
BRDA:252,24,0,0
BRDA:252,24,1,0
BRDA:253,25,0,0
BRDA:253,25,1,0
BRDA:282,26,0,0
BRDA:282,26,1,0
BRDA:293,27,0,0
BRDA:293,28,0,0
BRDA:293,28,1,0
BRDA:298,29,0,0
BRDA:312,30,0,0
BRDA:327,31,0,0
BRDA:327,31,1,0
BRDA:334,32,0,0
BRDA:334,32,1,0
BRDA:377,33,0,0
BRDA:377,33,1,0
BRDA:380,34,0,0
BRDA:380,34,1,0
BRDA:398,35,0,0
BRDA:408,36,0,0
BRDA:408,36,1,0
BRDA:423,37,0,0
BRDA:423,37,1,0
BRDA:425,38,0,0
BRDA:425,38,1,0
BRDA:431,39,0,0
BRDA:431,40,0,0
BRDA:431,40,1,0
BRDA:444,41,0,0
BRDA:458,42,0,0
BRDA:458,42,1,0
BRDA:458,43,0,0
BRDA:458,43,1,0
BRDA:459,44,0,0
BRDA:459,44,1,0
BRDA:471,45,0,0
BRDA:471,45,1,0
BRDA:479,46,0,0
BRDA:479,46,1,0
BRDA:481,47,0,0
BRDA:481,47,1,0
BRDA:483,48,0,0
BRDA:483,48,1,0
BRDA:488,49,0,0
BRDA:488,49,1,0
BRDA:494,50,0,0
BRDA:494,50,1,0
BRDA:496,51,0,0
BRDA:496,51,1,0
BRDA:506,52,0,0
BRDA:506,52,1,0
BRDA:509,53,0,0
BRDA:509,53,1,0
BRDA:511,54,0,0
BRDA:511,54,1,0
BRDA:539,55,0,0
BRDA:539,55,1,0
BRDA:541,56,0,0
BRDA:541,56,1,0
BRDA:553,57,0,0
BRDA:553,57,1,0
BRDA:558,58,0,0
BRDA:558,58,1,0
BRDA:564,59,0,0
BRDA:564,59,1,0
BRDA:591,60,0,0
BRDA:591,60,1,0
BRDA:591,60,2,0
BRDA:591,60,3,0
BRDA:595,61,0,0
BRDA:595,61,1,0
BRDA:603,62,0,0
BRDA:603,62,1,0
BRDA:615,63,0,0
BRDA:615,63,1,0
BRDA:636,64,0,0
BRDA:636,64,1,0
BRDA:636,64,2,0
BRDA:636,64,3,0
BRDA:642,65,0,0
BRDA:642,65,1,0
BRDA:653,66,0,0
BRDA:653,66,1,0
BRDA:659,67,0,0
BRDA:659,67,1,0
BRDA:664,68,0,0
BRDA:664,68,1,0
BRDA:673,69,0,0
BRDA:673,69,1,0
BRDA:682,70,0,0
BRDA:682,70,1,0
BRDA:687,71,0,0
BRDA:687,71,1,0
BRDA:700,72,0,0
BRDA:700,72,1,0
BRDA:733,73,0,0
BRDA:733,73,1,0
BRDA:744,74,0,0
BRDA:744,74,1,0
BRDA:753,75,0,0
BRDA:753,75,1,0
BRDA:791,76,0,0
BRDA:791,77,0,0
BRDA:791,77,1,0
BRDA:814,78,0,0
BRDA:814,78,1,0
BRF:137
BRH:0
end_of_record
TN:
SF:src/components/realtime/presence-indicator.tsx
FN:163,(anonymous_0)
FN:197,(anonymous_1)
FN:217,(anonymous_2)
FN:220,(anonymous_3)
FN:221,(anonymous_4)
FN:226,(anonymous_5)
FN:232,(anonymous_6)
FN:362,(anonymous_7)
FN:373,(anonymous_8)
FN:382,(anonymous_9)
FN:388,(anonymous_10)
FN:400,(anonymous_11)
FN:417,(anonymous_12)
FN:443,(anonymous_13)
FN:444,(anonymous_14)
FN:457,(anonymous_15)
FN:470,(anonymous_16)
FN:501,(anonymous_17)
FN:508,(anonymous_18)
FNF:19
FNH:0
FNDA:0,(anonymous_0)
FNDA:0,(anonymous_1)
FNDA:0,(anonymous_2)
FNDA:0,(anonymous_3)
FNDA:0,(anonymous_4)
FNDA:0,(anonymous_5)
FNDA:0,(anonymous_6)
FNDA:0,(anonymous_7)
FNDA:0,(anonymous_8)
FNDA:0,(anonymous_9)
FNDA:0,(anonymous_10)
FNDA:0,(anonymous_11)
FNDA:0,(anonymous_12)
FNDA:0,(anonymous_13)
FNDA:0,(anonymous_14)
FNDA:0,(anonymous_15)
FNDA:0,(anonymous_16)
FNDA:0,(anonymous_17)
FNDA:0,(anonymous_18)
DA:81,0
DA:108,0
DA:135,0
DA:163,0
DA:168,0
DA:170,0
DA:171,0
DA:173,0
DA:174,0
DA:176,0
DA:197,0
DA:210,0
DA:211,0
DA:212,0
DA:214,0
DA:217,0
DA:218,0
DA:219,0
DA:220,0
DA:221,0
DA:226,0
DA:227,0
DA:228,0
DA:232,0
DA:233,0
DA:235,0
DA:237,0
DA:240,0
DA:245,0
DA:317,0
DA:318,0
DA:321,0
DA:362,0
DA:372,0
DA:374,0
DA:375,0
DA:376,0
DA:377,0
DA:382,0
DA:383,0
DA:384,0
DA:385,0
DA:388,0
DA:389,0
DA:391,0
DA:393,0
DA:396,0
DA:400,0
DA:401,0
DA:402,0
DA:404,0
DA:418,0
DA:437,0
DA:443,0
DA:445,0
DA:446,0
DA:458,0
DA:470,0
DA:476,0
DA:477,0
DA:483,0
DA:501,0
DA:502,0
DA:503,0
DA:504,0
DA:506,0
DA:509,0
LF:67
LH:0
BRDA:165,0,0,0
BRDA:166,1,0,0
BRDA:168,2,0,0
BRDA:171,3,0,0
BRDA:185,4,0,0
BRDA:185,4,1,0
BRDA:185,4,2,0
BRDA:189,5,0,0
BRDA:189,5,1,0
BRDA:200,6,0,0
BRDA:201,7,0,0
BRDA:202,8,0,0
BRDA:203,9,0,0
BRDA:204,10,0,0
BRDA:205,11,0,0
BRDA:206,12,0,0
BRDA:207,13,0,0
BRDA:210,14,0,0
BRDA:210,14,1,0
BRDA:218,15,0,0
BRDA:227,16,0,0
BRDA:227,16,1,0
BRDA:233,17,0,0
BRDA:233,17,1,0
BRDA:233,17,2,0
BRDA:233,17,3,0
BRDA:249,18,0,0
BRDA:249,18,1,0
BRDA:255,19,0,0
BRDA:255,19,1,0
BRDA:270,20,0,0
BRDA:270,20,1,0
BRDA:270,20,2,0
BRDA:275,21,0,0
BRDA:275,21,1,0
BRDA:275,21,2,0
BRDA:285,22,0,0
BRDA:285,22,1,0
BRDA:299,23,0,0
BRDA:299,23,1,0
BRDA:299,23,2,0
BRDA:302,24,0,0
BRDA:302,24,1,0
BRDA:307,25,0,0
BRDA:307,25,1,0
BRDA:307,25,2,0
BRDA:307,25,3,0
BRDA:317,26,0,0
BRDA:335,27,0,0
BRDA:335,27,1,0
BRDA:343,28,0,0
BRDA:343,28,1,0
BRDA:349,29,0,0
BRDA:349,29,1,0
BRDA:349,29,2,0
BRDA:364,30,0,0
BRDA:365,31,0,0
BRDA:366,32,0,0
BRDA:367,33,0,0
BRDA:368,34,0,0
BRDA:369,35,0,0
BRDA:372,36,0,0
BRDA:372,36,1,0
BRDA:374,37,0,0
BRDA:374,37,1,0
BRDA:375,38,0,0
BRDA:383,39,0,0
BRDA:383,39,1,0
BRDA:384,40,0,0
BRDA:384,40,1,0
BRDA:389,41,0,0
BRDA:389,41,1,0
BRDA:389,41,2,0
BRDA:389,41,3,0
BRDA:406,42,0,0
BRDA:406,42,1,0
BRDA:406,42,2,0
BRDA:406,42,3,0
BRDA:427,43,0,0
BRDA:427,43,1,0
BRDA:440,44,0,0
BRDA:440,44,1,0
BRDA:440,44,2,0
BRDA:472,45,0,0
BRDA:473,46,0,0
BRDA:474,47,0,0
BRDA:489,48,0,0
BRDA:489,48,1,0
BRDA:489,48,2,0
BRDA:501,49,0,0
BRDA:501,50,0,0
BRDA:517,51,0,0
BRDA:517,51,1,0
BRDA:524,52,0,0
BRDA:524,52,1,0
BRF:95
BRH:0
end_of_record
TN:
SF:src/components/realtime/realtime-notifications.tsx
FN:196,(anonymous_0)
FN:247,(anonymous_1)
FN:252,(anonymous_2)
FN:253,(anonymous_3)
FN:257,(anonymous_4)
FN:261,(anonymous_5)
FN:262,(anonymous_6)
FN:263,(anonymous_7)
FN:271,(anonymous_8)
FN:279,(anonymous_9)
FN:287,(anonymous_10)
FN:301,(anonymous_11)
FN:317,(anonymous_12)
FN:326,(anonymous_13)
FN:332,(anonymous_14)
FN:337,(anonymous_15)
FN:388,(anonymous_16)
FN:410,(anonymous_17)
FN:411,(anonymous_18)
FN:412,(anonymous_19)
FN:420,(anonymous_20)
FN:421,(anonymous_21)
FN:421,(anonymous_22)
FN:423,(anonymous_23)
FN:424,(anonymous_24)
FN:432,(anonymous_25)
FN:433,(anonymous_26)
FN:434,(anonymous_27)
FN:441,(anonymous_28)
FN:442,(anonymous_29)
FN:452,(anonymous_30)
FN:455,(anonymous_31)
FN:463,(anonymous_32)
FN:464,(anonymous_33)
FN:492,(anonymous_34)
FN:493,(anonymous_35)
FN:497,(anonymous_36)
FN:501,(anonymous_37)
FN:525,(anonymous_38)
FN:534,(anonymous_39)
FN:545,(anonymous_40)
FN:608,(anonymous_41)
FN:616,(anonymous_42)
FN:676,(anonymous_43)
FN:677,(anonymous_44)
FN:686,(anonymous_45)
FN:687,(anonymous_46)
FN:697,(anonymous_47)
FN:701,(anonymous_48)
FN:742,(anonymous_49)
FN:761,(anonymous_50)
FN:765,(anonymous_51)
FN:766,(anonymous_52)
FN:796,(anonymous_53)
FN:800,(anonymous_54)
FN:801,(anonymous_55)
FN:829,(anonymous_56)
FN:835,(anonymous_57)
FNF:58
FNH:0
FNDA:0,(anonymous_0)
FNDA:0,(anonymous_1)
FNDA:0,(anonymous_2)
FNDA:0,(anonymous_3)
FNDA:0,(anonymous_4)
FNDA:0,(anonymous_5)
FNDA:0,(anonymous_6)
FNDA:0,(anonymous_7)
FNDA:0,(anonymous_8)
FNDA:0,(anonymous_9)
FNDA:0,(anonymous_10)
FNDA:0,(anonymous_11)
FNDA:0,(anonymous_12)
FNDA:0,(anonymous_13)
FNDA:0,(anonymous_14)
FNDA:0,(anonymous_15)
FNDA:0,(anonymous_16)
FNDA:0,(anonymous_17)
FNDA:0,(anonymous_18)
FNDA:0,(anonymous_19)
FNDA:0,(anonymous_20)
FNDA:0,(anonymous_21)
FNDA:0,(anonymous_22)
FNDA:0,(anonymous_23)
FNDA:0,(anonymous_24)
FNDA:0,(anonymous_25)
FNDA:0,(anonymous_26)
FNDA:0,(anonymous_27)
FNDA:0,(anonymous_28)
FNDA:0,(anonymous_29)
FNDA:0,(anonymous_30)
FNDA:0,(anonymous_31)
FNDA:0,(anonymous_32)
FNDA:0,(anonymous_33)
FNDA:0,(anonymous_34)
FNDA:0,(anonymous_35)
FNDA:0,(anonymous_36)
FNDA:0,(anonymous_37)
FNDA:0,(anonymous_38)
FNDA:0,(anonymous_39)
FNDA:0,(anonymous_40)
FNDA:0,(anonymous_41)
FNDA:0,(anonymous_42)
FNDA:0,(anonymous_43)
FNDA:0,(anonymous_44)
FNDA:0,(anonymous_45)
FNDA:0,(anonymous_46)
FNDA:0,(anonymous_47)
FNDA:0,(anonymous_48)
FNDA:0,(anonymous_49)
FNDA:0,(anonymous_50)
FNDA:0,(anonymous_51)
FNDA:0,(anonymous_52)
FNDA:0,(anonymous_53)
FNDA:0,(anonymous_54)
FNDA:0,(anonymous_55)
FNDA:0,(anonymous_56)
FNDA:0,(anonymous_57)
DA:130,0
DA:189,0
DA:196,0
DA:206,0
DA:207,0
DA:210,0
DA:211,0
DA:212,0
DA:213,0
DA:214,0
DA:215,0
DA:244,0
DA:247,0
DA:248,0
DA:252,0
DA:253,0
DA:254,0
DA:257,0
DA:258,0
DA:261,0
DA:262,0
DA:263,0
DA:267,0
DA:268,0
DA:269,0
DA:271,0
DA:272,0
DA:273,0
DA:274,0
DA:279,0
DA:280,0
DA:281,0
DA:282,0
DA:287,0
DA:289,0
DA:292,0
DA:295,0
DA:298,0
DA:301,0
DA:304,0
DA:305,0
DA:309,0
DA:310,0
DA:317,0
DA:318,0
DA:319,0
DA:320,0
DA:321,0
DA:325,0
DA:326,0
DA:331,0
DA:332,0
DA:337,0
DA:338,0
DA:340,0
DA:381,0
DA:383,0
DA:388,0
DA:389,0
DA:391,0
DA:392,0
DA:393,0
DA:395,0
DA:396,0
DA:398,0
DA:399,0
DA:402,0
DA:403,0
DA:406,0
DA:410,0
DA:411,0
DA:412,0
DA:416,0
DA:420,0
DA:421,0
DA:423,0
DA:424,0
DA:428,0
DA:432,0
DA:433,0
DA:434,0
DA:437,0
DA:441,0
DA:442,0
DA:443,0
DA:445,0
DA:448,0
DA:452,0
DA:453,0
DA:454,0
DA:455,0
DA:463,0
DA:464,0
DA:466,0
DA:467,0
DA:469,0
DA:473,0
DA:477,0
DA:478,0
DA:482,0
DA:483,0
DA:487,0
DA:492,0
DA:493,0
DA:497,0
DA:498,0
DA:499,0
DA:501,0
DA:502,0
DA:503,0
DA:505,0
DA:506,0
DA:507,0
DA:508,0
DA:510,0
DA:513,0
DA:514,0
DA:515,0
DA:518,0
DA:521,0
DA:525,0
DA:526,0
DA:527,0
DA:528,0
DA:530,0
DA:534,0
DA:535,0
DA:536,0
DA:538,0
DA:546,0
DA:547,0
DA:548,0
DA:609,0
DA:617,0
DA:618,0
DA:637,0
DA:677,0
DA:687,0
DA:698,0
DA:699,0
DA:701,0
DA:742,0
DA:762,0
DA:766,0
DA:767,0
DA:768,0
DA:769,0
DA:771,0
DA:773,0
DA:797,0
DA:801,0
DA:802,0
DA:803,0
DA:804,0
DA:806,0
DA:808,0
DA:830,0
DA:836,0
LF:158
LH:0
BRDA:197,0,0,0
BRDA:198,1,0,0
BRDA:199,2,0,0
BRDA:200,3,0,0
BRDA:201,4,0,0
BRDA:202,5,0,0
BRDA:263,6,0,0
BRDA:263,6,1,0
BRDA:280,7,0,0
BRDA:289,8,0,0
BRDA:292,9,0,0
BRDA:295,10,0,0
BRDA:298,11,0,0
BRDA:298,12,0,0
BRDA:298,12,1,0
BRDA:304,13,0,0
BRDA:304,14,0,0
BRDA:304,14,1,0
BRDA:309,15,0,0
BRDA:309,16,0,0
BRDA:309,16,1,0
BRDA:309,16,2,0
BRDA:312,17,0,0
BRDA:312,17,1,0
BRDA:325,18,0,0
BRDA:331,19,0,0
BRDA:389,20,0,0
BRDA:402,21,0,0
BRDA:406,22,0,0
BRDA:406,22,1,0
BRDA:412,23,0,0
BRDA:412,23,1,0
BRDA:434,24,0,0
BRDA:434,24,1,0
BRDA:443,25,0,0
BRDA:453,26,0,0
BRDA:453,27,0,0
BRDA:453,27,1,0
BRDA:466,28,0,0
BRDA:469,29,0,0
BRDA:469,29,1,0
BRDA:469,29,2,0
[...]
BRDA:506,98,1,0
BRDA:506,98,2,0
BRDA:506,98,3,0
BRDA:514,99,0,0
BRDA:514,99,1,0
BRDA:514,100,0,0
BRDA:514,100,1,0
BRDA:524,101,0,0
BRDA:528,102,0,0
BRDA:548,103,0,0
BRDA:548,103,1,0
BRDA:553,104,0,0
BRDA:554,105,0,0
BRDA:554,105,1,0
BRDA:575,106,0,0
BRDA:575,106,1,0
BRDA:581,107,0,0
BRDA:582,108,0,0
BRDA:582,108,1,0
BRDA:587,109,0,0
BRDA:587,109,1,0
BRDA:589,110,0,0
BRDA:589,110,1,0
BRDA:616,111,0,0
BRDA:619,112,0,0
BRDA:635,113,0,0
BRDA:635,113,1,0
BRDA:647,114,0,0
BRDA:648,115,0,0
BRDA:648,115,1,0
BRDA:648,116,0,0
BRDA:648,116,1,0
BRDA:648,116,2,0
BRDA:650,117,0,0
BRDA:651,118,0,0
BRDA:651,118,1,0
BRDA:653,119,0,0
BRDA:654,120,0,0
BRDA:654,120,1,0
BRDA:656,121,0,0
BRDA:657,122,0,0
BRDA:657,122,1,0
BRDA:659,123,0,0
BRDA:660,124,0,0
BRDA:660,124,1,0
BRDA:662,125,0,0
BRDA:663,126,0,0
BRDA:663,126,1,0
BRDA:665,127,0,0
BRDA:666,128,0,0
BRDA:666,128,1,0
BRDA:668,129,0,0
BRDA:670,130,0,0
BRDA:670,130,1,0
BRDA:670,131,0,0
BRDA:670,131,1,0
BRDA:682,132,0,0
BRDA:693,133,0,0
BRDA:698,134,0,0
BRDA:698,134,1,0
BRDA:708,135,0,0
BRDA:710,136,0,0
BRF:236
BRH:0
end_of_record
TN:
SF:src/utils/lazy-loading.tsx
FN:19,(anonymous_0)
FN:28,lazyWithRetry
FN:37,(anonymous_2)
FN:45,retryImport
FN:58,(anonymous_4)
FN:68,createLazyComponent
FN:79,(anonymous_6)
FN:98,(anonymous_7)
FN:101,(anonymous_8)
FN:102,(anonymous_9)
FN:103,(anonymous_10)
FN:112,useLazyLoad
FN:132,(anonymous_12)
FN:136,(anonymous_13)
FN:145,(anonymous_14)
FN:153,(anonymous_15)
FN:170,useLazyImage
FN:187,(anonymous_17)
FN:191,(anonymous_18)
FN:196,(anonymous_19)
FN:200,(anonymous_20)
FN:212,(anonymous_21)
FN:228,preloadComponent
FN:232,(anonymous_23)
FN:244,(anonymous_24)
FN:247,(anonymous_25)
FN:248,(anonymous_26)
FN:256,(anonymous_27)
FN:266,(anonymous_28)
FN:276,useVirtualScrolling
FN:291,(anonymous_30)
FN:292,(anonymous_31)
FN:301,(anonymous_32)
FNF:33
FNH:0
FNDA:0,(anonymous_0)
FNDA:0,lazyWithRetry
FNDA:0,(anonymous_2)
FNDA:0,retryImport
FNDA:0,(anonymous_4)
FNDA:0,createLazyComponent
FNDA:0,(anonymous_6)
FNDA:0,(anonymous_7)
FNDA:0,(anonymous_8)
FNDA:0,(anonymous_9)
FNDA:0,(anonymous_10)
FNDA:0,useLazyLoad
FNDA:0,(anonymous_12)
FNDA:0,(anonymous_13)
FNDA:0,(anonymous_14)
FNDA:0,(anonymous_15)
FNDA:0,useLazyImage
FNDA:0,(anonymous_17)
FNDA:0,(anonymous_18)
FNDA:0,(anonymous_19)
FNDA:0,(anonymous_20)
FNDA:0,(anonymous_21)
FNDA:0,preloadComponent
FNDA:0,(anonymous_23)
FNDA:0,(anonymous_24)
FNDA:0,(anonymous_25)
FNDA:0,(anonymous_26)
FNDA:0,(anonymous_27)
FNDA:0,(anonymous_28)
FNDA:0,useVirtualScrolling
FNDA:0,(anonymous_30)
FNDA:0,(anonymous_31)
FNDA:0,(anonymous_32)
DA:19,0
DA:20,0
DA:35,0
DA:37,0
DA:38,0
DA:50,0
DA:51,0
DA:53,0
DA:54,0
DA:58,0
DA:61,0
DA:75,0
DA:77,0
DA:79,0
DA:80,0
DA:98,0
DA:99,0
DA:101,0
DA:102,0
DA:103,0
DA:106,0
DA:124,0
DA:126,0
DA:127,0
DA:128,0
DA:129,0
DA:130,0
DA:132,0
DA:133,0
DA:135,0
DA:137,0
DA:138,0
DA:139,0
DA:140,0
DA:142,0
DA:145,0
DA:151,0
DA:153,0
DA:154,0
DA:158,0
DA:179,0
DA:181,0
DA:182,0
DA:183,0
DA:184,0
DA:185,0
DA:187,0
DA:188,0
DA:190,0
DA:192,0
DA:193,0
DA:195,0
DA:196,0
DA:197,0
DA:198,0
DA:200,0
DA:201,0
DA:202,0
DA:204,0
DA:210,0
DA:212,0
DA:213,0
DA:217,0
DA:232,0
DA:240,0
DA:246,0
DA:247,0
DA:248,0
DA:257,0
DA:269,0
DA:284,0
DA:285,0
DA:287,0
DA:288,0
DA:289,0
DA:291,0
DA:292,0
DA:298,0
DA:299,0
DA:301,0
DA:302,0
DA:305,0
LF:82
LH:0
BRDA:30,0,0,0
BRDA:33,1,0,0
BRDA:34,2,0,0
BRDA:53,3,0,0
BRDA:70,4,0,0
BRDA:73,5,0,0
BRDA:74,6,0,0
BRDA:81,7,0,0
BRDA:81,7,1,0
BRDA:106,8,0,0
BRDA:106,8,1,0
BRDA:114,9,0,0
BRDA:121,10,0,0
BRDA:122,11,0,0
BRDA:123,12,0,0
BRDA:133,13,0,0
BRDA:133,14,0,0
BRDA:133,14,1,0
BRDA:133,14,2,0
BRDA:137,15,0,0
BRDA:137,16,0,0
BRDA:137,16,1,0
BRDA:170,17,0,0
BRDA:176,18,0,0
BRDA:177,19,0,0
BRDA:178,20,0,0
BRDA:188,21,0,0
BRDA:188,22,0,0
BRDA:188,22,1,0
BRDA:192,23,0,0
BRDA:192,24,0,0
BRDA:192,24,1,0
BRDA:246,25,0,0
BRDA:246,26,0,0
BRDA:246,26,1,0
BRDA:284,27,0,0
BRF:36
BRH:0
end_of_record
TN:
SF:src/utils/responsive-utils.ts
FN:36,useIsMobile
FN:39,(anonymous_1)
FN:41,(anonymous_2)
FN:52,(anonymous_3)
FN:60,(anonymous_4)
FN:73,useDeviceType
FN:86,(anonymous_6)
FN:87,(anonymous_7)
FN:109,(anonymous_8)
FN:117,(anonymous_9)
FN:130,useOrientation
FN:141,(anonymous_11)
FN:142,(anonymous_12)
FN:165,(anonymous_13)
FN:166,(anonymous_14)
FN:173,(anonymous_15)
FN:187,usePrefersReducedMotion
FN:190,(anonymous_17)
FN:195,(anonymous_18)
FN:201,(anonymous_19)
FN:216,usePrefersDarkMode
FN:219,(anonymous_21)
FN:224,(anonymous_22)
FN:230,(anonymous_23)
FN:245,useIsTouchDevice
FN:248,(anonymous_25)
FN:263,useDevice
FN:282,useBreakpointCallback
FN:287,(anonymous_28)
FN:288,(anonymous_29)
FN:307,(anonymous_30)
FN:316,useBreakpointValue
FNF:32
FNH:0
FNDA:0,useIsMobile
FNDA:0,(anonymous_1)
FNDA:0,(anonymous_2)
FNDA:0,(anonymous_3)
FNDA:0,(anonymous_4)
FNDA:0,useDeviceType
FNDA:0,(anonymous_6)
FNDA:0,(anonymous_7)
FNDA:0,(anonymous_8)
FNDA:0,(anonymous_9)
FNDA:0,useOrientation
FNDA:0,(anonymous_11)
FNDA:0,(anonymous_12)
FNDA:0,(anonymous_13)
FNDA:0,(anonymous_14)
FNDA:0,(anonymous_15)
FNDA:0,usePrefersReducedMotion
FNDA:0,(anonymous_17)
FNDA:0,(anonymous_18)
FNDA:0,(anonymous_19)
FNDA:0,usePrefersDarkMode
FNDA:0,(anonymous_21)
FNDA:0,(anonymous_22)
FNDA:0,(anonymous_23)
FNDA:0,useIsTouchDevice
FNDA:0,(anonymous_25)
FNDA:0,useDevice
FNDA:0,useBreakpointCallback
FNDA:0,(anonymous_28)
FNDA:0,(anonymous_29)
FNDA:0,(anonymous_30)
FNDA:0,useBreakpointValue
DA:13,0
DA:22,0
DA:37,0
DA:39,0
DA:41,0
DA:42,0
DA:43,0
DA:45,0
DA:49,0
DA:52,0
DA:53,0
DA:57,0
DA:60,0
DA:61,0
DA:65,0
DA:74,0
DA:86,0
DA:87,0
DA:88,0
DA:89,0
DA:90,0
DA:97,0
DA:106,0
DA:109,0
DA:110,0
DA:114,0
DA:117,0
DA:118,0
DA:122,0
DA:131,0
DA:141,0
DA:142,0
DA:143,0
DA:144,0
DA:145,0
DA:146,0
DA:148,0
DA:154,0
DA:162,0
DA:165,0
DA:166,0
DA:169,0
DA:170,0
DA:173,0
DA:174,0
DA:175,0
DA:179,0
DA:188,0
DA:190,0
DA:191,0
DA:192,0
DA:193,0
DA:195,0
DA:196,0
DA:199,0
DA:201,0
DA:202,0
DA:205,0
DA:208,0
DA:217,0
DA:219,0
DA:220,0
DA:221,0
DA:222,0
DA:224,0
DA:225,0
DA:228,0
DA:230,0
DA:231,0
DA:234,0
DA:237,0
DA:246,0
DA:248,0
DA:249,0
DA:250,0
DA:251,0
DA:255,0
DA:264,0
DA:265,0
DA:266,0
DA:267,0
DA:268,0
DA:270,0
DA:287,0
DA:288,0
DA:289,0
DA:291,0
DA:292,0
DA:293,0
DA:294,0
DA:296,0
DA:301,0
DA:304,0
DA:307,0
DA:308,0
DA:321,0
DA:323,0
DA:324,0
DA:325,0
DA:329,0
LF:100
LH:0
BRDA:36,0,0,0
BRDA:42,1,0,0
BRDA:88,2,0,0
BRDA:92,3,0,0
BRDA:92,3,1,0
BRDA:143,4,0,0
BRDA:146,5,0,0
BRDA:146,5,1,0
BRDA:191,6,0,0
BRDA:220,7,0,0
BRDA:249,8,0,0
BRDA:250,9,0,0
BRDA:250,9,1,0
BRDA:291,10,0,0
BRDA:291,10,1,0
BRDA:293,11,0,0
BRDA:293,11,1,0
BRDA:323,12,0,0
BRDA:324,13,0,0
BRDA:324,14,0,0
BRDA:324,14,1,0
BRDA:324,14,2,0
BRDA:325,15,0,0
BRDA:325,15,1,0
BRF:24
BRH:0
end_of_record
TN:
SF:src/utils/security.ts
FN:36,applyCSP
FN:43,(anonymous_1)
FN:57,generateNonce
FN:60,(anonymous_3)
FN:72,(anonymous_4)
FN:75,(anonymous_5)
FN:85,(anonymous_6)
FN:98,(anonymous_7)
FN:107,(anonymous_8)
FN:123,(anonymous_9)
FN:132,(anonymous_10)
FN:155,(anonymous_11)
FN:170,(anonymous_12)
FN:173,(anonymous_13)
FN:189,(anonymous_14)
FN:194,(anonymous_15)
FN:209,(anonymous_16)
FN:252,(anonymous_17)
FN:274,(anonymous_18)
FN:308,(anonymous_19)
FN:334,(anonymous_20)
FN:352,(anonymous_21)
FN:371,(anonymous_22)
FN:378,(anonymous_23)
FN:389,(anonymous_24)
FN:425,setupSecurityEventListeners
FN:427,(anonymous_26)
FN:447,(anonymous_27)
FN:458,initializeAuth
FN:484,isAuthenticated
FNF:30
FNH:0
FNDA:0,applyCSP
FNDA:0,(anonymous_1)
FNDA:0,generateNonce
FNDA:0,(anonymous_3)
FNDA:0,(anonymous_4)
FNDA:0,(anonymous_5)
FNDA:0,(anonymous_6)
FNDA:0,(anonymous_7)
FNDA:0,(anonymous_8)
FNDA:0,(anonymous_9)
FNDA:0,(anonymous_10)
FNDA:0,(anonymous_11)
FNDA:0,(anonymous_12)
FNDA:0,(anonymous_13)
FNDA:0,(anonymous_14)
FNDA:0,(anonymous_15)
FNDA:0,(anonymous_16)
FNDA:0,(anonymous_17)
FNDA:0,(anonymous_18)
FNDA:0,(anonymous_19)
FNDA:0,(anonymous_20)
FNDA:0,(anonymous_21)
FNDA:0,(anonymous_22)
FNDA:0,(anonymous_23)
FNDA:0,(anonymous_24)
FNDA:0,setupSecurityEventListeners
FNDA:0,(anonymous_26)
FNDA:0,(anonymous_27)
FNDA:0,initializeAuth
FNDA:0,isAuthenticated
DA:17,0
DA:37,0
DA:39,0
DA:40,0
DA:42,0
DA:44,0
DA:45,0
DA:49,0
DA:50,0
DA:58,0
DA:59,0
DA:60,0
DA:67,0
DA:73,0
DA:74,0
DA:75,0
DA:78,0
DA:79,0
DA:86,0
DA:88,0
DA:89,0
DA:92,0
DA:99,0
DA:108,0
DA:109,0
DA:111,0
DA:112,0
DA:124,0
DA:125,0
DA:126,0
DA:133,0
DA:134,0
DA:137,0
DA:138,0
DA:141,0
DA:144,0
DA:145,0
DA:148,0
DA:157,0
DA:170,0
DA:172,0
DA:173,0
DA:175,0
DA:179,0
DA:181,0
DA:182,0
DA:189,0
DA:191,0
DA:194,0
DA:195,0
DA:198,0
DA:199,0
DA:201,0
DA:202,0
DA:210,0
DA:213,0
DA:214,0
DA:218,0
DA:219,0
DA:221,0
DA:222,0
DA:223,0
DA:225,0
DA:226,0
DA:229,0
DA:231,0
DA:235,0
DA:241,0
DA:242,0
DA:245,0
DA:253,0
DA:255,0
DA:257,0
DA:260,0
DA:263,0
DA:274,0
DA:276,0
DA:278,0
DA:279,0
DA:283,0
DA:286,0
DA:289,0
DA:292,0
DA:293,0
DA:298,0
DA:300,0
DA:301,0
DA:308,0
DA:310,0
DA:312,0
DA:313,0
DA:317,0
DA:320,0
DA:323,0
DA:325,0
DA:326,0
DA:336,0
DA:343,0
DA:344,0
DA:346,0
DA:353,0
DA:355,0
DA:356,0
DA:360,0
DA:361,0
DA:372,0
DA:374,0
DA:376,0
DA:377,0
DA:378,0
DA:380,0
DA:383,0
DA:390,0
DA:391,0
DA:399,0
DA:427,0
DA:428,0
DA:430,0
DA:432,0
DA:434,0
DA:436,0
DA:437,0
DA:445,0
DA:446,0
DA:447,0
DA:448,0
DA:449,0
DA:459,0
DA:461,0
DA:464,0
DA:465,0
DA:467,0
DA:468,0
DA:472,0
DA:475,0
DA:485,0
DA:486,0
DA:487,0
DA:489,0
LF:139
LH:0
BRDA:37,0,0,0
BRDA:44,1,0,0
BRDA:88,2,0,0
BRDA:109,3,0,0
BRDA:137,4,0,0
BRDA:144,5,0,0
BRDA:172,6,0,0
BRDA:172,6,1,0
BRDA:213,7,0,0
BRDA:225,8,0,0
BRDA:235,9,0,0
BRDA:237,10,0,0
BRDA:237,10,1,0
BRDA:237,10,2,0
BRDA:237,10,3,0
BRDA:278,11,0,0
BRDA:292,12,0,0
BRDA:312,13,0,0
BRDA:355,14,0,0
BRDA:374,15,0,0
BRDA:428,16,0,0
BRDA:432,17,0,0
BRDA:432,18,0,0
BRDA:432,18,1,0
BRDA:434,19,0,0
BRDA:465,20,0,0
BRDA:465,21,0,0
BRDA:465,21,1,0
BRDA:487,22,0,0
BRDA:487,22,1,0
BRF:30
BRH:0
end_of_record
TN:
SF:src/utils/seo.tsx
FN:193,(anonymous_0)
FN:205,(anonymous_1)
FN:219,(anonymous_2)
FN:240,(anonymous_3)
FN:258,(anonymous_4)
FN:275,(anonymous_5)
FN:285,(anonymous_6)
FN:290,(anonymous_7)
FN:312,(anonymous_8)
FN:366,generateBreadcrumbSchema
FN:370,(anonymous_10)
FN:382,generateOrganizationSchema
FN:401,generateLocalBusinessSchema
FN:450,generateProductSchema
FN:505,generatePersonSchema
FN:534,generateFAQSchema
FN:538,(anonymous_16)
FN:552,generateJobPostingSchema
FNF:18
FNH:0
FNDA:0,(anonymous_0)
FNDA:0,(anonymous_1)
FNDA:0,(anonymous_2)
FNDA:0,(anonymous_3)
FNDA:0,(anonymous_4)
FNDA:0,(anonymous_5)
FNDA:0,(anonymous_6)
FNDA:0,(anonymous_7)
FNDA:0,(anonymous_8)
FNDA:0,generateBreadcrumbSchema
FNDA:0,(anonymous_10)
FNDA:0,generateOrganizationSchema
FNDA:0,generateLocalBusinessSchema
FNDA:0,generateProductSchema
FNDA:0,generatePersonSchema
FNDA:0,generateFAQSchema
FNDA:0,(anonymous_16)
FNDA:0,generateJobPostingSchema
DA:146,0
DA:193,0
DA:194,0
DA:196,0
DA:197,0
DA:199,0
DA:205,0
DA:206,0
DA:208,0
DA:209,0
DA:210,0
DA:211,0
DA:213,0
DA:219,0
DA:220,0
DA:222,0
DA:223,0
DA:226,0
DA:227,0
DA:230,0
DA:231,0
DA:234,0
DA:240,0
DA:241,0
DA:244,0
DA:247,0
DA:248,0
DA:249,0
DA:252,0
DA:258,0
DA:259,0
DA:261,0
DA:276,0
DA:285,0
DA:286,0
DA:288,0
DA:291,0
DA:312,0
DA:314,0
DA:317,0
DA:318,0
DA:321,0
DA:323,0
DA:367,0
DA:370,0
DA:388,0
DA:420,0
DA:469,0
DA:513,0
DA:535,0
DA:538,0
DA:572,0
LF:52
LH:0
BRDA:196,0,0,0
BRDA:197,1,0,0
BRDA:208,2,0,0
BRDA:209,3,0,0
BRDA:210,4,0,0
BRDA:211,5,0,0
BRDA:222,6,0,0
BRDA:226,7,0,0
BRDA:230,8,0,0
BRDA:247,9,0,0
BRDA:259,10,0,0
BRDA:263,11,0,0
BRDA:263,11,1,0
BRDA:266,12,0,0
BRDA:266,12,1,0
BRDA:269,13,0,0
BRDA:269,13,1,0
BRDA:272,14,0,0
BRDA:272,14,1,0
BRDA:286,15,0,0
BRDA:293,16,0,0
BRDA:293,16,1,0
BRDA:294,17,0,0
BRDA:294,17,1,0
BRDA:292,18,0,0
BRDA:292,18,1,0
BRDA:292,19,0,0
BRDA:292,19,1,0
BRDA:317,20,0,0
BRDA:317,20,1,0
BRDA:318,21,0,0
BRDA:318,21,1,0
BRDA:326,22,0,0
BRDA:326,22,1,0
BRDA:327,23,0,0
BRDA:327,23,1,0
BRDA:328,24,0,0
BRDA:328,24,1,0
BRDA:329,25,0,0
BRDA:329,25,1,0
BRDA:330,26,0,0
BRDA:330,26,1,0
BRDA:333,27,0,0
BRDA:333,27,1,0
BRDA:334,28,0,0
BRDA:334,28,1,0
BRDA:335,29,0,0
BRDA:335,29,1,0
BRDA:336,30,0,0
BRDA:336,30,1,0
BRDA:337,31,0,0
BRDA:337,31,1,0
BRDA:340,32,0,0
BRDA:340,32,1,0
BRDA:341,33,0,0
BRDA:341,33,1,0
BRDA:342,34,0,0
BRDA:342,34,1,0
BRDA:343,35,0,0
BRDA:343,35,1,0
BRDA:344,36,0,0
BRDA:344,36,1,0
BRDA:345,37,0,0
BRDA:345,37,1,0
BRDA:354,38,0,0
BRDA:354,38,1,0
BRDA:394,39,0,0
BRDA:394,39,1,0
BRDA:436,40,0,0
BRDA:436,40,1,0
BRDA:443,41,0,0
BRDA:443,41,1,0
BRDA:475,42,0,0
BRDA:475,42,1,0
BRDA:476,43,0,0
BRDA:476,43,1,0
BRDA:480,44,0,0
BRDA:480,44,1,0
BRDA:487,45,0,0
BRDA:487,45,1,0
BRDA:488,46,0,0
BRDA:488,46,1,0
BRDA:489,47,0,0
BRDA:489,47,1,0
BRDA:490,48,0,0
BRDA:490,48,1,0
BRDA:492,49,0,0
BRDA:492,49,1,0
BRDA:517,50,0,0
BRDA:517,50,1,0
BRDA:518,51,0,0
BRDA:518,51,1,0
BRDA:519,52,0,0
BRDA:519,52,1,0
BRDA:520,53,0,0
BRDA:520,53,1,0
BRDA:524,54,0,0
BRDA:524,54,1,0
BRDA:527,55,0,0
BRDA:527,55,1,0
BRDA:578,56,0,0
BRDA:578,56,1,0
BRDA:579,57,0,0
BRDA:579,57,1,0
BRDA:583,58,0,0
BRDA:583,58,1,0
BRDA:584,59,0,0
BRDA:584,59,1,0
BRDA:586,60,0,0
BRDA:586,60,1,0
BRDA:599,61,0,0
BRDA:599,61,1,0
BRF:112
BRH:0
end_of_record
TN:
SF:src/utils/task-utils.ts
FN:35,isTaskLocationObject
FN:42,getLocationDisplayText
FN:65,formatTaskStatus
FN:66,(anonymous_3)
FN:72,getStatusColor
FN:90,getStatusIcon
FN:108,getTaskStatusDisplayText
FN:115,isTaskCompleted
FN:122,isTaskInProgress
FN:129,isTaskOpen
FNF:10
FNH:0
FNDA:0,isTaskLocationObject
FNDA:0,getLocationDisplayText
FNDA:0,formatTaskStatus
FNDA:0,(anonymous_3)
FNDA:0,getStatusColor
FNDA:0,getStatusIcon
FNDA:0,getTaskStatusDisplayText
FNDA:0,isTaskCompleted
FNDA:0,isTaskInProgress
FNDA:0,isTaskOpen
DA:36,0
DA:43,0
DA:44,0
DA:45,0
DA:46,0
DA:47,0
DA:53,0
DA:55,0
DA:66,0
DA:73,0
DA:75,0
DA:77,0
DA:79,0
DA:81,0
DA:83,0
DA:91,0
DA:93,0
DA:95,0
DA:97,0
DA:99,0
DA:101,0
DA:109,0
DA:116,0
DA:123,0
DA:130,0
LF:25
LH:0
BRDA:36,0,0,0
BRDA:36,0,1,0
BRDA:36,0,2,0
BRDA:43,1,0,0
BRDA:44,2,0,0
BRDA:45,3,0,0
BRDA:46,4,0,0
BRDA:53,5,0,0
BRDA:53,5,1,0
BRDA:73,6,0,0
BRDA:73,6,1,0
BRDA:73,6,2,0
BRDA:73,6,3,0
BRDA:73,6,4,0
BRDA:91,7,0,0
BRDA:91,7,1,0
BRDA:91,7,2,0
BRDA:91,7,3,0
BRDA:91,7,4,0
BRF:19
BRH:0
end_of_record
TN:
SF:src/utils/type-adapters.ts
FN:32,isOpenTask
FN:42,isAcceptedTask
FN:52,isInProgressTask
FN:62,isCompletedTask
FN:72,isCancelledTask
FN:82,isDisputedTask
FN:93,canAssignTask
FN:104,canStartTask
FN:115,canCompleteTask
FN:126,canCancelTask
FN:137,canDisputeTask
FN:147,isUserRole
FN:157,isBidStatus
FN:176,toDiscriminatedTask
FN:190,toRegularTask
FN:280,isDiscriminatedTask
FN:290,isRegularTask
FN:300,ensureDiscriminatedTask
FN:311,ensureRegularTask
FNF:19
FNH:0
FNDA:0,isOpenTask
FNDA:0,isAcceptedTask
FNDA:0,isInProgressTask
FNDA:0,isCompletedTask
FNDA:0,isCancelledTask
FNDA:0,isDisputedTask
FNDA:0,canAssignTask
FNDA:0,canStartTask
FNDA:0,canCompleteTask
FNDA:0,canCancelTask
FNDA:0,canDisputeTask
FNDA:0,isUserRole
FNDA:0,isBidStatus
FNDA:0,toDiscriminatedTask
FNDA:0,toRegularTask
FNDA:0,isDiscriminatedTask
FNDA:0,isRegularTask
FNDA:0,ensureDiscriminatedTask
FNDA:0,ensureRegularTask
DA:33,0
DA:43,0
DA:53,0
DA:63,0
DA:73,0
DA:83,0
DA:94,0
DA:105,0
DA:116,0
DA:127,0
DA:138,0
DA:148,0
DA:158,0
DA:178,0
DA:192,0
DA:223,0
DA:224,0
DA:225,0
DA:226,0
DA:227,0
DA:228,0
DA:229,0
DA:230,0
DA:231,0
DA:232,0
DA:233,0
DA:234,0
DA:235,0
DA:236,0
DA:237,0
DA:238,0
DA:239,0
DA:240,0
DA:241,0
DA:242,0
DA:243,0
DA:244,0
DA:245,0
DA:246,0
DA:247,0
DA:248,0
DA:249,0
DA:250,0
DA:251,0
DA:252,0
DA:253,0
DA:254,0
DA:255,0
DA:256,0
DA:257,0
DA:258,0
DA:259,0
DA:260,0
DA:261,0
DA:262,0
DA:263,0
DA:264,0
DA:265,0
DA:266,0
DA:267,0
DA:268,0
DA:271,0
DA:281,0
DA:291,0
DA:302,0
DA:312,0
DA:313,0
DA:315,0
LF:68
LH:0
BRDA:127,0,0,0
BRDA:127,0,1,0
BRDA:127,0,2,0
BRDA:210,1,0,0
BRDA:210,1,1,0
BRDA:211,2,0,0
BRDA:211,2,1,0
BRDA:223,3,0,0
BRDA:223,3,1,0
BRDA:226,4,0,0
BRDA:226,4,1,0
BRDA:234,5,0,0
BRDA:234,5,1,0
BRDA:244,6,0,0
BRDA:244,6,1,0
BRDA:254,7,0,0
BRDA:254,7,1,0
BRDA:258,8,0,0
BRDA:281,9,0,0
BRDA:281,9,1,0
BRDA:312,10,0,0
BRDA:312,10,1,0
BRF:22
BRH:0
end_of_record
TN:
SF:src/utils/uae-currency-utils.ts
FN:52,(anonymous_0)
FN:72,(anonymous_1)
FN:118,(anonymous_2)
FN:147,(anonymous_3)
FN:216,(anonymous_4)
FN:251,(anonymous_5)
FN:293,(anonymous_6)
FN:332,(anonymous_7)
FN:383,(anonymous_8)
FN:402,(anonymous_9)
FN:440,(anonymous_10)
FN:468,(anonymous_11)
FN:475,(anonymous_12)
FN:486,(anonymous_13)
FNF:14
FNH:0
FNDA:0,(anonymous_0)
FNDA:0,(anonymous_1)
FNDA:0,(anonymous_2)
FNDA:0,(anonymous_3)
FNDA:0,(anonymous_4)
FNDA:0,(anonymous_5)
FNDA:0,(anonymous_6)
FNDA:0,(anonymous_7)
FNDA:0,(anonymous_8)
FNDA:0,(anonymous_9)
FNDA:0,(anonymous_10)
FNDA:0,(anonymous_11)
FNDA:0,(anonymous_12)
FNDA:0,(anonymous_13)
DA:52,0
DA:65,0
DA:68,0
DA:71,0
DA:72,0
DA:73,0
DA:74,0
DA:75,0
DA:76,0
DA:78,0
DA:81,0
DA:82,0
DA:84,0
DA:85,0
DA:87,0
DA:92,0
DA:103,0
DA:106,0
DA:107,0
DA:108,0
DA:109,0
DA:112,0
DA:118,0
DA:119,0
DA:122,0
DA:130,0
DA:131,0
DA:132,0
DA:134,0
DA:135,0
DA:140,0
DA:141,0
DA:147,0
DA:161,0
DA:163,0
DA:164,0
DA:168,0
DA:169,0
DA:170,0
DA:172,0
DA:176,0
DA:177,0
DA:179,0
DA:182,0
DA:183,0
DA:184,0
DA:188,0
DA:189,0
DA:192,0
DA:193,0
DA:196,0
DA:197,0
DA:201,0
DA:202,0
DA:205,0
DA:216,0
DA:234,0
DA:236,0
DA:239,0
DA:240,0
DA:241,0
DA:242,0
DA:250,0
DA:251,0
DA:254,0
DA:255,0
DA:256,0
DA:257,0
DA:267,0
DA:268,0
DA:270,0
DA:276,0
DA:277,0
DA:278,0
DA:280,0
DA:293,0
DA:298,0
DA:301,0
DA:310,0
DA:311,0
DA:313,0
DA:314,0
DA:315,0
DA:318,0
DA:324,0
DA:325,0
DA:332,0
DA:338,0
DA:356,0
DA:359,0
DA:365,0
DA:366,0
DA:368,0
DA:369,0
DA:370,0
DA:372,0
DA:383,0
DA:387,0
DA:389,0
DA:390,0
DA:392,0
DA:393,0
DA:395,0
DA:402,0
DA:412,0
DA:413,0
DA:415,0
DA:430,0
DA:440,0
DA:445,0
DA:448,0
DA:449,0
DA:450,0
DA:454,0
DA:455,0
DA:459,0
DA:460,0
DA:462,0
DA:468,0
DA:469,0
DA:475,0
DA:480,0
DA:486,0
LF:123
LH:0
BRDA:54,0,0,0
BRDA:57,1,0,0
BRDA:58,2,0,0
BRDA:59,3,0,0
BRDA:60,4,0,0
BRDA:61,5,0,0
BRDA:62,6,0,0
BRDA:63,7,0,0
BRDA:64,8,0,0
BRDA:68,9,0,0
BRDA:68,9,1,0
BRDA:71,10,0,0
BRDA:71,11,0,0
BRDA:71,11,1,0
BRDA:73,12,0,0
BRDA:73,12,1,0
BRDA:75,13,0,0
BRDA:82,14,0,0
BRDA:82,14,1,0
BRDA:84,15,0,0
BRDA:84,15,1,0
BRDA:93,16,0,0
BRDA:93,16,1,0
BRDA:95,17,0,0
BRDA:95,17,1,0
BRDA:95,18,0,0
BRDA:95,18,1,0
BRDA:99,19,0,0
BRDA:99,19,1,0
BRDA:99,20,0,0
BRDA:99,20,1,0
BRDA:106,21,0,0
BRDA:106,22,0,0
BRDA:106,22,1,0
BRDA:106,22,2,0
BRDA:119,23,0,0
BRDA:119,24,0,0
BRDA:119,24,1,0
BRDA:130,25,0,0
BRDA:141,26,0,0
BRDA:141,26,1,0
BRDA:149,27,0,0
BRDA:157,28,0,0
BRDA:158,29,0,0
BRDA:159,30,0,0
BRDA:160,31,0,0
BRDA:168,32,0,0
BRDA:168,33,0,0
BRDA:168,33,1,0
BRDA:169,34,0,0
BRDA:176,35,0,0
BRDA:176,35,1,0
BRDA:182,36,0,0
BRDA:182,37,0,0
BRDA:182,37,1,0
BRDA:188,38,0,0
BRDA:188,39,0,0
BRDA:188,39,1,0
BRDA:192,40,0,0
BRDA:196,41,0,0
BRDA:201,42,0,0
BRDA:218,43,0,0
BRDA:228,44,0,0
BRDA:229,45,0,0
BRDA:230,46,0,0
BRDA:231,47,0,0
BRDA:232,48,0,0
BRDA:233,49,0,0
BRDA:240,50,0,0
BRDA:240,51,0,0
BRDA:240,51,1,0
BRDA:255,52,0,0
BRDA:255,53,0,0
BRDA:255,53,1,0
BRDA:295,54,0,0
BRDA:296,55,0,0
BRDA:313,56,0,0
BRDA:334,57,0,0
BRDA:356,58,0,0
BRDA:356,58,1,0
BRDA:366,59,0,0
BRDA:366,59,1,0
BRDA:385,60,0,0
BRDA:387,61,0,0
BRDA:392,62,0,0
BRDA:392,62,1,0
BRDA:442,63,0,0
BRDA:449,64,0,0
BRDA:454,65,0,0
BRDA:454,66,0,0
BRDA:454,66,1,0
BRDA:462,67,0,0
BRDA:462,67,1,0
BRDA:468,68,0,0
BRDA:469,69,0,0
BRDA:469,69,1,0
BRF:96
BRH:0
end_of_record
TN:
SF:src/utils/ui-utils.ts
FN:11,getResponsiveImageSrc
FN:22,getResponsiveImageSrcSet
FN:27,(anonymous_2)
FN:37,calculateImageDimensions
FN:62,getResponsiveClasses
FN:116,(anonymous_5)
FN:118,(anonymous_6)
FN:120,(anonymous_7)
FN:123,useSidebar
FNF:9
FNH:0
FNDA:0,getResponsiveImageSrc
FNDA:0,getResponsiveImageSrcSet
FNDA:0,(anonymous_2)
FNDA:0,calculateImageDimensions
FNDA:0,getResponsiveClasses
FNDA:0,(anonymous_5)
FNDA:0,(anonymous_6)
FNDA:0,(anonymous_7)
FNDA:0,useSidebar
DA:16,0
DA:26,0
DA:28,0
DA:29,0
DA:42,0
DA:44,0
DA:46,0
DA:52,0
DA:66,0
DA:68,0
DA:69,0
DA:70,0
DA:71,0
DA:73,0
DA:80,0
DA:81,0
DA:82,0
DA:83,0
DA:84,0
DA:85,0
DA:91,0
DA:113,0
DA:124,0
LF:23
LH:0
BRDA:13,0,0,0
BRDA:16,1,0,0
BRDA:16,1,1,0
BRDA:16,1,2,0
BRDA:16,1,3,0
BRDA:24,2,0,0
BRDA:44,3,0,0
BRDA:44,3,1,0
BRDA:64,4,0,0
BRDA:68,5,0,0
BRDA:69,6,0,0
BRDA:70,7,0,0
BRDA:71,8,0,0
BRF:13
BRH:0
end_of_record
