TN:
SF:src\App.tsx
FN:12,(anonymous_10)
FN:19,(anonymous_11)
FN:19,(anonymous_12)
FN:20,(anonymous_13)
FN:20,(anonymous_14)
FN:21,(anonymous_15)
FN:21,(anonymous_16)
FN:22,(anonymous_17)
FN:22,(anonymous_18)
FN:23,(anonymous_19)
FN:23,(anonymous_20)
FN:24,(anonymous_21)
FN:24,(anonymous_22)
FN:25,(anonymous_23)
FN:25,(anonymous_24)
FN:26,(anonymous_25)
FN:26,(anonymous_26)
FN:27,(anonymous_27)
FN:27,(anonymous_28)
FN:28,(anonymous_29)
FN:28,(anonymous_30)
FN:29,(anonymous_31)
FN:29,(anonymous_32)
FN:31,(anonymous_33)
FNF:24
FNH:4
FNDA:1,(anonymous_10)
FNDA:1,(anonymous_11)
FNDA:1,(anonymous_12)
FNDA:0,(anonymous_13)
FNDA:0,(anonymous_14)
FNDA:0,(anonymous_15)
FNDA:0,(anonymous_16)
FNDA:0,(anonymous_17)
FNDA:0,(anonymous_18)
FNDA:0,(anonymous_19)
FNDA:0,(anonymous_20)
FNDA:0,(anonymous_21)
FNDA:0,(anonymous_22)
FNDA:0,(anonymous_23)
FNDA:0,(anonymous_24)
FNDA:0,(anonymous_25)
FNDA:0,(anonymous_26)
FNDA:0,(anonymous_27)
FNDA:0,(anonymous_28)
FNDA:0,(anonymous_29)
FNDA:0,(anonymous_30)
FNDA:0,(anonymous_31)
FNDA:0,(anonymous_32)
FNDA:16,(anonymous_33)
DA:2,1
DA:3,1
DA:4,1
DA:5,1
DA:6,1
DA:9,1
DA:12,1
DA:13,1
DA:19,2
DA:20,1
DA:21,1
DA:22,1
DA:23,1
DA:24,1
DA:25,1
DA:26,1
DA:27,1
DA:28,1
DA:29,1
DA:31,1
DA:32,16
DA:60,1
LF:22
LH:22
BRF:0
BRH:0
end_of_record
TN:
SF:src\components\lazy-components.tsx
FN:17,(anonymous_0)
FN:24,(anonymous_1)
FN:25,(anonymous_2)
FN:26,(anonymous_3)
FN:27,(anonymous_4)
FN:30,(anonymous_5)
FN:31,(anonymous_6)
FN:32,(anonymous_7)
FN:35,(anonymous_8)
FN:36,(anonymous_9)
FN:37,(anonymous_10)
FN:40,(anonymous_11)
FN:43,(anonymous_12)
FN:46,(anonymous_13)
FN:47,(anonymous_14)
FN:48,(anonymous_15)
FN:49,(anonymous_16)
FN:50,(anonymous_17)
FN:53,(anonymous_18)
FN:56,(anonymous_19)
FN:57,(anonymous_20)
FN:60,(anonymous_21)
FN:66,(anonymous_22)
FN:72,(anonymous_23)
FN:78,(anonymous_24)
FN:84,(anonymous_25)
FN:90,(anonymous_26)
FN:96,(anonymous_27)
FN:102,(anonymous_28)
FN:108,(anonymous_29)
FN:114,(anonymous_30)
FN:123,(anonymous_31)
FN:129,(anonymous_32)
FN:135,(anonymous_33)
FN:141,(anonymous_34)
FN:147,(anonymous_35)
FN:153,(anonymous_36)
FN:159,(anonymous_37)
FN:165,(anonymous_38)
FN:171,(anonymous_39)
FN:178,(anonymous_40)
FNF:41
FNH:0
FNDA:0,(anonymous_0)
FNDA:0,(anonymous_1)
FNDA:0,(anonymous_2)
FNDA:0,(anonymous_3)
FNDA:0,(anonymous_4)
FNDA:0,(anonymous_5)
FNDA:0,(anonymous_6)
FNDA:0,(anonymous_7)
FNDA:0,(anonymous_8)
FNDA:0,(anonymous_9)
FNDA:0,(anonymous_10)
FNDA:0,(anonymous_11)
FNDA:0,(anonymous_12)
FNDA:0,(anonymous_13)
FNDA:0,(anonymous_14)
FNDA:0,(anonymous_15)
FNDA:0,(anonymous_16)
FNDA:0,(anonymous_17)
FNDA:0,(anonymous_18)
FNDA:0,(anonymous_19)
FNDA:0,(anonymous_20)
FNDA:0,(anonymous_21)
FNDA:0,(anonymous_22)
FNDA:0,(anonymous_23)
FNDA:0,(anonymous_24)
FNDA:0,(anonymous_25)
FNDA:0,(anonymous_26)
FNDA:0,(anonymous_27)
FNDA:0,(anonymous_28)
FNDA:0,(anonymous_29)
FNDA:0,(anonymous_30)
FNDA:0,(anonymous_31)
FNDA:0,(anonymous_32)
FNDA:0,(anonymous_33)
FNDA:0,(anonymous_34)
FNDA:0,(anonymous_35)
FNDA:0,(anonymous_36)
FNDA:0,(anonymous_37)
FNDA:0,(anonymous_38)
FNDA:0,(anonymous_39)
FNDA:0,(anonymous_40)
DA:17,0
DA:18,0
DA:24,0
DA:25,0
DA:26,0
DA:27,0
DA:30,0
DA:31,0
DA:32,0
DA:35,0
DA:36,0
DA:37,0
DA:40,0
DA:41,0
DA:43,0
DA:46,0
DA:47,0
DA:48,0
DA:49,0
DA:50,0
DA:53,0
DA:56,0
DA:57,0
DA:60,0
DA:61,0
DA:66,0
DA:67,0
DA:72,0
DA:73,0
DA:78,0
DA:79,0
DA:84,0
DA:85,0
DA:90,0
DA:91,0
DA:96,0
DA:97,0
DA:102,0
DA:103,0
DA:108,0
DA:109,0
DA:114,0
DA:115,0
DA:123,0
DA:124,0
DA:129,0
DA:130,0
DA:135,0
DA:136,0
DA:141,0
DA:142,0
DA:147,0
DA:148,0
DA:153,0
DA:154,0
DA:159,0
DA:160,0
DA:165,0
DA:166,0
DA:171,0
DA:172,0
DA:178,0
DA:179,0
LF:63
LH:0
BRDA:18,0,0,0
BRDA:18,0,1,0
BRF:2
BRH:0
end_of_record
TN:
SF:src\components\protected-route.tsx
FN:11,ProtectedRoute
FNF:1
FNH:0
FNDA:0,ProtectedRoute
DA:12,0
DA:13,0
DA:15,0
DA:16,0
DA:23,0
DA:25,0
DA:28,0
DA:30,0
DA:33,0
LF:9
LH:0
BRDA:15,0,0,0
BRDA:23,1,0,0
BRDA:28,2,0,0
BRDA:28,3,0,0
BRDA:28,3,1,0
BRDA:28,3,2,0
BRF:6
BRH:0
end_of_record
TN:
SF:src\components\admin\migration-dashboard.tsx
FN:7,(anonymous_0)
FNF:1
FNH:0
FNDA:0,(anonymous_0)
DA:7,0
DA:8,0
LF:2
LH:0
BRF:0
BRH:0
end_of_record
TN:
SF:src\components\chat\chat-interface.tsx
FN:18,ChatInterface
FN:38,(anonymous_1)
FN:57,(anonymous_2)
FN:64,(anonymous_3)
FN:78,(anonymous_4)
FN:84,(anonymous_5)
FN:93,(anonymous_6)
FN:121,(anonymous_7)
FN:163,(anonymous_8)
FN:174,(anonymous_9)
FNF:10
FNH:0
FNDA:0,ChatInterface
FNDA:0,(anonymous_1)
FNDA:0,(anonymous_2)
FNDA:0,(anonymous_3)
FNDA:0,(anonymous_4)
FNDA:0,(anonymous_5)
FNDA:0,(anonymous_6)
FNDA:0,(anonymous_7)
FNDA:0,(anonymous_8)
FNDA:0,(anonymous_9)
DA:19,0
DA:20,0
DA:22,0
DA:24,0
DA:25,0
DA:26,0
DA:35,0
DA:38,0
DA:39,0
DA:41,0
DA:57,0
DA:58,0
DA:59,0
DA:64,0
DA:65,0
DA:67,0
DA:69,0
DA:70,0
DA:72,0
DA:73,0
DA:78,0
DA:79,0
DA:80,0
DA:84,0
DA:85,0
DA:86,0
DA:87,0
DA:92,0
DA:93,0
DA:94,0
DA:95,0
DA:97,0
DA:98,0
DA:101,0
DA:105,0
DA:108,0
DA:109,0
DA:117,0
DA:118,0
DA:121,0
DA:129,0
DA:130,0
DA:159,0
DA:164,0
DA:175,0
DA:176,0
DA:178,0
LF:47
LH:0
BRDA:20,0,0,0
BRDA:20,0,1,0
BRDA:35,1,0,0
BRDA:35,1,1,0
BRDA:39,2,0,0
BRDA:58,3,0,0
BRDA:65,4,0,0
BRDA:65,5,0,0
BRDA:65,5,1,0
BRDA:65,5,2,0
BRDA:85,6,0,0
BRDA:85,7,0,0
BRDA:85,7,1,0
BRDA:94,8,0,0
BRDA:94,8,1,0
BRDA:94,8,2,0
BRDA:97,9,0,0
BRDA:105,10,0,0
BRDA:105,10,1,0
BRDA:108,11,0,0
BRDA:117,12,0,0
BRDA:129,13,0,0
BRDA:136,14,0,0
BRDA:136,14,1,0
BRDA:175,15,0,0
BRDA:175,15,1,0
BRDA:176,16,0,0
BRDA:176,16,1,0
BRDA:176,16,2,0
BRDA:181,17,0,0
BRDA:181,17,1,0
BRDA:183,18,0,0
BRDA:183,18,1,0
BRDA:186,19,0,0
BRDA:186,19,1,0
BRDA:194,20,0,0
BRDA:194,20,1,0
BRDA:204,21,0,0
BRDA:204,21,1,0
BRDA:211,22,0,0
BRDA:211,22,1,0
BRDA:214,23,0,0
BRDA:214,23,1,0
BRDA:225,24,0,0
BRDA:225,24,1,0
BRDA:229,25,0,0
BRDA:229,25,1,0
BRDA:241,26,0,0
BRDA:241,26,1,0
BRF:49
BRH:0
end_of_record
TN:
SF:src\components\dashboard\dashboard-stats.tsx
FN:11,(anonymous_0)
FN:18,(anonymous_1)
FN:19,(anonymous_2)
FN:23,(anonymous_3)
FN:28,(anonymous_4)
FN:35,(anonymous_5)
FNF:6
FNH:0
FNDA:0,(anonymous_0)
FNDA:0,(anonymous_1)
FNDA:0,(anonymous_2)
FNDA:0,(anonymous_3)
FNDA:0,(anonymous_4)
FNDA:0,(anonymous_5)
DA:11,0
DA:15,0
DA:18,0
DA:19,0
DA:23,0
DA:24,0
DA:25,0
DA:28,0
DA:29,0
DA:35,0
DA:36,0
DA:37,0
DA:40,0
DA:44,0
LF:14
LH:0
BRDA:19,0,0,0
BRDA:19,0,1,0
BRDA:24,1,0,0
BRDA:24,1,1,0
BRDA:29,2,0,0
BRDA:29,2,1,0
BRDA:29,2,2,0
BRDA:36,3,0,0
BRDA:36,3,1,0
BRDA:40,4,0,0
BRDA:40,4,1,0
BRDA:52,5,0,0
BRDA:52,5,1,0
BRDA:71,6,0,0
BRDA:71,6,1,0
BRDA:93,7,0,0
BRDA:93,7,1,0
BRDA:95,8,0,0
BRDA:95,8,1,0
BRDA:95,8,2,0
BRDA:100,9,0,0
BRDA:100,9,1,0
BRDA:100,9,2,0
BRDA:102,10,0,0
BRDA:102,10,1,0
BRDA:121,11,0,0
BRDA:121,11,1,0
BRF:27
BRH:0
end_of_record
TN:
SF:src\components\dashboard\messages-section.tsx
FN:11,(anonymous_0)
FN:63,(anonymous_1)
FNF:2
FNH:0
FNDA:0,(anonymous_0)
FNDA:0,(anonymous_1)
DA:11,0
DA:13,0
DA:17,0
DA:51,0
DA:64,0
LF:5
LH:0
BRDA:21,0,0,0
BRDA:21,0,1,0
BRDA:22,1,0,0
BRDA:22,1,1,0
BRDA:23,2,0,0
BRDA:23,2,1,0
BRDA:27,3,0,0
BRDA:27,3,1,0
BRDA:36,4,0,0
BRDA:36,4,1,0
BRDA:37,5,0,0
BRDA:37,5,1,0
BRDA:38,6,0,0
BRDA:38,6,1,0
BRDA:41,7,0,0
BRDA:41,7,1,0
BRDA:42,8,0,0
BRDA:42,8,1,0
BRDA:57,9,0,0
BRDA:57,9,1,0
BRDA:80,10,0,0
BRDA:80,10,1,0
BRDA:92,11,0,0
BRDA:92,11,1,0
BRDA:96,12,0,0
BRDA:96,12,1,0
BRF:26
BRH:0
end_of_record
TN:
SF:src\components\dashboard\profile-section.tsx
FN:15,(anonymous_0)
FN:21,(anonymous_1)
FN:28,(anonymous_2)
FN:41,(anonymous_3)
FN:57,(anonymous_4)
FN:72,(anonymous_5)
FN:173,(anonymous_6)
FNF:7
FNH:0
FNDA:0,(anonymous_0)
FNDA:0,(anonymous_1)
FNDA:0,(anonymous_2)
FNDA:0,(anonymous_3)
FNDA:0,(anonymous_4)
FNDA:0,(anonymous_5)
FNDA:0,(anonymous_6)
DA:15,0
DA:16,0
DA:17,0
DA:21,0
DA:24,0
DA:28,0
DA:31,0
DA:32,0
DA:41,0
DA:42,0
DA:43,0
DA:46,0
DA:47,0
DA:52,0
DA:57,0
DA:58,0
DA:64,0
DA:67,0
DA:72,0
DA:74,0
DA:76,0
DA:77,0
DA:80,0
DA:83,0
DA:84,0
DA:85,0
DA:86,0
DA:88,0
DA:174,0
LF:29
LH:0
BRDA:24,0,0,0
BRDA:24,0,1,0
BRDA:31,1,0,0
BRDA:31,1,1,0
BRDA:34,2,0,0
BRDA:34,2,1,0
BRDA:35,3,0,0
BRDA:35,3,1,0
BRDA:42,4,0,0
BRDA:46,5,0,0
BRDA:58,6,0,0
BRDA:76,7,0,0
BRDA:99,8,0,0
BRDA:99,8,1,0
BRDA:107,9,0,0
BRDA:107,9,1,0
BRDA:107,10,0,0
BRDA:107,10,1,0
BRDA:111,11,0,0
BRDA:111,11,1,0
BRDA:128,12,0,0
BRDA:128,12,1,0
BRDA:157,13,0,0
BRDA:157,13,1,0
BRDA:164,14,0,0
BRDA:164,14,1,0
BRDA:169,15,0,0
BRDA:169,15,1,0
BRDA:169,15,2,0
BRDA:192,16,0,0
BRDA:192,16,1,0
BRDA:192,17,0,0
BRDA:192,17,1,0
BRDA:202,18,0,0
BRDA:202,18,1,0
BRDA:208,19,0,0
BRDA:208,19,1,0
BRDA:220,20,0,0
BRDA:220,20,1,0
BRF:39
BRH:0
end_of_record
TN:
SF:src\components\dashboard\quick-links.tsx
FN:11,(anonymous_0)
FN:17,(anonymous_1)
FNF:2
FNH:0
FNDA:0,(anonymous_0)
FNDA:0,(anonymous_1)
DA:11,0
DA:13,0
DA:17,0
DA:18,0
DA:19,0
DA:25,0
DA:34,0
DA:36,0
LF:8
LH:0
BRDA:18,0,0,0
BRDA:18,0,1,0
BRF:2
BRH:0
end_of_record
TN:
SF:src\components\dashboard\recent-activity.tsx
FN:24,(anonymous_0)
FN:29,(anonymous_1)
FN:75,(anonymous_2)
FN:104,(anonymous_3)
FNF:4
FNH:0
FNDA:0,(anonymous_0)
FNDA:0,(anonymous_1)
FNDA:0,(anonymous_2)
FNDA:0,(anonymous_3)
DA:24,0
DA:25,0
DA:29,0
DA:30,0
DA:75,0
DA:76,0
DA:80,0
DA:82,0
DA:84,0
DA:86,0
DA:89,0
DA:94,0
DA:96,0
DA:105,0
LF:14
LH:0
BRDA:35,0,0,0
BRDA:35,0,1,0
BRDA:48,1,0,0
BRDA:48,1,1,0
BRDA:61,2,0,0
BRDA:61,2,1,0
BRDA:80,3,0,0
BRDA:80,3,1,0
BRDA:80,3,2,0
BRDA:80,3,3,0
BRDA:121,4,0,0
BRDA:121,4,1,0
BRDA:125,5,0,0
BRDA:125,5,1,0
BRF:14
BRH:0
end_of_record
TN:
SF:src\components\dashboard\tasks-and-bids-list.tsx
FN:69,(anonymous_0)
FN:76,(anonymous_1)
FN:100,(anonymous_2)
FN:108,(anonymous_3)
FN:149,(anonymous_4)
FN:166,(anonymous_5)
FN:192,(anonymous_6)
FN:195,(anonymous_7)
FN:210,(anonymous_8)
FN:248,(anonymous_9)
FN:253,(anonymous_10)
FNF:11
FNH:0
FNDA:0,(anonymous_0)
FNDA:0,(anonymous_1)
FNDA:0,(anonymous_2)
FNDA:0,(anonymous_3)
FNDA:0,(anonymous_4)
FNDA:0,(anonymous_5)
FNDA:0,(anonymous_6)
FNDA:0,(anonymous_7)
FNDA:0,(anonymous_8)
FNDA:0,(anonymous_9)
FNDA:0,(anonymous_10)
DA:69,0
DA:71,0
DA:72,0
DA:76,0
DA:79,0
DA:83,0
DA:87,0
DA:89,0
DA:100,0
DA:101,0
DA:102,0
DA:103,0
DA:108,0
DA:111,0
DA:112,0
DA:115,0
DA:116,0
DA:120,0
DA:122,0
DA:133,0
DA:134,0
DA:144,0
DA:149,0
DA:152,0
DA:153,0
DA:154,0
DA:156,0
DA:166,0
DA:167,0
DA:169,0
DA:175,0
DA:182,0
DA:192,0
DA:195,0
DA:196,0
DA:199,0
DA:210,0
DA:212,0
DA:213,0
DA:216,0
DA:217,0
DA:228,0
DA:230,0
DA:252,0
DA:253,0
DA:256,0
DA:258,0
LF:47
LH:0
BRDA:83,0,0,0
BRDA:83,0,1,0
BRDA:101,1,0,0
BRDA:102,2,0,0
BRDA:111,3,0,0
BRDA:111,3,1,0
BRDA:133,4,0,0
BRDA:152,5,0,0
BRDA:152,5,1,0
BRDA:167,6,0,0
BRDA:167,6,1,0
BRDA:167,6,2,0
BRDA:167,6,3,0
BRDA:196,7,0,0
BRDA:196,7,1,0
BRDA:212,8,0,0
BRDA:234,9,0,0
BRDA:234,9,1,0
BRDA:235,10,0,0
BRDA:235,10,1,0
BRDA:246,11,0,0
BRDA:246,11,1,0
BRDA:252,12,0,0
BRDA:252,12,1,0
BRDA:253,13,0,0
BRDA:253,13,1,0
BRDA:300,14,0,0
BRDA:300,14,1,0
BRDA:311,15,0,0
BRDA:311,15,1,0
BRDA:317,16,0,0
BRDA:317,16,1,0
BRDA:318,17,0,0
BRDA:318,17,1,0
BRF:34
BRH:0
end_of_record
TN:
SF:src\components\homepage\enhanced-search.tsx
FN:57,(anonymous_0)
FN:74,(anonymous_1)
FN:92,(anonymous_2)
FN:93,(anonymous_3)
FN:97,(anonymous_4)
FN:108,(anonymous_5)
FN:114,(anonymous_6)
FN:118,(anonymous_7)
FN:126,(anonymous_8)
FN:130,(anonymous_9)
FN:145,(anonymous_10)
FN:184,(anonymous_11)
FN:189,(anonymous_12)
FN:255,(anonymous_13)
FN:260,(anonymous_14)
FN:265,(anonymous_15)
FN:273,(anonymous_16)
FN:296,(anonymous_17)
FN:321,(anonymous_18)
FN:326,(anonymous_19)
FN:340,(anonymous_20)
FN:345,(anonymous_21)
FN:376,(anonymous_22)
FN:380,(anonymous_23)
FNF:24
FNH:0
FNDA:0,(anonymous_0)
FNDA:0,(anonymous_1)
FNDA:0,(anonymous_2)
FNDA:0,(anonymous_3)
FNDA:0,(anonymous_4)
FNDA:0,(anonymous_5)
FNDA:0,(anonymous_6)
FNDA:0,(anonymous_7)
FNDA:0,(anonymous_8)
FNDA:0,(anonymous_9)
FNDA:0,(anonymous_10)
FNDA:0,(anonymous_11)
FNDA:0,(anonymous_12)
FNDA:0,(anonymous_13)
FNDA:0,(anonymous_14)
FNDA:0,(anonymous_15)
FNDA:0,(anonymous_16)
FNDA:0,(anonymous_17)
FNDA:0,(anonymous_18)
FNDA:0,(anonymous_19)
FNDA:0,(anonymous_20)
FNDA:0,(anonymous_21)
FNDA:0,(anonymous_22)
FNDA:0,(anonymous_23)
DA:24,0
DA:39,0
DA:49,0
DA:57,0
DA:62,0
DA:63,0
DA:70,0
DA:71,0
DA:72,0
DA:74,0
DA:76,0
DA:77,0
DA:78,0
DA:79,0
DA:81,0
DA:82,0
DA:83,0
DA:85,0
DA:86,0
DA:89,0
DA:92,0
DA:93,0
DA:97,0
DA:98,0
DA:99,0
DA:100,0
DA:102,0
DA:103,0
DA:104,0
DA:106,0
DA:108,0
DA:109,0
DA:110,0
DA:111,0
DA:114,0
DA:115,0
DA:118,0
DA:119,0
DA:122,0
DA:126,0
DA:127,0
DA:130,0
DA:131,0
DA:132,0
DA:134,0
DA:140,0
DA:141,0
DA:145,0
DA:147,0
DA:148,0
DA:149,0
DA:150,0
DA:154,0
DA:160,0
DA:166,0
DA:184,0
DA:189,0
DA:255,0
DA:260,0
DA:265,0
DA:274,0
DA:296,0
DA:321,0
DA:327,0
DA:340,0
DA:346,0
DA:377,0
DA:380,0
LF:68
LH:0
BRDA:59,0,0,0
BRDA:60,1,0,0
BRDA:77,2,0,0
BRDA:78,3,0,0
BRDA:78,4,0,0
BRDA:78,4,1,0
BRDA:81,5,0,0
BRDA:82,6,0,0
BRDA:82,7,0,0
BRDA:82,7,1,0
BRDA:85,8,0,0
BRDA:85,9,0,0
BRDA:85,9,1,0
BRDA:98,10,0,0
BRDA:98,11,0,0
BRDA:98,11,1,0
BRDA:99,12,0,0
BRDA:99,12,1,0
BRDA:132,13,0,0
BRDA:148,14,0,0
BRDA:189,15,0,0
BRDA:189,15,1,0
BRDA:205,16,0,0
BRDA:205,16,1,0
BRDA:209,17,0,0
BRDA:209,17,1,0
BRDA:260,18,0,0
BRDA:260,18,1,0
BRDA:307,19,0,0
BRDA:307,19,1,0
BRDA:369,20,0,0
BRDA:369,20,1,0
BRF:32
BRH:0
end_of_record
TN:
SF:src\components\homepage\featured-taskers.tsx
FN:93,(anonymous_0)
FN:96,(anonymous_1)
FNF:2
FNH:0
FNDA:0,(anonymous_0)
FNDA:0,(anonymous_1)
DA:22,0
DA:93,0
DA:94,0
DA:97,0
LF:4
LH:0
BRDA:140,0,0,0
BRDA:140,0,1,0
BRDA:146,1,0,0
BRDA:146,1,1,0
BRDA:152,2,0,0
BRDA:152,2,1,0
BRF:6
BRH:0
end_of_record
TN:
SF:src\components\homepage\hero-section.tsx
FN:14,(anonymous_0)
FN:94,(anonymous_1)
FNF:2
FNH:0
FNDA:0,(anonymous_0)
FNDA:0,(anonymous_1)
DA:8,0
DA:14,0
DA:16,0
DA:95,0
LF:4
LH:0
BRF:0
BRH:0
end_of_record
TN:
SF:src\components\homepage\live-task-examples.tsx
FN:112,(anonymous_0)
FN:115,(anonymous_1)
FN:121,(anonymous_2)
FN:147,(anonymous_3)
FN:168,(anonymous_4)
FN:183,(anonymous_5)
FN:186,(anonymous_6)
FNF:7
FNH:0
FNDA:0,(anonymous_0)
FNDA:0,(anonymous_1)
FNDA:0,(anonymous_2)
FNDA:0,(anonymous_3)
FNDA:0,(anonymous_4)
FNDA:0,(anonymous_5)
FNDA:0,(anonymous_6)
DA:15,0
DA:112,0
DA:113,0
DA:115,0
DA:117,0
DA:119,0
DA:122,0
DA:148,0
DA:168,0
DA:169,0
DA:177,0
DA:184,0
DA:186,0
LF:13
LH:0
BRDA:112,0,0,0
BRDA:113,1,0,0
BRDA:113,1,1,0
BRDA:188,2,0,0
BRDA:188,2,1,0
BRF:5
BRH:0
end_of_record
TN:
SF:src\components\homepage\trust-safety-features.tsx
FN:37,(anonymous_0)
FN:48,(anonymous_1)
FNF:2
FNH:0
FNDA:0,(anonymous_0)
FNDA:0,(anonymous_1)
DA:13,0
DA:37,0
DA:38,0
DA:49,0
LF:4
LH:0
BRF:0
BRH:0
end_of_record
TN:
SF:src\components\homepage\visual-category-grid.tsx
FN:74,(anonymous_0)
FN:93,(anonymous_1)
FN:122,(anonymous_2)
FNF:3
FNH:0
FNDA:0,(anonymous_0)
FNDA:0,(anonymous_1)
FNDA:0,(anonymous_2)
DA:11,0
DA:74,0
DA:76,0
DA:78,0
DA:94,0
DA:123,0
LF:6
LH:0
BRF:0
BRH:0
end_of_record
TN:
SF:src\components\layout\Footer.tsx
FN:5,(anonymous_0)
FNF:1
FNH:0
FNDA:0,(anonymous_0)
DA:5,0
DA:6,0
LF:2
LH:0
BRF:0
BRH:0
end_of_record
TN:
SF:src\components\layout\Layout.tsx
FN:11,(anonymous_0)
FNF:1
FNH:0
FNDA:0,(anonymous_0)
DA:11,0
DA:12,0
LF:2
LH:0
BRDA:11,0,0,0
BRDA:18,1,0,0
BRDA:18,1,1,0
BRF:3
BRH:0
end_of_record
TN:
SF:src\components\layout\Navbar.tsx
FN:19,(anonymous_0)
FN:24,(anonymous_1)
FN:34,(anonymous_2)
FN:43,(anonymous_3)
FN:68,(anonymous_4)
FN:85,(anonymous_5)
FN:97,(anonymous_6)
FN:111,(anonymous_7)
FN:126,(anonymous_8)
FN:154,(anonymous_9)
FN:158,(anonymous_10)
FN:174,(anonymous_11)
FN:180,(anonymous_12)
FN:193,(anonymous_13)
FN:205,(anonymous_14)
FN:223,(anonymous_15)
FN:231,(anonymous_16)
FN:243,(anonymous_17)
FN:251,(anonymous_18)
FN:259,(anonymous_19)
FN:267,(anonymous_20)
FN:276,(anonymous_21)
FN:284,(anonymous_22)
FN:314,(anonymous_23)
FN:324,(anonymous_24)
FN:334,(anonymous_25)
FN:347,(anonymous_26)
FN:357,(anonymous_27)
FNF:28
FNH:0
FNDA:0,(anonymous_0)
FNDA:0,(anonymous_1)
FNDA:0,(anonymous_2)
FNDA:0,(anonymous_3)
FNDA:0,(anonymous_4)
FNDA:0,(anonymous_5)
FNDA:0,(anonymous_6)
FNDA:0,(anonymous_7)
FNDA:0,(anonymous_8)
FNDA:0,(anonymous_9)
FNDA:0,(anonymous_10)
FNDA:0,(anonymous_11)
FNDA:0,(anonymous_12)
FNDA:0,(anonymous_13)
FNDA:0,(anonymous_14)
FNDA:0,(anonymous_15)
FNDA:0,(anonymous_16)
FNDA:0,(anonymous_17)
FNDA:0,(anonymous_18)
FNDA:0,(anonymous_19)
FNDA:0,(anonymous_20)
FNDA:0,(anonymous_21)
FNDA:0,(anonymous_22)
FNDA:0,(anonymous_23)
FNDA:0,(anonymous_24)
FNDA:0,(anonymous_25)
FNDA:0,(anonymous_26)
FNDA:0,(anonymous_27)
DA:19,0
DA:20,0
DA:21,0
DA:22,0
DA:24,0
DA:25,0
DA:26,0
DA:34,0
DA:37,0
DA:43,0
DA:46,0
DA:49,0
DA:68,0
DA:85,0
DA:97,0
DA:111,0
DA:126,0
DA:154,0
DA:158,0
DA:174,0
DA:180,0
DA:193,0
DA:205,0
DA:224,0
DA:231,0
DA:244,0
DA:251,0
DA:260,0
DA:267,0
DA:277,0
DA:284,0
DA:315,0
DA:316,0
DA:325,0
DA:326,0
DA:335,0
DA:336,0
DA:348,0
DA:349,0
DA:358,0
DA:359,0
LF:41
LH:0
BRDA:46,0,0,0
BRDA:46,0,1,0
BRDA:70,1,0,0
BRDA:70,1,1,0
BRDA:78,2,0,0
BRDA:78,2,1,0
BRDA:82,3,0,0
BRDA:82,3,1,0
BRDA:87,4,0,0
BRDA:87,4,1,0
BRDA:99,5,0,0
BRDA:99,5,1,0
BRDA:113,6,0,0
BRDA:113,6,1,0
BRDA:124,7,0,0
BRDA:124,7,1,0
BRDA:139,8,0,0
BRDA:139,8,1,0
BRDA:139,9,0,0
BRDA:139,9,1,0
BRDA:190,10,0,0
BRDA:190,10,1,0
BRDA:219,11,0,0
BRDA:219,11,1,0
BRDA:226,12,0,0
BRDA:226,12,1,0
BRDA:236,13,0,0
BRDA:236,13,1,0
BRDA:240,14,0,0
BRDA:240,14,1,0
BRDA:246,15,0,0
BRDA:246,15,1,0
BRDA:262,16,0,0
BRDA:262,16,1,0
BRDA:279,17,0,0
BRDA:279,17,1,0
BRDA:291,18,0,0
BRDA:291,18,1,0
BRDA:300,19,0,0
BRDA:300,19,1,0
BRDA:300,20,0,0
BRDA:300,20,1,0
BRF:42
BRH:0
end_of_record
TN:
SF:src\components\layout\PageWrapper.tsx
FN:22,(anonymous_0)
FN:60,(anonymous_1)
FN:88,(anonymous_2)
FNF:3
FNH:0
FNDA:0,(anonymous_0)
FNDA:0,(anonymous_1)
FNDA:0,(anonymous_2)
DA:22,0
DA:30,0
DA:60,0
DA:67,0
DA:88,0
DA:89,0
LF:6
LH:0
BRDA:26,0,0,0
BRDA:27,1,0,0
BRDA:28,2,0,0
BRDA:34,3,0,0
BRDA:34,3,1,0
BRDA:34,3,2,0
BRDA:36,4,0,0
BRDA:36,4,1,0
BRDA:41,5,0,0
BRDA:41,5,1,0
BRDA:64,6,0,0
BRDA:65,7,0,0
BRDA:93,8,0,0
BRDA:93,8,1,0
BRDA:93,8,2,0
BRDA:95,9,0,0
BRDA:95,9,1,0
BRDA:100,10,0,0
BRDA:100,10,1,0
BRF:19
BRH:0
end_of_record
TN:
SF:src\components\messaging\chat-interface.tsx
FN:54,(anonymous_0)
FN:74,(anonymous_1)
FN:75,(anonymous_2)
FN:93,(anonymous_3)
FN:113,(anonymous_4)
FN:141,(anonymous_5)
FN:155,(anonymous_6)
FN:159,(anonymous_7)
FN:163,(anonymous_8)
FN:170,(anonymous_9)
FN:177,(anonymous_10)
FN:184,(anonymous_11)
FN:210,(anonymous_12)
FN:245,(anonymous_13)
FN:271,(anonymous_14)
FN:302,(anonymous_15)
FN:311,(anonymous_16)
FNF:17
FNH:0
FNDA:0,(anonymous_0)
FNDA:0,(anonymous_1)
FNDA:0,(anonymous_2)
FNDA:0,(anonymous_3)
FNDA:0,(anonymous_4)
FNDA:0,(anonymous_5)
FNDA:0,(anonymous_6)
FNDA:0,(anonymous_7)
FNDA:0,(anonymous_8)
FNDA:0,(anonymous_9)
FNDA:0,(anonymous_10)
FNDA:0,(anonymous_11)
FNDA:0,(anonymous_12)
FNDA:0,(anonymous_13)
FNDA:0,(anonymous_14)
FNDA:0,(anonymous_15)
FNDA:0,(anonymous_16)
DA:54,0
DA:55,0
DA:57,0
DA:59,0
DA:61,0
DA:63,0
DA:65,0
DA:74,0
DA:75,0
DA:76,0
DA:79,0
DA:93,0
DA:114,0
DA:141,0
DA:150,0
DA:151,0
DA:152,0
DA:153,0
DA:155,0
DA:156,0
DA:159,0
DA:160,0
DA:163,0
DA:164,0
DA:165,0
DA:166,0
DA:170,0
DA:171,0
DA:172,0
DA:173,0
DA:177,0
DA:178,0
DA:179,0
DA:180,0
DA:184,0
DA:185,0
DA:186,0
DA:187,0
DA:188,0
DA:189,0
DA:190,0
DA:191,0
DA:193,0
DA:194,0
DA:195,0
DA:196,0
DA:198,0
DA:201,0
DA:210,0
DA:246,0
DA:247,0
DA:248,0
DA:250,0
DA:271,0
DA:302,0
DA:311,0
LF:56
LH:0
BRDA:55,0,0,0
BRDA:55,0,1,0
BRDA:55,0,2,0
BRDA:55,0,3,0
BRDA:55,0,4,0
BRDA:86,1,0,0
BRDA:86,1,1,0
BRDA:89,2,0,0
BRDA:89,2,1,0
BRDA:89,2,2,0
BRDA:98,3,0,0
BRDA:98,3,1,0
BRDA:98,3,2,0
BRDA:100,4,0,0
BRDA:100,4,1,0
BRDA:104,5,0,0
BRDA:104,5,1,0
BRDA:111,6,0,0
BRDA:111,6,1,0
BRDA:111,6,2,0
BRDA:118,7,0,0
BRDA:118,7,1,0
BRDA:131,8,0,0
BRDA:131,8,1,0
BRDA:134,9,0,0
BRDA:134,9,1,0
BRDA:164,10,0,0
BRDA:171,11,0,0
BRDA:171,12,0,0
BRDA:171,12,1,0
BRDA:178,13,0,0
BRDA:178,13,1,0
BRDA:179,14,0,0
BRDA:185,15,0,0
BRDA:186,16,0,0
BRDA:193,17,0,0
BRDA:194,18,0,0
BRDA:195,19,0,0
BRDA:213,20,0,0
BRDA:213,20,1,0
BRDA:226,21,0,0
BRDA:226,21,1,0
BRDA:231,22,0,0
BRDA:231,22,1,0
BRDA:248,23,0,0
BRDA:248,23,1,0
BRDA:262,24,0,0
BRDA:262,24,1,0
BRF:48
BRH:0
end_of_record
TN:
SF:src\components\monitoring\monitoring-dashboard.tsx
FN:36,(anonymous_0)
FN:41,(anonymous_1)
FN:43,(anonymous_2)
FN:51,(anonymous_3)
FN:54,(anonymous_4)
FN:59,(anonymous_5)
FN:64,(anonymous_6)
FN:77,(anonymous_7)
FN:94,(anonymous_8)
FN:98,(anonymous_9)
FNF:10
FNH:0
FNDA:0,(anonymous_0)
FNDA:0,(anonymous_1)
FNDA:0,(anonymous_2)
FNDA:0,(anonymous_3)
FNDA:0,(anonymous_4)
FNDA:0,(anonymous_5)
FNDA:0,(anonymous_6)
FNDA:0,(anonymous_7)
FNDA:0,(anonymous_8)
FNDA:0,(anonymous_9)
DA:36,0
DA:37,0
DA:38,0
DA:39,0
DA:41,0
DA:43,0
DA:44,0
DA:45,0
DA:48,0
DA:49,0
DA:51,0
DA:54,0
DA:55,0
DA:56,0
DA:59,0
DA:60,0
DA:61,0
DA:64,0
DA:65,0
DA:67,0
DA:69,0
DA:71,0
DA:73,0
DA:77,0
DA:79,0
DA:80,0
DA:81,0
DA:82,0
DA:84,0
DA:87,0
DA:94,0
DA:95,0
DA:98,0
DA:99,0
DA:102,0
LF:35
LH:0
BRDA:65,0,0,0
BRDA:65,0,1,0
BRDA:65,0,2,0
BRDA:65,0,3,0
BRDA:79,1,0,0
BRDA:79,1,1,0
BRDA:81,2,0,0
BRDA:81,2,1,0
BRDA:114,3,0,0
BRDA:114,3,1,0
BRDA:115,4,0,0
BRDA:115,4,1,0
BRDA:117,5,0,0
BRDA:117,5,1,0
BRDA:118,6,0,0
BRDA:118,6,1,0
BRDA:163,7,0,0
BRDA:163,7,1,0
BRDA:222,8,0,0
BRDA:222,8,1,0
BRDA:254,9,0,0
BRDA:254,9,1,0
BRDA:259,10,0,0
BRDA:259,10,1,0
BRDA:281,11,0,0
BRDA:281,11,1,0
BRDA:304,12,0,0
BRDA:304,12,1,0
BRDA:304,12,2,0
BRDA:314,13,0,0
BRDA:314,13,1,0
BRDA:320,14,0,0
BRDA:320,14,1,0
BRDA:326,15,0,0
BRDA:326,15,1,0
BRF:35
BRH:0
end_of_record
TN:
SF:src\components\notifications\notification-bell.tsx
FN:26,(anonymous_0)
FN:47,(anonymous_1)
FN:52,NotificationBell
FN:63,(anonymous_3)
FN:70,(anonymous_4)
FN:129,(anonymous_5)
FN:135,(anonymous_6)
FNF:7
FNH:0
FNDA:0,(anonymous_0)
FNDA:0,(anonymous_1)
FNDA:0,NotificationBell
FNDA:0,(anonymous_3)
FNDA:0,(anonymous_4)
FNDA:0,(anonymous_5)
FNDA:0,(anonymous_6)
DA:26,0
DA:27,0
DA:28,0
DA:29,0
DA:30,0
DA:31,0
DA:32,0
DA:33,0
DA:34,0
DA:47,0
DA:49,0
DA:60,0
DA:63,0
DA:64,0
DA:70,0
DA:71,0
DA:74,0
DA:130,0
DA:135,0
LF:19
LH:0
BRDA:26,0,0,0
BRDA:26,0,1,0
BRDA:84,1,0,0
BRDA:84,1,1,0
BRDA:89,2,0,0
BRDA:89,2,1,0
BRDA:99,3,0,0
BRDA:99,3,1,0
BRDA:116,4,0,0
BRDA:116,4,1,0
BRDA:120,5,0,0
BRDA:120,5,1,0
BRDA:124,6,0,0
BRDA:124,6,1,0
BRDA:133,7,0,0
BRDA:133,7,1,0
BRDA:148,8,0,0
BRDA:148,8,1,0
BRDA:161,9,0,0
BRDA:161,9,1,0
BRF:20
BRH:0
end_of_record
TN:
SF:src\components\payment\commission-calculator.tsx
FN:112,(anonymous_0)
FN:127,(anonymous_1)
FN:162,(anonymous_2)
FN:167,(anonymous_3)
FN:173,(anonymous_4)
FN:400,(anonymous_5)
FNF:6
FNH:0
FNDA:0,(anonymous_0)
FNDA:0,(anonymous_1)
FNDA:0,(anonymous_2)
FNDA:0,(anonymous_3)
FNDA:0,(anonymous_4)
FNDA:0,(anonymous_5)
DA:56,0
DA:100,0
DA:112,0
DA:120,0
DA:121,0
DA:123,0
DA:124,0
DA:127,0
DA:128,0
DA:133,0
DA:138,0
DA:139,0
DA:141,0
DA:142,0
DA:143,0
DA:144,0
DA:145,0
DA:146,0
DA:147,0
DA:149,0
DA:162,0
DA:163,0
DA:167,0
DA:168,0
DA:169,0
DA:170,0
DA:173,0
DA:174,0
DA:175,0
DA:176,0
DA:177,0
DA:178,0
DA:182,0
DA:401,0
LF:34
LH:0
BRDA:114,0,0,0
BRDA:115,1,0,0
BRDA:118,2,0,0
BRDA:176,3,0,0
BRDA:176,3,1,0
BRDA:177,4,0,0
BRDA:177,5,0,0
BRDA:177,5,1,0
BRDA:304,6,0,0
BRDA:304,6,1,0
BRDA:411,7,0,0
BRDA:411,7,1,0
BRDA:421,8,0,0
BRDA:421,8,1,0
BRDA:421,9,0,0
BRDA:421,9,1,0
BRF:16
BRH:0
end_of_record
TN:
SF:src\components\payment\enhanced-payment-flow.tsx
FN:79,(anonymous_0)
FN:80,(anonymous_1)
FN:84,(anonymous_2)
FN:134,(anonymous_3)
FN:135,(anonymous_4)
FN:163,(anonymous_5)
FN:180,(anonymous_6)
FN:210,(anonymous_7)
FN:237,(anonymous_8)
FN:238,(anonymous_9)
FN:241,(anonymous_10)
FN:249,(anonymous_11)
FN:255,(anonymous_12)
FN:267,(anonymous_13)
FN:268,(anonymous_14)
FN:272,(anonymous_15)
FN:275,(anonymous_16)
FN:287,(anonymous_17)
FN:294,(anonymous_18)
FN:303,(anonymous_19)
FN:306,(anonymous_20)
FN:318,(anonymous_21)
FN:328,(anonymous_22)
FN:338,(anonymous_23)
FN:345,(anonymous_24)
FN:356,(anonymous_25)
FN:366,(anonymous_26)
FN:376,(anonymous_27)
FN:390,(anonymous_28)
FN:390,(anonymous_29)
FN:391,(anonymous_30)
FN:415,(anonymous_31)
FN:415,(anonymous_32)
FNF:33
FNH:0
FNDA:0,(anonymous_0)
FNDA:0,(anonymous_1)
FNDA:0,(anonymous_2)
FNDA:0,(anonymous_3)
FNDA:0,(anonymous_4)
FNDA:0,(anonymous_5)
FNDA:0,(anonymous_6)
FNDA:0,(anonymous_7)
FNDA:0,(anonymous_8)
FNDA:0,(anonymous_9)
FNDA:0,(anonymous_10)
FNDA:0,(anonymous_11)
FNDA:0,(anonymous_12)
FNDA:0,(anonymous_13)
FNDA:0,(anonymous_14)
FNDA:0,(anonymous_15)
FNDA:0,(anonymous_16)
FNDA:0,(anonymous_17)
FNDA:0,(anonymous_18)
FNDA:0,(anonymous_19)
FNDA:0,(anonymous_20)
FNDA:0,(anonymous_21)
FNDA:0,(anonymous_22)
FNDA:0,(anonymous_23)
FNDA:0,(anonymous_24)
FNDA:0,(anonymous_25)
FNDA:0,(anonymous_26)
FNDA:0,(anonymous_27)
FNDA:0,(anonymous_28)
FNDA:0,(anonymous_29)
FNDA:0,(anonymous_30)
FNDA:0,(anonymous_31)
FNDA:0,(anonymous_32)
DA:79,0
DA:80,0
DA:82,0
DA:85,0
DA:86,0
DA:87,0
DA:89,0
DA:134,0
DA:135,0
DA:136,0
DA:137,0
DA:138,0
DA:139,0
DA:140,0
DA:144,0
DA:164,0
DA:181,0
DA:210,0
DA:221,0
DA:228,0
DA:237,0
DA:238,0
DA:239,0
DA:241,0
DA:244,0
DA:249,0
DA:255,0
DA:263,0
DA:267,0
DA:268,0
DA:272,0
DA:273,0
DA:275,0
DA:277,0
DA:278,0
DA:286,0
DA:287,0
DA:294,0
DA:303,0
DA:304,0
DA:306,0
DA:308,0
DA:310,0
DA:317,0
DA:318,0
DA:325,0
DA:328,0
DA:333,0
DA:338,0
DA:339,0
DA:340,0
DA:345,0
DA:355,0
DA:356,0
DA:363,0
DA:366,0
DA:371,0
DA:376,0
DA:377,0
DA:379,0
DA:390,0
DA:391,0
DA:411,0
DA:415,0
DA:425,0
DA:433,0
DA:441,0
DA:466,0
DA:470,0
LF:69
LH:0
BRDA:93,0,0,0
BRDA:93,0,1,0
BRDA:94,1,0,0
BRDA:94,1,1,0
BRDA:95,2,0,0
BRDA:95,2,1,0
BRDA:95,2,2,0
BRDA:97,3,0,0
BRDA:97,3,1,0
BRDA:107,4,0,0
BRDA:107,4,1,0
BRDA:107,4,2,0
BRDA:108,5,0,0
BRDA:108,5,1,0
BRDA:108,5,2,0
BRDA:114,6,0,0
BRDA:114,6,1,0
BRDA:117,7,0,0
BRDA:117,7,1,0
BRDA:136,8,0,0
BRDA:136,8,1,0
BRDA:136,8,2,0
BRDA:136,8,3,0
BRDA:165,9,0,0
BRDA:165,9,1,0
BRDA:176,10,0,0
BRDA:176,10,1,0
BRDA:196,11,0,0
BRDA:196,11,1,0
BRDA:215,12,0,0
BRDA:216,13,0,0
BRDA:273,14,0,0
BRDA:286,15,0,0
BRDA:304,16,0,0
BRDA:304,17,0,0
BRDA:304,17,1,0
BRDA:317,18,0,0
BRDA:355,19,0,0
BRDA:355,20,0,0
BRDA:355,20,1,0
BRDA:377,21,0,0
BRDA:377,21,1,0
BRDA:377,21,2,0
BRDA:377,21,3,0
BRDA:377,21,4,0
BRDA:377,21,5,0
BRDA:381,22,0,0
BRDA:381,22,1,0
BRDA:401,23,0,0
BRDA:401,23,1,0
BRDA:411,24,0,0
BRDA:411,24,1,0
BRDA:441,25,0,0
BRDA:441,25,1,0
BRDA:486,26,0,0
BRDA:486,26,1,0
BRF:56
BRH:0
end_of_record
TN:
SF:src\components\payment\escrow-service.tsx
FN:74,(anonymous_0)
FN:103,(anonymous_1)
FN:106,(anonymous_2)
FN:174,(anonymous_3)
FN:198,(anonymous_4)
FN:208,(anonymous_5)
FN:219,(anonymous_6)
FN:237,(anonymous_7)
FN:249,(anonymous_8)
FN:254,(anonymous_9)
FN:273,(anonymous_10)
FN:349,(anonymous_11)
FN:366,(anonymous_12)
FN:371,(anonymous_13)
FN:422,(anonymous_14)
FN:429,(anonymous_15)
FNF:16
FNH:0
FNDA:0,(anonymous_0)
FNDA:0,(anonymous_1)
FNDA:0,(anonymous_2)
FNDA:0,(anonymous_3)
FNDA:0,(anonymous_4)
FNDA:0,(anonymous_5)
FNDA:0,(anonymous_6)
FNDA:0,(anonymous_7)
FNDA:0,(anonymous_8)
FNDA:0,(anonymous_9)
FNDA:0,(anonymous_10)
FNDA:0,(anonymous_11)
FNDA:0,(anonymous_12)
FNDA:0,(anonymous_13)
FNDA:0,(anonymous_14)
FNDA:0,(anonymous_15)
DA:74,0
DA:75,0
DA:86,0
DA:88,0
DA:103,0
DA:104,0
DA:106,0
DA:107,0
DA:109,0
DA:111,0
DA:113,0
DA:115,0
DA:117,0
DA:119,0
DA:123,0
DA:124,0
DA:125,0
DA:127,0
DA:174,0
DA:198,0
DA:208,0
DA:219,0
DA:237,0
DA:249,0
DA:250,0
DA:251,0
DA:254,0
DA:255,0
DA:256,0
DA:258,0
DA:273,0
DA:284,0
DA:350,0
DA:367,0
DA:371,0
DA:422,0
DA:429,0
LF:37
LH:0
BRDA:107,0,0,0
BRDA:107,0,1,0
BRDA:107,0,2,0
BRDA:107,0,3,0
BRDA:107,0,4,0
BRDA:107,0,5,0
BRDA:123,1,0,0
BRDA:123,1,1,0
BRDA:124,2,0,0
BRDA:124,2,1,0
BRDA:125,3,0,0
BRDA:125,3,1,0
BRDA:130,4,0,0
BRDA:130,4,1,0
BRDA:131,5,0,0
BRDA:131,5,1,0
BRDA:162,6,0,0
BRDA:162,6,1,0
BRDA:170,7,0,0
BRDA:170,7,1,0
BRDA:170,7,2,0
BRDA:170,7,3,0
BRDA:186,8,0,0
BRDA:186,8,1,0
BRDA:195,9,0,0
BRDA:195,9,1,0
BRDA:205,10,0,0
BRDA:205,10,1,0
BRDA:215,11,0,0
BRDA:215,11,1,0
BRDA:251,12,0,0
BRDA:251,12,1,0
BRDA:281,13,0,0
BRDA:281,13,1,0
BRDA:341,14,0,0
BRDA:341,14,1,0
BRDA:350,15,0,0
BRDA:350,15,1,0
BRDA:419,16,0,0
BRDA:419,16,1,0
BRDA:419,16,2,0
BRF:41
BRH:0
end_of_record
TN:
SF:src\components\payment\financial-dashboard.tsx
FN:69,(anonymous_0)
FN:70,(anonymous_1)
FN:86,(anonymous_2)
FN:138,(anonymous_3)
FN:167,(anonymous_4)
FN:168,(anonymous_5)
FN:187,(anonymous_6)
FN:226,(anonymous_7)
FN:237,(anonymous_8)
FN:268,(anonymous_9)
FN:279,(anonymous_10)
FN:280,(anonymous_11)
FN:298,(anonymous_12)
FN:350,(anonymous_13)
FN:362,(anonymous_14)
FN:427,(anonymous_15)
FNF:16
FNH:0
FNDA:0,(anonymous_0)
FNDA:0,(anonymous_1)
FNDA:0,(anonymous_2)
FNDA:0,(anonymous_3)
FNDA:0,(anonymous_4)
FNDA:0,(anonymous_5)
FNDA:0,(anonymous_6)
FNDA:0,(anonymous_7)
FNDA:0,(anonymous_8)
FNDA:0,(anonymous_9)
FNDA:0,(anonymous_10)
FNDA:0,(anonymous_11)
FNDA:0,(anonymous_12)
FNDA:0,(anonymous_13)
FNDA:0,(anonymous_14)
FNDA:0,(anonymous_15)
DA:69,0
DA:70,0
DA:71,0
DA:73,0
DA:75,0
DA:80,0
DA:82,0
DA:86,0
DA:87,0
DA:88,0
DA:89,0
DA:92,0
DA:138,0
DA:139,0
DA:167,0
DA:168,0
DA:169,0
DA:170,0
DA:171,0
DA:172,0
DA:173,0
DA:177,0
DA:188,0
DA:226,0
DA:227,0
DA:238,0
DA:240,0
DA:268,0
DA:273,0
DA:274,0
DA:275,0
DA:276,0
DA:279,0
DA:280,0
DA:281,0
DA:282,0
DA:283,0
DA:284,0
DA:285,0
DA:288,0
DA:290,0
DA:294,0
DA:298,0
DA:299,0
DA:300,0
DA:301,0
DA:303,0
DA:310,0
DA:311,0
DA:314,0
DA:318,0
DA:319,0
DA:326,0
DA:327,0
DA:334,0
DA:350,0
DA:362,0
DA:428,0
LF:58
LH:0
BRDA:69,0,0,0
BRDA:69,1,0,0
BRDA:71,2,0,0
BRDA:73,3,0,0
BRDA:73,3,1,0
BRDA:73,3,2,0
BRDA:87,4,0,0
BRDA:88,5,0,0
BRDA:101,6,0,0
BRDA:101,6,1,0
BRDA:103,7,0,0
BRDA:103,7,1,0
BRDA:105,8,0,0
BRDA:105,8,1,0
BRDA:111,9,0,0
BRDA:111,9,1,0
BRDA:119,10,0,0
BRDA:119,10,1,0
BRDA:120,11,0,0
BRDA:120,11,1,0
BRDA:121,12,0,0
BRDA:121,12,1,0
BRDA:122,13,0,0
BRDA:122,13,1,0
BRDA:169,14,0,0
BRDA:169,14,1,0
BRDA:169,14,2,0
BRDA:169,14,3,0
BRDA:208,15,0,0
BRDA:208,15,1,0
BRDA:238,16,0,0
BRDA:238,16,1,0
BRDA:253,17,0,0
BRDA:253,17,1,0
BRDA:270,18,0,0
BRDA:284,19,0,0
BRDA:284,20,0,0
BRDA:284,20,1,0
BRDA:310,21,0,0
BRDA:310,22,0,0
BRDA:310,22,1,0
BRDA:318,23,0,0
BRDA:326,24,0,0
BRDA:405,25,0,0
BRDA:405,25,1,0
BRDA:443,26,0,0
BRDA:443,26,1,0
BRF:47
BRH:0
end_of_record
TN:
SF:src\components\payment\fraud-monitoring.tsx
FN:71,(anonymous_0)
FN:72,(anonymous_1)
FN:103,(anonymous_2)
FN:104,(anonymous_3)
FN:113,(anonymous_4)
FN:124,(anonymous_5)
FN:182,(anonymous_6)
FN:190,(anonymous_7)
FN:198,(anonymous_8)
FN:216,(anonymous_9)
FN:289,(anonymous_10)
FN:300,(anonymous_11)
FN:322,(anonymous_12)
FN:332,(anonymous_13)
FN:373,(anonymous_14)
FN:374,(anonymous_15)
FN:374,(anonymous_16)
FN:383,(anonymous_17)
FN:414,(anonymous_18)
FN:438,(anonymous_19)
FN:442,(anonymous_20)
FNF:21
FNH:0
FNDA:0,(anonymous_0)
FNDA:0,(anonymous_1)
FNDA:0,(anonymous_2)
FNDA:0,(anonymous_3)
FNDA:0,(anonymous_4)
FNDA:0,(anonymous_5)
FNDA:0,(anonymous_6)
FNDA:0,(anonymous_7)
FNDA:0,(anonymous_8)
FNDA:0,(anonymous_9)
FNDA:0,(anonymous_10)
FNDA:0,(anonymous_11)
FNDA:0,(anonymous_12)
FNDA:0,(anonymous_13)
FNDA:0,(anonymous_14)
FNDA:0,(anonymous_15)
FNDA:0,(anonymous_16)
FNDA:0,(anonymous_17)
FNDA:0,(anonymous_18)
FNDA:0,(anonymous_19)
FNDA:0,(anonymous_20)
DA:71,0
DA:72,0
DA:73,0
DA:74,0
DA:75,0
DA:76,0
DA:79,0
DA:80,0
DA:86,0
DA:103,0
DA:104,0
DA:105,0
DA:106,0
DA:107,0
DA:108,0
DA:109,0
DA:113,0
DA:114,0
DA:115,0
DA:116,0
DA:117,0
DA:118,0
DA:119,0
DA:120,0
DA:124,0
DA:125,0
DA:126,0
DA:127,0
DA:128,0
DA:129,0
DA:133,0
DA:182,0
DA:190,0
DA:198,0
DA:216,0
DA:217,0
DA:289,0
DA:290,0
DA:301,0
DA:322,0
DA:326,0
DA:327,0
DA:328,0
DA:329,0
DA:332,0
DA:333,0
DA:351,0
DA:368,0
DA:369,0
DA:370,0
DA:373,0
DA:374,0
DA:375,0
DA:380,0
DA:383,0
DA:384,0
DA:385,0
DA:386,0
DA:387,0
DA:390,0
DA:391,0
DA:398,0
DA:414,0
DA:439,0
DA:442,0
LF:65
LH:0
BRDA:71,0,0,0
BRDA:73,1,0,0
BRDA:74,2,0,0
BRDA:75,3,0,0
BRDA:105,4,0,0
BRDA:105,4,1,0
BRDA:105,4,2,0
BRDA:105,4,3,0
BRDA:114,5,0,0
BRDA:114,5,1,0
BRDA:114,5,2,0
BRDA:114,5,3,0
BRDA:114,5,4,0
BRDA:114,5,5,0
BRDA:125,6,0,0
BRDA:125,6,1,0
BRDA:125,6,2,0
BRDA:125,6,3,0
BRDA:165,7,0,0
BRDA:165,7,1,0
BRDA:170,8,0,0
BRDA:170,8,1,0
BRDA:177,9,0,0
BRDA:177,9,1,0
BRDA:375,10,0,0
BRDA:375,10,1,0
BRDA:376,11,0,0
BRDA:376,11,1,0
BRDA:376,12,0,0
BRDA:376,12,1,0
BRDA:384,13,0,0
BRDA:385,14,0,0
BRDA:386,15,0,0
BRDA:390,16,0,0
BRDA:426,17,0,0
BRDA:426,17,1,0
BRDA:436,18,0,0
BRDA:436,18,1,0
BRDA:459,19,0,0
BRDA:459,19,1,0
BRF:40
BRH:0
end_of_record
TN:
SF:src\components\payment\payment-method-selector.tsx
FN:69,(anonymous_0)
FN:161,(anonymous_1)
FN:179,(anonymous_2)
FN:202,(anonymous_3)
FN:210,(anonymous_4)
FN:214,(anonymous_5)
FN:245,(anonymous_6)
FN:254,(anonymous_7)
FN:279,(anonymous_8)
FN:284,(anonymous_9)
FN:324,(anonymous_10)
FNF:11
FNH:0
FNDA:0,(anonymous_0)
FNDA:0,(anonymous_1)
FNDA:0,(anonymous_2)
FNDA:0,(anonymous_3)
FNDA:0,(anonymous_4)
FNDA:0,(anonymous_5)
FNDA:0,(anonymous_6)
FNDA:0,(anonymous_7)
FNDA:0,(anonymous_8)
FNDA:0,(anonymous_9)
FNDA:0,(anonymous_10)
DA:50,0
DA:69,0
DA:70,0
DA:71,0
DA:73,0
DA:161,0
DA:162,0
DA:164,0
DA:179,0
DA:202,0
DA:211,0
DA:215,0
DA:216,0
DA:245,0
DA:254,0
DA:256,0
DA:280,0
DA:284,0
DA:324,0
LF:19
LH:0
BRDA:81,0,0,0
BRDA:81,0,1,0
BRDA:83,1,0,0
BRDA:83,1,1,0
BRDA:90,2,0,0
BRDA:90,2,1,0
BRDA:93,3,0,0
BRDA:93,3,1,0
BRDA:112,4,0,0
BRDA:112,4,1,0
BRDA:117,5,0,0
BRDA:117,5,1,0
BRDA:123,6,0,0
BRDA:123,6,1,0
BRDA:124,7,0,0
BRDA:124,7,1,0
BRDA:124,7,2,0
BRDA:134,8,0,0
BRDA:134,8,1,0
BRDA:138,9,0,0
BRDA:138,9,1,0
BRDA:172,10,0,0
BRDA:172,10,1,0
BRDA:175,11,0,0
BRDA:175,11,1,0
BRDA:179,12,0,0
BRDA:179,12,1,0
BRDA:250,13,0,0
BRDA:252,14,0,0
BRDA:269,15,0,0
BRDA:269,15,1,0
BRDA:289,16,0,0
BRDA:289,16,1,0
BRDA:313,17,0,0
BRDA:313,17,1,0
BRDA:322,18,0,0
BRDA:322,18,1,0
BRF:37
BRH:0
end_of_record
TN:
SF:src\components\search\location-search.tsx
FN:54,(anonymous_0)
FN:90,(anonymous_1)
FN:99,(anonymous_2)
FN:118,(anonymous_3)
FN:125,(anonymous_4)
FN:128,(anonymous_5)
FN:136,(anonymous_6)
FN:140,(anonymous_7)
FN:151,(anonymous_8)
FN:167,(anonymous_9)
FN:176,(anonymous_10)
FN:190,(anonymous_11)
FN:204,(anonymous_12)
FN:216,(anonymous_13)
FN:224,(anonymous_14)
FN:232,(anonymous_15)
FN:233,(anonymous_16)
FN:244,(anonymous_17)
FN:268,(anonymous_18)
FN:313,(anonymous_19)
FN:317,(anonymous_20)
FN:348,(anonymous_21)
FN:353,(anonymous_22)
FNF:23
FNH:0
FNDA:0,(anonymous_0)
FNDA:0,(anonymous_1)
FNDA:0,(anonymous_2)
FNDA:0,(anonymous_3)
FNDA:0,(anonymous_4)
FNDA:0,(anonymous_5)
FNDA:0,(anonymous_6)
FNDA:0,(anonymous_7)
FNDA:0,(anonymous_8)
FNDA:0,(anonymous_9)
FNDA:0,(anonymous_10)
FNDA:0,(anonymous_11)
FNDA:0,(anonymous_12)
FNDA:0,(anonymous_13)
FNDA:0,(anonymous_14)
FNDA:0,(anonymous_15)
FNDA:0,(anonymous_16)
FNDA:0,(anonymous_17)
FNDA:0,(anonymous_18)
FNDA:0,(anonymous_19)
FNDA:0,(anonymous_20)
FNDA:0,(anonymous_21)
FNDA:0,(anonymous_22)
DA:54,0
DA:55,0
DA:57,0
DA:90,0
DA:91,0
DA:99,0
DA:109,0
DA:110,0
DA:111,0
DA:112,0
DA:113,0
DA:114,0
DA:115,0
DA:118,0
DA:119,0
DA:120,0
DA:121,0
DA:122,0
DA:125,0
DA:126,0
DA:128,0
DA:129,0
DA:130,0
DA:131,0
DA:132,0
DA:136,0
DA:140,0
DA:141,0
DA:142,0
DA:143,0
DA:151,0
DA:152,0
DA:153,0
DA:155,0
DA:161,0
DA:162,0
DA:163,0
DA:167,0
DA:168,0
DA:169,0
DA:170,0
DA:173,0
DA:175,0
DA:177,0
DA:180,0
DA:186,0
DA:187,0
DA:188,0
DA:191,0
DA:192,0
DA:193,0
DA:204,0
DA:205,0
DA:206,0
DA:207,0
DA:212,0
DA:216,0
DA:217,0
DA:224,0
DA:225,0
DA:232,0
DA:233,0
DA:234,0
DA:239,0
DA:243,0
DA:244,0
DA:247,0
DA:249,0
DA:268,0
DA:314,0
DA:317,0
DA:349,0
DA:353,0
LF:73
LH:0
BRDA:55,0,0,0
BRDA:91,1,0,0
BRDA:91,1,1,0
BRDA:102,2,0,0
BRDA:104,3,0,0
BRDA:105,4,0,0
BRDA:107,5,0,0
BRDA:109,6,0,0
BRDA:109,6,1,0
BRDA:119,7,0,0
BRDA:168,8,0,0
BRDA:234,9,0,0
BRDA:235,10,0,0
BRDA:235,10,1,0
BRDA:235,10,2,0
BRDA:266,11,0,0
BRDA:266,11,1,0
BRDA:268,12,0,0
BRDA:268,12,1,0
BRDA:272,13,0,0
BRDA:272,13,1,0
BRDA:274,14,0,0
BRDA:274,14,1,0
BRDA:289,15,0,0
BRDA:289,15,1,0
BRDA:293,16,0,0
BRDA:293,16,1,0
BRDA:304,17,0,0
BRDA:304,17,1,0
BRDA:304,17,2,0
BRDA:341,18,0,0
BRDA:341,18,1,0
BRDA:341,18,2,0
BRDA:341,18,3,0
BRDA:344,19,0,0
BRDA:344,19,1,0
BRDA:351,20,0,0
BRDA:351,20,1,0
BRDA:356,21,0,0
BRDA:356,21,1,0
BRDA:369,22,0,0
BRDA:369,22,1,0
BRDA:371,23,0,0
BRDA:371,23,1,0
BRDA:376,24,0,0
BRDA:376,24,1,0
BRF:46
BRH:0
end_of_record
TN:
SF:src\components\search\task-search-interface.tsx
FN:48,(anonymous_0)
FN:60,(anonymous_1)
FN:65,(anonymous_2)
FN:70,(anonymous_3)
FN:75,(anonymous_4)
FN:80,(anonymous_5)
FN:85,(anonymous_6)
FN:95,(anonymous_7)
FN:105,(anonymous_8)
FN:109,(anonymous_9)
FN:166,(anonymous_10)
FN:196,(anonymous_11)
FN:205,(anonymous_12)
FN:210,(anonymous_13)
FN:254,(anonymous_14)
FN:270,(anonymous_15)
FN:278,(anonymous_16)
FN:286,(anonymous_17)
FNF:18
FNH:0
FNDA:0,(anonymous_0)
FNDA:0,(anonymous_1)
FNDA:0,(anonymous_2)
FNDA:0,(anonymous_3)
FNDA:0,(anonymous_4)
FNDA:0,(anonymous_5)
FNDA:0,(anonymous_6)
FNDA:0,(anonymous_7)
FNDA:0,(anonymous_8)
FNDA:0,(anonymous_9)
FNDA:0,(anonymous_10)
FNDA:0,(anonymous_11)
FNDA:0,(anonymous_12)
FNDA:0,(anonymous_13)
FNDA:0,(anonymous_14)
FNDA:0,(anonymous_15)
FNDA:0,(anonymous_16)
FNDA:0,(anonymous_17)
DA:48,0
DA:57,0
DA:60,0
DA:61,0
DA:65,0
DA:66,0
DA:70,0
DA:71,0
DA:75,0
DA:76,0
DA:80,0
DA:81,0
DA:85,0
DA:86,0
DA:95,0
DA:96,0
DA:105,0
DA:106,0
DA:107,0
DA:108,0
DA:109,0
DA:111,0
DA:114,0
DA:123,0
DA:125,0
DA:166,0
DA:196,0
DA:206,0
DA:210,0
DA:255,0
DA:270,0
DA:278,0
DA:286,0
LF:33
LH:0
BRDA:52,0,0,0
BRDA:54,1,0,0
BRDA:55,2,0,0
BRDA:106,3,0,0
BRDA:107,4,0,0
BRDA:108,5,0,0
BRDA:108,6,0,0
BRDA:108,6,1,0
BRDA:109,7,0,0
BRDA:109,7,1,0
BRDA:109,7,2,0
BRDA:111,8,0,0
BRDA:111,8,1,0
BRDA:111,8,2,0
BRDA:170,9,0,0
BRDA:170,9,1,0
BRDA:182,10,0,0
BRDA:182,10,1,0
BRDA:182,10,2,0
BRDA:192,11,0,0
BRDA:192,11,1,0
BRDA:208,12,0,0
BRDA:208,12,1,0
BRDA:213,13,0,0
BRDA:213,13,1,0
BRDA:230,14,0,0
BRDA:230,14,1,0
BRDA:233,15,0,0
BRDA:233,15,1,0
BRDA:265,16,0,0
BRDA:265,16,1,0
BRDA:268,17,0,0
BRDA:268,17,1,0
BRDA:276,18,0,0
BRDA:276,18,1,0
BRDA:284,19,0,0
BRDA:284,19,1,0
BRDA:296,20,0,0
BRDA:296,20,1,0
BRDA:300,21,0,0
BRDA:300,21,1,0
BRDA:305,22,0,0
BRDA:305,22,1,0
BRF:43
BRH:0
end_of_record
TN:
SF:src\components\status\connection-status.tsx
FN:16,ConnectionStatusIndicator
FN:21,(anonymous_1)
FN:23,(anonymous_2)
FN:27,(anonymous_3)
FN:34,(anonymous_4)
FN:74,(anonymous_5)
FN:125,FloatingConnectionStatus
FN:130,(anonymous_7)
FN:136,(anonymous_8)
FN:140,(anonymous_9)
FNF:10
FNH:0
FNDA:0,ConnectionStatusIndicator
FNDA:0,(anonymous_1)
FNDA:0,(anonymous_2)
FNDA:0,(anonymous_3)
FNDA:0,(anonymous_4)
FNDA:0,(anonymous_5)
FNDA:0,FloatingConnectionStatus
FNDA:0,(anonymous_7)
FNDA:0,(anonymous_8)
FNDA:0,(anonymous_9)
DA:17,0
DA:18,0
DA:21,0
DA:22,0
DA:23,0
DA:24,0
DA:27,0
DA:29,0
DA:34,0
DA:35,0
DA:37,0
DA:45,0
DA:53,0
DA:62,0
DA:71,0
DA:74,0
DA:75,0
DA:76,0
DA:79,0
DA:126,0
DA:127,0
DA:130,0
DA:131,0
DA:133,0
DA:136,0
DA:137,0
DA:140,0
DA:144,0
DA:145,0
DA:148,0
LF:30
LH:0
BRDA:16,0,0,0
BRDA:22,1,0,0
BRDA:22,1,1,0
BRDA:35,2,0,0
BRDA:35,2,1,0
BRDA:35,2,2,0
BRDA:35,2,3,0
BRDA:35,2,4,0
BRDA:87,3,0,0
BRDA:87,3,1,0
BRDA:93,4,0,0
BRDA:93,4,1,0
BRDA:95,5,0,0
BRDA:95,5,1,0
BRDA:104,6,0,0
BRDA:104,6,1,0
BRDA:131,7,0,0
BRDA:131,7,1,0
BRDA:131,8,0,0
BRDA:131,8,1,0
BRDA:144,9,0,0
BRDA:153,10,0,0
BRDA:153,10,1,0
BRF:23
BRH:0
end_of_record
TN:
SF:src\components\task\airtasker-style-wizard.tsx
FN:49,(anonymous_0)
FN:53,(anonymous_1)
FN:83,(anonymous_2)
FN:102,(anonymous_3)
FN:115,(anonymous_4)
FN:128,(anonymous_5)
FN:140,(anonymous_6)
FN:164,(anonymous_7)
FN:165,(anonymous_8)
FN:190,(anonymous_9)
FN:207,(anonymous_10)
FN:223,(anonymous_11)
FN:238,(anonymous_12)
FN:276,(anonymous_13)
FN:291,(anonymous_14)
FN:317,(anonymous_15)
FN:331,(anonymous_16)
FN:336,(anonymous_17)
FN:371,(anonymous_18)
FN:374,(anonymous_19)
FN:378,(anonymous_20)
FN:405,(anonymous_21)
FN:418,(anonymous_22)
FN:442,(anonymous_23)
FN:497,(anonymous_24)
FN:529,(anonymous_25)
FN:530,(anonymous_26)
FN:533,(anonymous_27)
FN:534,(anonymous_28)
FN:537,(anonymous_29)
FN:538,(anonymous_30)
FN:547,(anonymous_31)
FNF:32
FNH:0
FNDA:0,(anonymous_0)
FNDA:0,(anonymous_1)
FNDA:0,(anonymous_2)
FNDA:0,(anonymous_3)
FNDA:0,(anonymous_4)
FNDA:0,(anonymous_5)
FNDA:0,(anonymous_6)
FNDA:0,(anonymous_7)
FNDA:0,(anonymous_8)
FNDA:0,(anonymous_9)
FNDA:0,(anonymous_10)
FNDA:0,(anonymous_11)
FNDA:0,(anonymous_12)
FNDA:0,(anonymous_13)
FNDA:0,(anonymous_14)
FNDA:0,(anonymous_15)
FNDA:0,(anonymous_16)
FNDA:0,(anonymous_17)
FNDA:0,(anonymous_18)
FNDA:0,(anonymous_19)
FNDA:0,(anonymous_20)
FNDA:0,(anonymous_21)
FNDA:0,(anonymous_22)
FNDA:0,(anonymous_23)
FNDA:0,(anonymous_24)
FNDA:0,(anonymous_25)
FNDA:0,(anonymous_26)
FNDA:0,(anonymous_27)
FNDA:0,(anonymous_28)
FNDA:0,(anonymous_29)
FNDA:0,(anonymous_30)
FNDA:0,(anonymous_31)
DA:49,0
DA:50,0
DA:51,0
DA:53,0
DA:54,0
DA:55,0
DA:59,0
DA:63,0
DA:83,0
DA:102,0
DA:115,0
DA:128,0
DA:140,0
DA:164,0
DA:165,0
DA:166,0
DA:167,0
DA:171,0
DA:190,0
DA:207,0
DA:223,0
DA:238,0
DA:276,0
DA:277,0
DA:291,0
DA:292,0
DA:293,0
DA:297,0
DA:317,0
DA:331,0
DA:337,0
DA:371,0
DA:372,0
DA:374,0
DA:375,0
DA:376,0
DA:378,0
DA:379,0
DA:381,0
DA:385,0
DA:405,0
DA:418,0
DA:442,0
DA:497,0
DA:503,0
DA:504,0
DA:522,0
DA:529,0
DA:530,0
DA:533,0
DA:534,0
DA:537,0
DA:538,0
DA:541,0
DA:548,0
LF:55
LH:0
BRDA:51,0,0,0
BRDA:51,0,1,0
BRDA:54,1,0,0
BRDA:54,2,0,0
BRDA:54,2,1,0
BRDA:54,2,2,0
BRDA:56,3,0,0
BRDA:56,3,1,0
BRDA:135,4,0,0
BRDA:135,4,1,0
BRDA:135,4,2,0
BRDA:139,5,0,0
BRDA:139,5,1,0
BRDA:140,6,0,0
BRDA:140,6,1,0
BRDA:150,7,0,0
BRDA:150,7,1,0
BRDA:150,7,2,0
BRDA:166,8,0,0
BRDA:166,9,0,0
BRDA:166,9,1,0
BRDA:166,9,2,0
BRDA:189,10,0,0
BRDA:189,10,1,0
BRDA:198,11,0,0
BRDA:198,11,1,0
BRDA:206,12,0,0
BRDA:206,12,1,0
BRDA:222,13,0,0
BRDA:222,13,1,0
BRDA:237,14,0,0
BRDA:237,14,1,0
BRDA:262,15,0,0
BRDA:262,15,1,0
BRDA:262,15,2,0
BRDA:292,16,0,0
BRDA:292,17,0,0
BRDA:292,17,1,0
BRDA:357,18,0,0
BRDA:357,18,1,0
BRDA:375,19,0,0
BRDA:375,20,0,0
BRDA:375,20,1,0
BRDA:404,21,0,0
BRDA:404,21,1,0
BRDA:408,22,0,0
BRDA:408,22,1,0
BRDA:417,23,0,0
BRDA:417,23,1,0
BRDA:421,24,0,0
BRDA:421,24,1,0
BRDA:434,25,0,0
BRDA:434,25,1,0
BRDA:441,26,0,0
BRDA:441,26,1,0
BRDA:443,27,0,0
BRDA:443,27,1,0
BRDA:450,28,0,0
BRDA:450,28,1,0
BRDA:469,29,0,0
BRDA:469,29,1,0
BRDA:469,29,2,0
BRDA:473,30,0,0
BRDA:473,30,1,0
BRDA:500,31,0,0
BRDA:551,32,0,0
BRDA:551,32,1,0
BRDA:557,33,0,0
BRDA:557,33,1,0
BRDA:560,34,0,0
BRDA:560,34,1,0
BRF:71
BRH:0
end_of_record
TN:
SF:src\components\task\bid-card.tsx
FN:53,(anonymous_0)
FN:65,(anonymous_1)
FN:84,(anonymous_2)
FN:85,(anonymous_3)
FN:121,(anonymous_4)
FN:168,(anonymous_5)
FN:230,(anonymous_6)
FN:238,(anonymous_7)
FN:247,(anonymous_8)
FN:268,(anonymous_9)
FN:278,(anonymous_10)
FN:313,(anonymous_11)
FN:331,(anonymous_12)
FNF:13
FNH:0
FNDA:0,(anonymous_0)
FNDA:0,(anonymous_1)
FNDA:0,(anonymous_2)
FNDA:0,(anonymous_3)
FNDA:0,(anonymous_4)
FNDA:0,(anonymous_5)
FNDA:0,(anonymous_6)
FNDA:0,(anonymous_7)
FNDA:0,(anonymous_8)
FNDA:0,(anonymous_9)
FNDA:0,(anonymous_10)
FNDA:0,(anonymous_11)
FNDA:0,(anonymous_12)
DA:53,0
DA:60,0
DA:61,0
DA:65,0
DA:66,0
DA:67,0
DA:68,0
DA:70,0
DA:71,0
DA:72,0
DA:75,0
DA:76,0
DA:80,0
DA:84,0
DA:85,0
DA:121,0
DA:168,0
DA:230,0
DA:238,0
DA:247,0
DA:268,0
DA:275,0
DA:276,0
DA:279,0
DA:300,0
DA:301,0
DA:313,0
DA:314,0
DA:315,0
DA:316,0
DA:317,0
DA:320,0
DA:332,0
LF:33
LH:0
BRDA:70,0,0,0
BRDA:71,1,0,0
BRDA:76,2,0,0
BRDA:76,2,1,0
BRDA:76,3,0,0
BRDA:76,3,1,0
BRDA:91,4,0,0
BRDA:91,4,1,0
BRDA:92,5,0,0
BRDA:92,5,1,0
BRDA:94,6,0,0
BRDA:94,6,1,0
BRDA:111,7,0,0
BRDA:111,7,1,0
BRDA:124,8,0,0
BRDA:124,8,1,0
BRDA:152,9,0,0
BRDA:152,9,1,0
BRDA:165,10,0,0
BRDA:165,10,1,0
BRDA:171,11,0,0
BRDA:171,11,1,0
BRDA:177,12,0,0
BRDA:177,12,1,0
BRDA:177,12,2,0
BRDA:179,13,0,0
BRDA:179,13,1,0
BRDA:185,14,0,0
BRDA:185,14,1,0
BRDA:273,15,0,0
BRDA:275,16,0,0
BRDA:300,17,0,0
BRDA:314,18,0,0
BRDA:314,19,0,0
BRDA:314,19,1,0
BRDA:315,20,0,0
BRDA:315,21,0,0
BRDA:315,21,1,0
BRDA:316,22,0,0
BRDA:324,23,0,0
BRDA:324,23,1,0
BRF:41
BRH:0
end_of_record
TN:
SF:src\components\task\task-card.tsx
FN:20,(anonymous_0)
FN:40,(anonymous_1)
FN:71,(anonymous_2)
FN:73,(anonymous_3)
FN:82,(anonymous_4)
FNF:5
FNH:0
FNDA:0,(anonymous_0)
FNDA:0,(anonymous_1)
FNDA:0,(anonymous_2)
FNDA:0,(anonymous_3)
FNDA:0,(anonymous_4)
DA:20,0
DA:21,0
DA:30,0
DA:32,0
DA:34,0
DA:40,0
DA:41,0
DA:44,0
DA:45,0
DA:46,0
DA:48,0
DA:49,0
DA:50,0
DA:51,0
DA:52,0
DA:55,0
DA:59,0
DA:60,0
DA:61,0
DA:62,0
DA:65,0
DA:71,0
DA:73,0
DA:74,0
DA:75,0
DA:76,0
DA:78,0
DA:82,0
DA:83,0
DA:87,0
DA:88,0
DA:91,0
DA:96,0
DA:100,0
LF:34
LH:0
BRDA:30,0,0,0
BRDA:30,0,1,0
BRDA:30,1,0,0
BRDA:30,1,1,0
BRDA:34,2,0,0
BRDA:34,2,1,0
BRDA:41,3,0,0
BRDA:44,4,0,0
BRDA:44,5,0,0
BRDA:44,5,1,0
BRDA:45,6,0,0
BRDA:45,6,1,0
BRDA:46,7,0,0
BRDA:46,7,1,0
BRDA:49,8,0,0
BRDA:49,8,1,0
BRDA:51,9,0,0
BRDA:59,10,0,0
BRDA:61,11,0,0
BRDA:61,11,1,0
BRDA:75,12,0,0
BRDA:75,13,0,0
BRDA:75,13,1,0
BRDA:91,14,0,0
BRDA:91,14,1,0
BRDA:96,15,0,0
BRDA:96,15,1,0
BRDA:106,16,0,0
BRDA:106,16,1,0
BRDA:118,17,0,0
BRDA:118,17,1,0
BRDA:118,18,0,0
BRDA:118,18,1,0
BRDA:123,19,0,0
BRDA:123,19,1,0
BRDA:123,20,0,0
BRDA:123,20,1,0
BRDA:127,21,0,0
BRDA:127,21,1,0
BRDA:137,22,0,0
BRDA:137,22,1,0
BRDA:179,23,0,0
BRDA:179,23,1,0
BRDA:179,24,0,0
BRDA:179,24,1,0
BRDA:181,25,0,0
BRDA:181,25,1,0
BRDA:181,26,0,0
BRDA:181,26,1,0
BRDA:186,27,0,0
BRDA:186,27,1,0
BRDA:186,28,0,0
BRDA:186,28,1,0
BRF:53
BRH:0
end_of_record
TN:
SF:src\components\task\task-creation-wizard.tsx
FN:42,(anonymous_0)
FN:54,(anonymous_1)
FN:73,(anonymous_2)
FN:86,(anonymous_3)
FN:97,(anonymous_4)
FN:102,(anonymous_5)
FN:125,(anonymous_6)
FN:128,(anonymous_7)
FN:145,(anonymous_8)
FN:161,(anonymous_9)
FN:172,(anonymous_10)
FN:221,(anonymous_11)
FN:222,(anonymous_12)
FN:241,(anonymous_13)
FN:249,(anonymous_14)
FN:268,(anonymous_15)
FN:294,(anonymous_16)
FN:297,(anonymous_17)
FN:300,(anonymous_18)
FN:355,(anonymous_19)
FN:389,(anonymous_20)
FN:390,(anonymous_21)
FN:393,(anonymous_22)
FN:394,(anonymous_23)
FN:397,(anonymous_24)
FN:398,(anonymous_25)
FN:401,(anonymous_26)
FN:407,(anonymous_27)
FN:473,(anonymous_28)
FNF:29
FNH:0
FNDA:0,(anonymous_0)
FNDA:0,(anonymous_1)
FNDA:0,(anonymous_2)
FNDA:0,(anonymous_3)
FNDA:0,(anonymous_4)
FNDA:0,(anonymous_5)
FNDA:0,(anonymous_6)
FNDA:0,(anonymous_7)
FNDA:0,(anonymous_8)
FNDA:0,(anonymous_9)
FNDA:0,(anonymous_10)
FNDA:0,(anonymous_11)
FNDA:0,(anonymous_12)
FNDA:0,(anonymous_13)
FNDA:0,(anonymous_14)
FNDA:0,(anonymous_15)
FNDA:0,(anonymous_16)
FNDA:0,(anonymous_17)
FNDA:0,(anonymous_18)
FNDA:0,(anonymous_19)
FNDA:0,(anonymous_20)
FNDA:0,(anonymous_21)
FNDA:0,(anonymous_22)
FNDA:0,(anonymous_23)
FNDA:0,(anonymous_24)
FNDA:0,(anonymous_25)
FNDA:0,(anonymous_26)
FNDA:0,(anonymous_27)
FNDA:0,(anonymous_28)
DA:42,0
DA:43,0
DA:54,0
DA:55,0
DA:56,0
DA:60,0
DA:73,0
DA:86,0
DA:97,0
DA:103,0
DA:125,0
DA:126,0
DA:128,0
DA:129,0
DA:130,0
DA:133,0
DA:145,0
DA:161,0
DA:172,0
DA:221,0
DA:222,0
DA:223,0
DA:224,0
DA:228,0
DA:241,0
DA:249,0
DA:268,0
DA:294,0
DA:295,0
DA:297,0
DA:298,0
DA:300,0
DA:301,0
DA:305,0
DA:355,0
DA:361,0
DA:362,0
DA:382,0
DA:389,0
DA:390,0
DA:393,0
DA:394,0
DA:397,0
DA:398,0
DA:401,0
DA:403,0
DA:407,0
DA:415,0
DA:473,0
LF:49
LH:0
BRDA:55,0,0,0
BRDA:55,1,0,0
BRDA:55,1,1,0
BRDA:55,1,2,0
BRDA:114,2,0,0
BRDA:114,2,1,0
BRDA:114,2,2,0
BRDA:144,3,0,0
BRDA:144,3,1,0
BRDA:154,4,0,0
BRDA:154,4,1,0
BRDA:160,5,0,0
BRDA:160,5,1,0
BRDA:171,6,0,0
BRDA:171,6,1,0
BRDA:190,7,0,0
BRDA:190,7,1,0
BRDA:194,8,0,0
BRDA:194,8,1,0
BRDA:223,9,0,0
BRDA:223,10,0,0
BRDA:223,10,1,0
BRDA:240,11,0,0
BRDA:240,11,1,0
BRDA:248,12,0,0
BRDA:248,12,1,0
BRDA:260,13,0,0
BRDA:260,13,1,0
BRDA:267,14,0,0
BRDA:267,14,1,0
BRDA:269,15,0,0
BRDA:269,15,1,0
BRDA:283,16,0,0
BRDA:283,16,1,0
BRDA:325,17,0,0
BRDA:325,17,1,0
BRDA:340,18,0,0
BRDA:340,18,1,0
BRDA:358,19,0,0
BRDA:460,20,0,0
BRDA:460,20,1,0
BRDA:464,21,0,0
BRDA:464,21,1,0
BRDA:473,22,0,0
BRDA:473,22,1,0
BRDA:476,23,0,0
BRDA:476,23,1,0
BRF:47
BRH:0
end_of_record
TN:
SF:src\components\task\task-detail-view.tsx
FN:36,(anonymous_0)
FN:48,(anonymous_1)
FN:68,(anonymous_2)
FN:210,(anonymous_3)
FNF:4
FNH:0
FNDA:0,(anonymous_0)
FNDA:0,(anonymous_1)
FNDA:0,(anonymous_2)
FNDA:0,(anonymous_3)
DA:36,0
DA:44,0
DA:48,0
DA:49,0
DA:50,0
DA:68,0
DA:89,0
DA:90,0
DA:118,0
DA:119,0
DA:135,0
DA:136,0
DA:154,0
DA:155,0
DA:174,0
DA:177,0
DA:211,0
DA:212,0
LF:18
LH:0
BRDA:49,0,0,0
BRDA:58,1,0,0
BRDA:58,1,1,0
BRDA:64,2,0,0
BRDA:64,2,1,0
BRDA:64,2,2,0
BRDA:64,2,3,0
BRDA:74,3,0,0
BRDA:74,3,1,0
BRDA:89,4,0,0
BRDA:97,5,0,0
BRDA:97,5,1,0
BRDA:103,6,0,0
BRDA:103,6,1,0
BRDA:108,7,0,0
BRDA:108,7,1,0
BRDA:118,8,0,0
BRDA:135,9,0,0
BRDA:145,10,0,0
BRDA:145,10,1,0
BRDA:154,11,0,0
BRDA:164,12,0,0
BRDA:164,12,1,0
BRDA:212,13,0,0
BRDA:212,13,1,0
BRDA:223,14,0,0
BRDA:223,14,1,0
BRDA:227,15,0,0
BRDA:227,15,1,0
BRF:29
BRH:0
end_of_record
TN:
SF:src\components\task\task-form.tsx
FN:44,TaskForm
FN:46,(anonymous_1)
FN:93,(anonymous_2)
FN:103,(anonymous_3)
FN:109,(anonymous_4)
FN:116,(anonymous_5)
FN:125,(anonymous_6)
FN:181,(anonymous_7)
FN:209,(anonymous_8)
FN:226,(anonymous_9)
FN:244,(anonymous_10)
FN:253,(anonymous_11)
FN:272,(anonymous_12)
FN:296,(anonymous_13)
FN:319,(anonymous_14)
FN:336,(anonymous_15)
FN:370,(anonymous_16)
FN:382,(anonymous_17)
FN:394,(anonymous_18)
FN:406,(anonymous_19)
FN:418,(anonymous_20)
FN:436,(anonymous_21)
FN:451,(anonymous_22)
FNF:23
FNH:0
FNDA:0,TaskForm
FNDA:0,(anonymous_1)
FNDA:0,(anonymous_2)
FNDA:0,(anonymous_3)
FNDA:0,(anonymous_4)
FNDA:0,(anonymous_5)
FNDA:0,(anonymous_6)
FNDA:0,(anonymous_7)
FNDA:0,(anonymous_8)
FNDA:0,(anonymous_9)
FNDA:0,(anonymous_10)
FNDA:0,(anonymous_11)
FNDA:0,(anonymous_12)
FNDA:0,(anonymous_13)
FNDA:0,(anonymous_14)
FNDA:0,(anonymous_15)
FNDA:0,(anonymous_16)
FNDA:0,(anonymous_17)
FNDA:0,(anonymous_18)
FNDA:0,(anonymous_19)
FNDA:0,(anonymous_20)
FNDA:0,(anonymous_21)
FNDA:0,(anonymous_22)
DA:46,0
DA:47,0
DA:48,0
DA:50,0
DA:52,0
DA:53,0
DA:56,0
DA:87,0
DA:90,0
DA:93,0
DA:94,0
DA:98,0
DA:99,0
DA:103,0
DA:104,0
DA:105,0
DA:109,0
DA:110,0
DA:111,0
DA:112,0
DA:116,0
DA:117,0
DA:118,0
DA:122,0
DA:125,0
DA:127,0
DA:128,0
DA:129,0
DA:130,0
DA:132,0
DA:134,0
DA:144,0
DA:148,0
DA:151,0
DA:168,0
DA:169,0
DA:172,0
DA:173,0
DA:174,0
DA:180,0
DA:182,0
DA:184,0
DA:185,0
DA:186,0
DA:209,0
DA:226,0
DA:244,0
DA:254,0
DA:272,0
DA:296,0
DA:319,0
DA:337,0
DA:338,0
DA:370,0
DA:382,0
DA:394,0
DA:406,0
DA:418,0
DA:436,0
DA:451,0
LF:60
LH:0
BRDA:47,0,0,0
BRDA:50,1,0,0
BRDA:50,1,1,0
BRDA:56,2,0,0
BRDA:56,2,1,0
BRDA:67,3,0,0
BRDA:67,3,1,0
BRDA:71,4,0,0
BRDA:71,4,1,0
BRDA:72,5,0,0
BRDA:72,5,1,0
BRDA:110,6,0,0
BRDA:110,6,1,0
BRDA:132,7,0,0
BRDA:132,7,1,0
BRDA:138,8,0,0
BRDA:138,8,1,0
BRDA:140,9,0,0
BRDA:140,9,1,0
BRDA:141,10,0,0
BRDA:141,10,1,0
BRDA:155,11,0,0
BRDA:155,11,1,0
BRDA:158,12,0,0
BRDA:158,12,1,0
BRDA:159,13,0,0
BRDA:159,13,1,0
BRDA:165,14,0,0
BRDA:165,14,1,0
BRDA:173,15,0,0
BRDA:173,15,1,0
BRDA:185,16,0,0
BRDA:191,17,0,0
BRDA:191,17,1,0
BRDA:195,18,0,0
BRDA:195,18,1,0
BRDA:207,19,0,0
BRDA:207,19,1,0
BRDA:211,20,0,0
BRDA:211,20,1,0
BRDA:211,21,0,0
BRDA:211,21,1,0
BRDA:213,22,0,0
BRDA:213,22,1,0
BRDA:213,22,2,0
BRDA:224,23,0,0
BRDA:224,23,1,0
BRDA:229,24,0,0
BRDA:229,24,1,0
BRDA:229,25,0,0
BRDA:229,25,1,0
BRDA:231,26,0,0
BRDA:231,26,1,0
BRDA:231,26,2,0
BRDA:242,27,0,0
BRDA:242,27,1,0
BRDA:249,28,0,0
BRDA:249,28,1,0
BRDA:249,29,0,0
BRDA:249,29,1,0
BRDA:259,30,0,0
BRDA:259,30,1,0
BRDA:259,30,2,0
BRDA:270,31,0,0
BRDA:270,31,1,0
BRDA:294,32,0,0
BRDA:294,32,1,0
BRDA:317,33,0,0
BRDA:317,33,1,0
BRDA:325,34,0,0
BRDA:325,34,1,0
BRDA:325,34,2,0
BRDA:335,35,0,0
BRDA:335,35,1,0
BRDA:354,36,0,0
BRDA:354,36,1,0
BRDA:361,37,0,0
BRDA:361,37,1,0
BRDA:368,38,0,0
BRDA:368,38,1,0
BRDA:380,39,0,0
BRDA:380,39,1,0
BRDA:392,40,0,0
BRDA:392,40,1,0
BRDA:404,41,0,0
BRDA:404,41,1,0
BRDA:416,42,0,0
BRDA:416,42,1,0
BRDA:434,43,0,0
BRDA:434,43,1,0
BRDA:438,44,0,0
BRDA:438,44,1,0
BRDA:438,44,2,0
BRDA:449,45,0,0
BRDA:449,45,1,0
BRDA:453,46,0,0
BRDA:453,46,1,0
BRDA:453,46,2,0
BRF:98
BRH:0
end_of_record
TN:
SF:src\components\task\task-list.tsx
FN:60,(anonymous_0)
FN:76,(anonymous_1)
FN:96,(anonymous_2)
FN:117,(anonymous_3)
FN:122,(anonymous_4)
FN:127,(anonymous_5)
FN:140,(anonymous_6)
FN:147,(anonymous_7)
FN:152,(anonymous_8)
FN:160,(anonymous_9)
FN:165,(anonymous_10)
FN:170,(anonymous_11)
FN:175,(anonymous_12)
FN:182,(anonymous_13)
FN:183,(anonymous_14)
FN:203,(anonymous_15)
FN:206,(anonymous_16)
FN:210,(anonymous_17)
FN:214,(anonymous_18)
FN:218,(anonymous_19)
FN:222,(anonymous_20)
FN:239,(anonymous_21)
FN:264,(anonymous_22)
FN:276,(anonymous_23)
FN:280,(anonymous_24)
FN:284,(anonymous_25)
FN:296,(anonymous_26)
FNF:27
FNH:0
FNDA:0,(anonymous_0)
FNDA:0,(anonymous_1)
FNDA:0,(anonymous_2)
FNDA:0,(anonymous_3)
FNDA:0,(anonymous_4)
FNDA:0,(anonymous_5)
FNDA:0,(anonymous_6)
FNDA:0,(anonymous_7)
FNDA:0,(anonymous_8)
FNDA:0,(anonymous_9)
FNDA:0,(anonymous_10)
FNDA:0,(anonymous_11)
FNDA:0,(anonymous_12)
FNDA:0,(anonymous_13)
FNDA:0,(anonymous_14)
FNDA:0,(anonymous_15)
FNDA:0,(anonymous_16)
FNDA:0,(anonymous_17)
FNDA:0,(anonymous_18)
FNDA:0,(anonymous_19)
FNDA:0,(anonymous_20)
FNDA:0,(anonymous_21)
FNDA:0,(anonymous_22)
FNDA:0,(anonymous_23)
FNDA:0,(anonymous_24)
FNDA:0,(anonymous_25)
FNDA:0,(anonymous_26)
DA:60,0
DA:67,0
DA:68,0
DA:69,0
DA:70,0
DA:76,0
DA:78,0
DA:81,0
DA:82,0
DA:86,0
DA:87,0
DA:88,0
DA:89,0
DA:93,0
DA:96,0
DA:98,0
DA:99,0
DA:100,0
DA:104,0
DA:105,0
DA:106,0
DA:110,0
DA:117,0
DA:118,0
DA:119,0
DA:122,0
DA:123,0
DA:124,0
DA:127,0
DA:128,0
DA:129,0
DA:140,0
DA:141,0
DA:142,0
DA:143,0
DA:147,0
DA:148,0
DA:149,0
DA:152,0
DA:153,0
DA:154,0
DA:155,0
DA:157,0
DA:160,0
DA:161,0
DA:162,0
DA:165,0
DA:166,0
DA:167,0
DA:170,0
DA:171,0
DA:172,0
DA:175,0
DA:176,0
DA:177,0
DA:178,0
DA:179,0
DA:182,0
DA:183,0
DA:184,0
DA:194,0
DA:200,0
DA:201,0
DA:203,0
DA:204,0
DA:206,0
DA:207,0
DA:210,0
DA:211,0
DA:214,0
DA:215,0
DA:218,0
DA:219,0
DA:222,0
DA:223,0
DA:225,0
DA:229,0
DA:239,0
DA:264,0
DA:276,0
DA:281,0
DA:284,0
DA:297,0
LF:83
LH:0
BRDA:62,0,0,0
BRDA:63,1,0,0
BRDA:64,2,0,0
BRDA:78,3,0,0
BRDA:82,4,0,0
BRDA:82,4,1,0
BRDA:86,5,0,0
BRDA:86,6,0,0
BRDA:86,6,1,0
BRDA:88,7,0,0
BRDA:88,8,0,0
BRDA:88,8,1,0
BRDA:89,9,0,0
BRDA:89,10,0,0
BRDA:89,10,1,0
BRDA:99,11,0,0
BRDA:99,12,0,0
BRDA:99,12,1,0
BRDA:105,13,0,0
BRDA:124,14,0,0
BRDA:124,14,1,0
BRDA:141,15,0,0
BRDA:143,16,0,0
BRDA:143,16,1,0
BRDA:148,17,0,0
BRDA:148,18,0,0
BRDA:148,18,1,0
BRDA:153,19,0,0
BRDA:154,20,0,0
BRDA:161,21,0,0
BRDA:166,22,0,0
BRDA:171,23,0,0
BRDA:176,24,0,0
BRDA:177,25,0,0
BRDA:177,26,0,0
BRDA:177,26,1,0
BRDA:178,27,0,0
BRDA:178,28,0,0
BRDA:178,28,1,0
BRDA:184,29,0,0
BRDA:184,29,1,0
BRDA:184,29,2,0
BRDA:184,29,3,0
BRDA:184,29,4,0
BRDA:184,29,5,0
BRDA:184,29,6,0
BRDA:200,30,0,0
BRDA:201,31,0,0
BRDA:201,31,1,0
BRDA:201,31,2,0
BRDA:201,31,3,0
BRDA:201,31,4,0
BRDA:201,31,5,0
BRDA:201,31,6,0
BRDA:234,32,0,0
BRDA:234,32,1,0
BRDA:254,33,0,0
BRDA:254,33,1,0
BRDA:275,34,0,0
BRDA:275,34,1,0
BRDA:283,35,0,0
BRDA:283,35,1,0
BRDA:294,36,0,0
BRDA:294,36,1,0
BRF:64
BRH:0
end_of_record
TN:
SF:src\components\task\task-status-badge.tsx
FN:14,(anonymous_0)
FN:16,(anonymous_1)
FN:18,(anonymous_2)
FN:20,(anonymous_3)
FN:36,(anonymous_4)
FN:38,(anonymous_5)
FN:54,(anonymous_6)
FNF:7
FNH:0
FNDA:0,(anonymous_0)
FNDA:0,(anonymous_1)
FNDA:0,(anonymous_2)
FNDA:0,(anonymous_3)
FNDA:0,(anonymous_4)
FNDA:0,(anonymous_5)
FNDA:0,(anonymous_6)
DA:13,0
DA:15,0
DA:16,0
DA:19,0
DA:20,0
DA:36,0
DA:38,0
DA:39,0
DA:40,0
DA:41,0
DA:42,0
DA:43,0
DA:44,0
DA:45,0
DA:46,0
DA:47,0
DA:48,0
DA:50,0
DA:54,0
DA:56,0
DA:59,0
LF:21
LH:0
BRDA:39,0,0,0
BRDA:39,0,1,0
BRDA:41,1,0,0
BRDA:41,1,1,0
BRDA:43,2,0,0
BRDA:43,2,1,0
BRDA:45,3,0,0
BRDA:45,3,1,0
BRDA:47,4,0,0
BRF:9
BRH:0
end_of_record
TN:
SF:src\components\trust\identity-verification.tsx
FN:128,(anonymous_0)
FN:133,(anonymous_1)
FN:145,(anonymous_2)
FN:194,(anonymous_3)
FN:195,(anonymous_4)
FN:196,(anonymous_5)
FN:238,(anonymous_6)
FN:252,(anonymous_7)
FN:306,(anonymous_8)
FN:307,(anonymous_9)
FN:311,(anonymous_10)
FN:327,(anonymous_11)
FN:339,(anonymous_12)
FN:339,(anonymous_13)
FN:340,(anonymous_14)
FN:340,(anonymous_15)
FN:343,(anonymous_16)
FN:373,(anonymous_17)
FN:406,(anonymous_18)
FN:416,(anonymous_19)
FN:427,(anonymous_20)
FN:435,(anonymous_21)
FN:461,(anonymous_22)
FN:474,(anonymous_23)
FN:486,(anonymous_24)
FN:500,(anonymous_25)
FN:511,(anonymous_26)
FN:533,(anonymous_27)
FN:537,(anonymous_28)
FN:538,(anonymous_29)
FN:605,(anonymous_30)
FNF:31
FNH:0
FNDA:0,(anonymous_0)
FNDA:0,(anonymous_1)
FNDA:0,(anonymous_2)
FNDA:0,(anonymous_3)
FNDA:0,(anonymous_4)
FNDA:0,(anonymous_5)
FNDA:0,(anonymous_6)
FNDA:0,(anonymous_7)
FNDA:0,(anonymous_8)
FNDA:0,(anonymous_9)
FNDA:0,(anonymous_10)
FNDA:0,(anonymous_11)
FNDA:0,(anonymous_12)
FNDA:0,(anonymous_13)
FNDA:0,(anonymous_14)
FNDA:0,(anonymous_15)
FNDA:0,(anonymous_16)
FNDA:0,(anonymous_17)
FNDA:0,(anonymous_18)
FNDA:0,(anonymous_19)
FNDA:0,(anonymous_20)
FNDA:0,(anonymous_21)
FNDA:0,(anonymous_22)
FNDA:0,(anonymous_23)
FNDA:0,(anonymous_24)
FNDA:0,(anonymous_25)
FNDA:0,(anonymous_26)
FNDA:0,(anonymous_27)
FNDA:0,(anonymous_28)
FNDA:0,(anonymous_29)
FNDA:0,(anonymous_30)
DA:77,0
DA:128,0
DA:129,0
DA:130,0
DA:131,0
DA:133,0
DA:134,0
DA:135,0
DA:137,0
DA:138,0
DA:140,0
DA:141,0
DA:145,0
DA:146,0
DA:147,0
DA:148,0
DA:152,0
DA:194,0
DA:195,0
DA:196,0
DA:252,0
DA:258,0
DA:259,0
DA:275,0
DA:277,0
DA:306,0
DA:307,0
DA:311,0
DA:312,0
DA:321,0
DA:327,0
DA:328,0
DA:329,0
DA:330,0
DA:332,0
DA:334,0
DA:339,0
DA:340,0
DA:343,0
DA:351,0
DA:373,0
DA:406,0
DA:416,0
DA:427,0
DA:435,0
DA:461,0
DA:474,0
DA:486,0
DA:500,0
DA:511,0
DA:534,0
DA:537,0
DA:538,0
DA:606,0
LF:54
LH:0
BRDA:140,0,0,0
BRDA:140,1,0,0
BRDA:140,1,1,0
BRDA:140,1,2,0
BRDA:147,2,0,0
BRDA:160,3,0,0
BRDA:160,3,1,0
BRDA:167,4,0,0
BRDA:167,4,1,0
BRDA:172,5,0,0
BRDA:172,5,1,0
BRDA:173,6,0,0
BRDA:173,6,1,0
BRDA:174,7,0,0
BRDA:174,7,1,0
BRDA:186,8,0,0
BRDA:186,8,1,0
BRDA:190,9,0,0
BRDA:190,9,1,0
BRDA:191,10,0,0
BRDA:191,10,1,0
BRDA:196,11,0,0
BRDA:196,11,1,0
BRDA:322,12,0,0
BRDA:322,12,1,0
BRDA:399,13,0,0
BRDA:399,13,1,0
BRDA:405,14,0,0
BRDA:405,14,1,0
BRDA:415,15,0,0
BRDA:415,15,1,0
BRDA:426,16,0,0
BRDA:426,16,1,0
BRDA:434,17,0,0
BRDA:434,17,1,0
BRDA:454,18,0,0
BRDA:454,18,1,0
BRDA:460,19,0,0
BRDA:460,19,1,0
BRDA:473,20,0,0
BRDA:473,20,1,0
BRDA:485,21,0,0
BRDA:485,21,1,0
BRDA:499,22,0,0
BRDA:499,22,1,0
BRDA:510,23,0,0
BRDA:510,23,1,0
BRDA:531,24,0,0
BRDA:531,24,1,0
BRDA:545,25,0,0
BRDA:545,25,1,0
BRDA:568,26,0,0
BRDA:568,26,1,0
BRDA:625,27,0,0
BRDA:625,27,1,0
BRDA:628,28,0,0
BRDA:628,28,1,0
BRDA:637,29,0,0
BRDA:637,29,1,0
BRDA:641,30,0,0
BRDA:641,30,1,0
BRDA:643,31,0,0
BRDA:643,31,1,0
BRF:63
BRH:0
end_of_record
TN:
SF:src\components\trust\review-system.tsx
FN:124,(anonymous_0)
FN:135,(anonymous_1)
FN:146,(anonymous_2)
FN:147,(anonymous_3)
FN:148,(anonymous_4)
FN:168,(anonymous_5)
FN:177,(anonymous_6)
FN:187,(anonymous_7)
FN:188,(anonymous_8)
FN:196,(anonymous_9)
FN:197,(anonymous_10)
FN:197,(anonymous_11)
FN:203,(anonymous_12)
FN:204,(anonymous_13)
FN:229,(anonymous_14)
FN:249,(anonymous_15)
FN:250,(anonymous_16)
FN:269,(anonymous_17)
FN:299,(anonymous_18)
FN:316,(anonymous_19)
FN:346,(anonymous_20)
FN:357,(anonymous_21)
FN:363,(anonymous_22)
FN:364,(anonymous_23)
FN:371,(anonymous_24)
FN:380,(anonymous_25)
FN:406,(anonymous_26)
FN:435,(anonymous_27)
FN:444,(anonymous_28)
FN:487,(anonymous_29)
FN:509,(anonymous_30)
FNF:31
FNH:0
FNDA:0,(anonymous_0)
FNDA:0,(anonymous_1)
FNDA:0,(anonymous_2)
FNDA:0,(anonymous_3)
FNDA:0,(anonymous_4)
FNDA:0,(anonymous_5)
FNDA:0,(anonymous_6)
FNDA:0,(anonymous_7)
FNDA:0,(anonymous_8)
FNDA:0,(anonymous_9)
FNDA:0,(anonymous_10)
FNDA:0,(anonymous_11)
FNDA:0,(anonymous_12)
FNDA:0,(anonymous_13)
FNDA:0,(anonymous_14)
FNDA:0,(anonymous_15)
FNDA:0,(anonymous_16)
FNDA:0,(anonymous_17)
FNDA:0,(anonymous_18)
FNDA:0,(anonymous_19)
FNDA:0,(anonymous_20)
FNDA:0,(anonymous_21)
FNDA:0,(anonymous_22)
FNDA:0,(anonymous_23)
FNDA:0,(anonymous_24)
FNDA:0,(anonymous_25)
FNDA:0,(anonymous_26)
FNDA:0,(anonymous_27)
FNDA:0,(anonymous_28)
FNDA:0,(anonymous_29)
FNDA:0,(anonymous_30)
DA:77,0
DA:124,0
DA:125,0
DA:127,0
DA:133,0
DA:136,0
DA:146,0
DA:147,0
DA:148,0
DA:168,0
DA:176,0
DA:177,0
DA:182,0
DA:183,0
DA:184,0
DA:187,0
DA:188,0
DA:189,0
DA:190,0
DA:192,0
DA:196,0
DA:197,0
DA:198,0
DA:203,0
DA:204,0
DA:205,0
DA:208,0
DA:209,0
DA:210,0
DA:223,0
DA:225,0
DA:229,0
DA:231,0
DA:250,0
DA:251,0
DA:253,0
DA:269,0
DA:299,0
DA:316,0
DA:346,0
DA:357,0
DA:358,0
DA:360,0
DA:361,0
DA:363,0
DA:364,0
DA:365,0
DA:366,0
DA:370,0
DA:371,0
DA:372,0
DA:373,0
DA:376,0
DA:379,0
DA:380,0
DA:383,0
DA:407,0
DA:408,0
DA:410,0
DA:436,0
DA:444,0
DA:488,0
DA:489,0
DA:491,0
DA:509,0
LF:65
LH:0
BRDA:124,0,0,0
BRDA:124,1,0,0
BRDA:140,2,0,0
BRDA:140,2,1,0
BRDA:143,3,0,0
BRDA:143,3,1,0
BRDA:144,4,0,0
BRDA:144,4,1,0
BRDA:146,5,0,0
BRDA:146,5,1,0
BRDA:147,6,0,0
BRDA:147,6,1,0
BRDA:148,7,0,0
BRDA:148,7,1,0
BRDA:154,8,0,0
BRDA:154,8,1,0
BRDA:154,9,0,0
BRDA:154,9,1,0
BRDA:198,10,0,0
BRDA:198,10,1,0
BRDA:204,11,0,0
BRDA:204,12,0,0
BRDA:204,12,1,0
BRDA:229,13,0,0
BRDA:229,13,1,0
BRDA:250,14,0,0
BRDA:250,14,1,0
BRDA:332,15,0,0
BRDA:332,15,1,0
BRDA:335,16,0,0
BRDA:335,16,1,0
BRDA:348,17,0,0
BRDA:349,18,0,0
BRDA:358,19,0,0
BRDA:365,20,0,0
BRDA:365,20,1,0
BRDA:366,21,0,0
BRDA:366,21,1,0
BRDA:379,22,0,0
BRDA:379,22,1,0
BRDA:386,23,0,0
BRDA:386,23,1,0
BRDA:386,23,2,0
BRDA:400,24,0,0
BRDA:400,24,1,0
BRDA:407,25,0,0
BRDA:407,25,1,0
BRDA:453,26,0,0
BRDA:453,26,1,0
BRDA:468,27,0,0
BRDA:468,27,1,0
BRDA:504,28,0,0
BRDA:504,28,1,0
BRDA:519,29,0,0
BRDA:519,29,1,0
BRDA:541,30,0,0
BRDA:541,30,1,0
BRF:57
BRH:0
end_of_record
TN:
SF:src\components\ui\InputOtp.tsx
FN:10,(anonymous_0)
FN:26,(anonymous_1)
FN:34,(anonymous_2)
FN:62,(anonymous_3)
FNF:4
FNH:0
FNDA:0,(anonymous_0)
FNDA:0,(anonymous_1)
FNDA:0,(anonymous_2)
FNDA:0,(anonymous_3)
DA:7,0
DA:11,0
DA:21,0
DA:23,0
DA:27,0
DA:29,0
DA:31,0
DA:35,0
DA:36,0
DA:38,0
DA:57,0
DA:59,0
DA:63,0
DA:68,0
LF:14
LH:0
BRDA:43,0,0,0
BRDA:43,0,1,0
BRDA:49,1,0,0
BRDA:49,1,1,0
BRF:4
BRH:0
end_of_record
TN:
SF:src\components\ui\accordion.tsx
FN:15,(anonymous_0)
FN:31,(anonymous_1)
FN:54,(anonymous_2)
FNF:3
FNH:0
FNDA:0,(anonymous_0)
FNDA:0,(anonymous_1)
FNDA:0,(anonymous_2)
DA:7,0
DA:12,0
DA:16,0
DA:22,0
DA:28,0
DA:32,0
DA:46,0
DA:51,0
DA:55,0
DA:64,0
LF:10
LH:0
BRF:0
BRH:0
end_of_record
TN:
SF:src\components\ui\alert-dialog.tsx
FN:22,(anonymous_0)
FN:42,(anonymous_1)
FN:62,(anonymous_2)
FN:76,(anonymous_3)
FN:96,(anonymous_4)
FN:108,(anonymous_5)
FN:125,(anonymous_6)
FN:137,(anonymous_7)
FNF:8
FNH:0
FNDA:0,(anonymous_0)
FNDA:0,(anonymous_1)
FNDA:0,(anonymous_2)
FNDA:0,(anonymous_3)
FNDA:0,(anonymous_4)
FNDA:0,(anonymous_5)
FNDA:0,(anonymous_6)
FNDA:0,(anonymous_7)
DA:9,0
DA:11,0
DA:13,0
DA:19,0
DA:23,0
DA:32,0
DA:39,0
DA:43,0
DA:55,0
DA:62,0
DA:66,0
DA:74,0
DA:76,0
DA:80,0
DA:88,0
DA:93,0
DA:97,0
DA:103,0
DA:105,0
DA:109,0
DA:115,0
DA:122,0
DA:126,0
DA:132,0
DA:134,0
DA:138,0
DA:148,0
LF:27
LH:0
BRF:0
BRH:0
end_of_record
TN:
SF:src\components\ui\alert.tsx
FN:27,(anonymous_0)
FN:40,(anonymous_1)
FN:54,(anonymous_2)
FNF:3
FNH:0
FNDA:0,(anonymous_0)
FNDA:0,(anonymous_1)
FNDA:0,(anonymous_2)
DA:6,0
DA:24,0
DA:28,0
DA:35,0
DA:37,0
DA:41,0
DA:49,0
DA:51,0
DA:55,0
DA:61,0
LF:10
LH:0
BRF:0
BRH:0
end_of_record
TN:
SF:src\components\ui\aspect-ratio.tsx
FNF:0
FNH:0
DA:3,0
LF:1
LH:0
BRF:0
BRH:0
end_of_record
TN:
SF:src\components\ui\avatar.tsx
FN:14,(anonymous_0)
FN:35,(anonymous_1)
FN:52,(anonymous_2)
FNF:3
FNH:0
FNDA:0,(anonymous_0)
FNDA:0,(anonymous_1)
FNDA:0,(anonymous_2)
DA:11,0
DA:15,0
DA:24,0
DA:32,0
DA:36,0
DA:42,0
DA:49,0
DA:53,0
DA:62,0
LF:9
LH:0
BRF:0
BRH:0
end_of_record
TN:
SF:src\components\ui\badge.tsx
FN:10,Badge
FNF:1
FNH:0
FNDA:0,Badge
DA:11,0
LF:1
LH:0
BRF:0
BRH:0
end_of_record
TN:
SF:src\components\ui\breadcrumb.tsx
FN:36,(anonymous_0)
FN:55,(anonymous_1)
FN:79,(anonymous_2)
FN:109,(anonymous_3)
FN:140,(anonymous_4)
FN:166,(anonymous_5)
FN:212,(anonymous_6)
FNF:7
FNH:0
FNDA:0,(anonymous_0)
FNDA:0,(anonymous_1)
FNDA:0,(anonymous_2)
FNDA:0,(anonymous_3)
FNDA:0,(anonymous_4)
FNDA:0,(anonymous_5)
FNDA:0,(anonymous_6)
DA:31,0
DA:36,0
DA:37,0
DA:52,0
DA:56,0
DA:66,0
DA:76,0
DA:80,0
DA:86,0
DA:104,0
DA:111,0
DA:113,0
DA:122,0
DA:137,0
DA:141,0
DA:149,0
DA:166,0
DA:171,0
DA:179,0
DA:212,0
DA:216,0
DA:231,0
LF:22
LH:0
BRDA:111,0,0,0
BRDA:111,0,1,0
BRDA:176,1,0,0
BRDA:176,1,1,0
BRF:4
BRH:0
end_of_record
TN:
SF:src\components\ui\button.tsx
FN:65,(anonymous_9)
FNF:1
FNH:1
FNDA:25,(anonymous_9)
DA:1,1
DA:2,1
DA:3,1
DA:5,1
DA:14,1
DA:64,1
DA:66,25
DA:67,25
DA:76,1
LF:9
LH:9
BRDA:65,0,0,24
BRDA:66,1,0,1
BRDA:66,1,1,24
BRF:3
BRH:3
end_of_record
TN:
SF:src\components\ui\calendar.tsx
FN:8,Calendar
FNF:1
FNH:0
FNDA:0,Calendar
DA:14,0
DA:58,0
LF:2
LH:0
BRDA:11,0,0,0
BRF:1
BRH:0
end_of_record
TN:
SF:src\components\ui\card.tsx
FN:8,(anonymous_0)
FN:23,(anonymous_1)
FN:35,(anonymous_2)
FN:52,(anonymous_3)
FN:64,(anonymous_4)
FN:72,(anonymous_5)
FNF:6
FNH:0
FNDA:0,(anonymous_0)
FNDA:0,(anonymous_1)
FNDA:0,(anonymous_2)
FNDA:0,(anonymous_3)
FNDA:0,(anonymous_4)
FNDA:0,(anonymous_5)
DA:5,0
DA:9,0
DA:18,0
DA:20,0
DA:24,0
DA:30,0
DA:32,0
DA:36,0
DA:47,0
DA:49,0
DA:53,0
DA:59,0
DA:61,0
DA:65,0
DA:67,0
DA:69,0
DA:73,0
DA:79,0
LF:18
LH:0
BRF:0
BRH:0
end_of_record
TN:
SF:src\components\ui\carousel.tsx
FN:33,useCarousel
FN:47,(anonymous_1)
FN:69,(anonymous_2)
FN:78,(anonymous_3)
FN:82,(anonymous_4)
FN:87,(anonymous_5)
FN:99,(anonymous_6)
FN:107,(anonymous_7)
FN:116,(anonymous_8)
FN:124,(anonymous_9)
FN:166,(anonymous_10)
FN:190,(anonymous_11)
FN:212,(anonymous_12)
FN:241,(anonymous_13)
FNF:14
FNH:0
FNDA:0,useCarousel
FNDA:0,(anonymous_1)
FNDA:0,(anonymous_2)
FNDA:0,(anonymous_3)
FNDA:0,(anonymous_4)
FNDA:0,(anonymous_5)
FNDA:0,(anonymous_6)
FNDA:0,(anonymous_7)
FNDA:0,(anonymous_8)
FNDA:0,(anonymous_9)
FNDA:0,(anonymous_10)
FNDA:0,(anonymous_11)
FNDA:0,(anonymous_12)
FNDA:0,(anonymous_13)
DA:31,0
DA:34,0
DA:36,0
DA:37,0
DA:40,0
DA:43,0
DA:59,0
DA:66,0
DA:67,0
DA:69,0
DA:70,0
DA:71,0
DA:74,0
DA:75,0
DA:78,0
DA:79,0
DA:82,0
DA:83,0
DA:86,0
DA:88,0
DA:89,0
DA:90,0
DA:91,0
DA:92,0
DA:93,0
DA:99,0
DA:100,0
DA:101,0
DA:104,0
DA:107,0
DA:108,0
DA:109,0
DA:112,0
DA:113,0
DA:114,0
DA:116,0
DA:117,0
DA:121,0
DA:124,0
DA:161,0
DA:163,0
DA:167,0
DA:169,0
DA:185,0
DA:187,0
DA:191,0
DA:193,0
DA:207,0
DA:209,0
DA:213,0
DA:215,0
DA:236,0
DA:238,0
DA:242,0
DA:244,0
DA:265,0
LF:56
LH:0
BRDA:36,0,0,0
BRDA:49,1,0,0
BRDA:62,2,0,0
BRDA:62,2,1,0
BRDA:70,3,0,0
BRDA:88,4,0,0
BRDA:88,4,1,0
BRDA:91,5,0,0
BRDA:100,6,0,0
BRDA:100,7,0,0
BRDA:100,7,1,0
BRDA:108,8,0,0
BRDA:129,9,0,0
BRDA:129,9,1,0
BRDA:129,10,0,0
BRDA:129,10,1,0
BRDA:175,11,0,0
BRDA:175,11,1,0
BRDA:200,12,0,0
BRDA:200,12,1,0
BRDA:212,13,0,0
BRDA:212,14,0,0
BRDA:222,15,0,0
BRDA:222,15,1,0
BRDA:241,16,0,0
BRDA:241,17,0,0
BRDA:251,18,0,0
BRDA:251,18,1,0
BRF:28
BRH:0
end_of_record
TN:
SF:src\components\ui\category-grid.tsx
FN:45,(anonymous_0)
FN:68,(anonymous_1)
FN:80,(anonymous_2)
FN:86,(anonymous_3)
FN:93,(anonymous_4)
FN:100,(anonymous_5)
FN:188,(anonymous_6)
FN:214,(anonymous_7)
FN:232,(anonymous_8)
FN:239,(anonymous_9)
FNF:10
FNH:0
FNDA:0,(anonymous_0)
FNDA:0,(anonymous_1)
FNDA:0,(anonymous_2)
FNDA:0,(anonymous_3)
FNDA:0,(anonymous_4)
FNDA:0,(anonymous_5)
FNDA:0,(anonymous_6)
FNDA:0,(anonymous_7)
FNDA:0,(anonymous_8)
FNDA:0,(anonymous_9)
DA:45,0
DA:53,0
DA:55,0
DA:61,0
DA:68,0
DA:69,0
DA:70,0
DA:71,0
DA:72,0
DA:74,0
DA:75,0
DA:76,0
DA:80,0
DA:81,0
DA:82,0
DA:83,0
DA:86,0
DA:87,0
DA:88,0
DA:89,0
DA:93,0
DA:94,0
DA:95,0
DA:100,0
DA:101,0
DA:102,0
DA:104,0
DA:105,0
DA:113,0
DA:124,0
DA:188,0
DA:198,0
DA:204,0
DA:215,0
DA:232,0
DA:233,0
DA:239,0
DA:240,0
LF:38
LH:0
BRDA:69,0,0,0
BRDA:70,1,0,0
BRDA:71,2,0,0
BRDA:74,3,0,0
BRDA:75,4,0,0
BRDA:81,5,0,0
BRDA:82,6,0,0
BRDA:87,7,0,0
BRDA:87,8,0,0
BRDA:87,8,1,0
BRDA:87,8,2,0
BRDA:94,9,0,0
BRDA:101,10,0,0
BRDA:104,11,0,0
BRDA:143,12,0,0
BRDA:143,12,1,0
BRDA:143,12,2,0
BRDA:173,13,0,0
BRDA:173,13,1,0
BRDA:173,13,2,0
BRDA:173,13,3,0
BRDA:176,14,0,0
BRDA:176,14,1,0
BRDA:193,15,0,0
BRDA:194,16,0,0
BRDA:195,17,0,0
BRF:26
BRH:0
end_of_record
TN:
SF:src\components\ui\category-icons.tsx
FN:9,(anonymous_0)
FNF:1
FNH:0
FNDA:0,(anonymous_0)
DA:9,0
DA:10,0
DA:12,0
DA:41,0
LF:4
LH:0
BRDA:9,0,0,0
BRDA:41,1,0,0
BRDA:41,1,1,0
BRF:3
BRH:0
end_of_record
TN:
SF:src\components\ui\chart.tsx
FN:25,useChart
FN:43,(anonymous_1)
FN:47,(anonymous_2)
FN:70,(anonymous_3)
FN:72,(anonymous_4)
FN:84,(anonymous_5)
FN:87,(anonymous_6)
FN:116,(anonymous_7)
FN:136,(anonymous_8)
FN:188,(anonymous_9)
FN:268,(anonymous_10)
FN:287,(anonymous_11)
FN:319,getPayloadConfigFromPayload
FNF:13
FNH:0
FNDA:0,useChart
FNDA:0,(anonymous_1)
FNDA:0,(anonymous_2)
FNDA:0,(anonymous_3)
FNDA:0,(anonymous_4)
FNDA:0,(anonymous_5)
FNDA:0,(anonymous_6)
FNDA:0,(anonymous_7)
FNDA:0,(anonymous_8)
FNDA:0,(anonymous_9)
FNDA:0,(anonymous_10)
FNDA:0,(anonymous_11)
FNDA:0,getPayloadConfigFromPayload
DA:7,0
DA:23,0
DA:26,0
DA:28,0
DA:29,0
DA:32,0
DA:35,0
DA:44,0
DA:45,0
DA:47,0
DA:49,0
DA:68,0
DA:70,0
DA:71,0
DA:72,0
DA:75,0
DA:76,0
DA:79,0
DA:84,0
DA:89,0
DA:91,0
DA:103,0
DA:105,0
DA:134,0
DA:136,0
DA:137,0
DA:138,0
DA:141,0
DA:142,0
DA:143,0
DA:145,0
DA:149,0
DA:150,0
DA:157,0
DA:158,0
DA:161,0
DA:172,0
DA:173,0
DA:176,0
DA:178,0
DA:189,0
DA:190,0
DA:191,0
DA:193,0
DA:256,0
DA:258,0
DA:260,0
DA:272,0
DA:274,0
DA:275,0
DA:278,0
DA:288,0
DA:289,0
DA:291,0
DA:316,0
DA:324,0
DA:325,0
DA:329,0
DA:335,0
DA:337,0
DA:341,0
DA:342,0
DA:347,0
DA:352,0
DA:353,0
DA:355,0
LF:66
LH:0
BRDA:28,0,0,0
BRDA:45,1,0,0
BRDA:45,1,1,0
BRDA:72,2,0,0
BRDA:72,2,1,0
BRDA:75,3,0,0
BRDA:89,4,0,0
BRDA:89,4,1,0
BRDA:91,5,0,0
BRDA:91,5,1,0
BRDA:121,6,0,0
BRDA:122,7,0,0
BRDA:123,8,0,0
BRDA:137,9,0,0
BRDA:137,10,0,0
BRDA:137,10,1,0
BRDA:142,11,0,0
BRDA:142,11,1,0
BRDA:142,11,2,0
BRDA:142,11,3,0
BRDA:145,12,0,0
BRDA:145,12,1,0
BRDA:145,13,0,0
BRDA:145,13,1,0
BRDA:146,14,0,0
BRDA:146,14,1,0
BRDA:149,15,0,0
BRDA:157,16,0,0
BRDA:172,17,0,0
BRDA:172,18,0,0
BRDA:172,18,1,0
BRDA:176,19,0,0
BRDA:176,19,1,0
BRDA:186,20,0,0
BRDA:186,20,1,0
BRDA:189,21,0,0
BRDA:189,21,1,0
BRDA:189,21,2,0
BRDA:189,21,3,0
BRDA:191,22,0,0
BRDA:191,22,1,0
BRDA:191,22,2,0
BRDA:198,23,0,0
BRDA:198,23,1,0
BRDA:201,24,0,0
BRDA:201,24,1,0
BRDA:201,25,0,0
BRDA:201,25,1,0
BRDA:201,25,2,0
BRDA:205,26,0,0
BRDA:205,26,1,0
BRDA:208,27,0,0
BRDA:208,27,1,0
BRDA:217,28,0,0
BRDA:217,28,1,0
BRDA:224,29,0,0
BRDA:224,29,1,0
BRDA:231,30,0,0
BRDA:231,30,1,0
BRDA:235,31,0,0
BRDA:235,31,1,0
BRDA:237,32,0,0
BRDA:237,32,1,0
BRDA:240,33,0,0
BRDA:240,33,1,0
BRDA:269,34,0,0
BRDA:269,35,0,0
BRDA:274,36,0,0
BRDA:283,37,0,0
BRDA:283,37,1,0
BRDA:288,38,0,0
BRDA:288,38,1,0
BRDA:288,38,2,0
BRDA:298,39,0,0
BRDA:298,39,1,0
BRDA:298,40,0,0
BRDA:298,40,1,0
BRDA:304,41,0,0
BRDA:304,41,1,0
BRDA:324,42,0,0
BRDA:324,43,0,0
BRDA:324,43,1,0
BRDA:329,44,0,0
BRDA:329,44,1,0
BRDA:329,45,0,0
BRDA:329,45,1,0
BRDA:329,45,2,0
BRDA:337,46,0,0
BRDA:337,46,1,0
BRDA:338,47,0,0
BRDA:338,47,1,0
BRDA:342,48,0,0
BRDA:343,49,0,0
BRDA:343,49,1,0
BRDA:343,49,2,0
BRDA:352,50,0,0
BRF:96
BRH:0
end_of_record
TN:
SF:src\components\ui\checkbox.tsx
FN:10,(anonymous_0)
FNF:1
FNH:0
FNDA:0,(anonymous_0)
DA:7,0
DA:11,0
DA:26,0
LF:3
LH:0
BRF:0
BRH:0
end_of_record
TN:
SF:src\components\ui\collapsible.tsx
FNF:0
FNH:0
DA:3,0
DA:5,0
DA:7,0
LF:3
LH:0
BRF:0
BRH:0
end_of_record
TN:
SF:src\components\ui\command.tsx
FN:12,(anonymous_0)
FN:24,(anonymous_1)
FN:39,(anonymous_2)
FN:58,(anonymous_3)
FN:71,(anonymous_4)
FN:84,(anonymous_5)
FN:100,(anonymous_6)
FN:112,(anonymous_7)
FN:125,(anonymous_8)
FNF:9
FNH:0
FNDA:0,(anonymous_0)
FNDA:0,(anonymous_1)
FNDA:0,(anonymous_2)
FNDA:0,(anonymous_3)
FNDA:0,(anonymous_4)
FNDA:0,(anonymous_5)
FNDA:0,(anonymous_6)
FNDA:0,(anonymous_7)
FNDA:0,(anonymous_8)
DA:9,0
DA:13,0
DA:22,0
DA:24,0
DA:25,0
DA:36,0
DA:40,0
DA:53,0
DA:55,0
DA:59,0
DA:66,0
DA:68,0
DA:72,0
DA:79,0
DA:81,0
DA:85,0
DA:95,0
DA:97,0
DA:101,0
DA:107,0
DA:109,0
DA:113,0
DA:123,0
DA:125,0
DA:129,0
DA:136,0
LF:26
LH:0
BRF:0
BRH:0
end_of_record
TN:
SF:src\components\ui\context-menu.tsx
FN:24,(anonymous_0)
FN:43,(anonymous_1)
FN:58,(anonymous_2)
FN:77,(anonymous_3)
FN:93,(anonymous_4)
FN:117,(anonymous_5)
FN:141,(anonymous_6)
FN:157,(anonymous_7)
FN:166,(anonymous_8)
FNF:9
FNH:0
FNDA:0,(anonymous_0)
FNDA:0,(anonymous_1)
FNDA:0,(anonymous_2)
FNDA:0,(anonymous_3)
FNDA:0,(anonymous_4)
FNDA:0,(anonymous_5)
FNDA:0,(anonymous_6)
FNDA:0,(anonymous_7)
FNDA:0,(anonymous_8)
DA:7,0
DA:9,0
DA:11,0
DA:13,0
DA:15,0
DA:17,0
DA:19,0
DA:25,0
DA:38,0
DA:40,0
DA:44,0
DA:53,0
DA:55,0
DA:59,0
DA:70,0
DA:72,0
DA:78,0
DA:88,0
DA:90,0
DA:94,0
DA:111,0
DA:114,0
DA:118,0
DA:134,0
DA:136,0
DA:142,0
DA:152,0
DA:154,0
DA:158,0
DA:164,0
DA:166,0
DA:170,0
DA:177,0
LF:33
LH:0
BRDA:29,0,0,0
BRDA:29,0,1,0
BRDA:82,1,0,0
BRDA:82,1,1,0
BRDA:146,2,0,0
BRDA:146,2,1,0
BRF:6
BRH:0
end_of_record
TN:
SF:src\components\ui\data-visualization.tsx
FN:40,(anonymous_0)
FN:60,(anonymous_1)
FN:69,(anonymous_2)
FN:80,(anonymous_3)
FN:89,(anonymous_4)
FN:104,(anonymous_5)
FN:149,(anonymous_6)
FN:156,(anonymous_7)
FN:159,(anonymous_8)
FN:211,(anonymous_9)
FN:238,(anonymous_10)
FN:260,(anonymous_11)
FN:267,(anonymous_12)
FN:274,(anonymous_13)
FN:299,(anonymous_14)
FN:327,(anonymous_15)
FN:354,(anonymous_16)
FN:363,(anonymous_17)
FN:386,(anonymous_18)
FN:393,(anonymous_19)
FNF:20
FNH:0
FNDA:0,(anonymous_0)
FNDA:0,(anonymous_1)
FNDA:0,(anonymous_2)
FNDA:0,(anonymous_3)
FNDA:0,(anonymous_4)
FNDA:0,(anonymous_5)
FNDA:0,(anonymous_6)
FNDA:0,(anonymous_7)
FNDA:0,(anonymous_8)
FNDA:0,(anonymous_9)
FNDA:0,(anonymous_10)
FNDA:0,(anonymous_11)
FNDA:0,(anonymous_12)
FNDA:0,(anonymous_13)
FNDA:0,(anonymous_14)
FNDA:0,(anonymous_15)
FNDA:0,(anonymous_16)
FNDA:0,(anonymous_17)
FNDA:0,(anonymous_18)
FNDA:0,(anonymous_19)
DA:30,0
DA:40,0
DA:41,0
DA:43,0
DA:47,0
DA:56,0
DA:60,0
DA:61,0
DA:62,0
DA:63,0
DA:64,0
DA:69,0
DA:70,0
DA:71,0
DA:72,0
DA:73,0
DA:80,0
DA:88,0
DA:89,0
DA:91,0
DA:105,0
DA:106,0
DA:108,0
DA:149,0
DA:156,0
DA:158,0
DA:159,0
DA:160,0
DA:161,0
DA:162,0
DA:163,0
DA:166,0
DA:167,0
DA:169,0
DA:170,0
DA:171,0
DA:173,0
DA:174,0
DA:175,0
DA:176,0
DA:178,0
DA:185,0
DA:187,0
DA:189,0
DA:199,0
DA:212,0
DA:239,0
DA:260,0
DA:267,0
DA:270,0
DA:271,0
DA:272,0
DA:274,0
DA:275,0
DA:276,0
DA:277,0
DA:281,0
DA:282,0
DA:283,0
DA:286,0
DA:300,0
DA:301,0
DA:328,0
DA:355,0
DA:364,0
DA:386,0
DA:393,0
DA:395,0
LF:68
LH:0
BRDA:41,0,0,0
BRDA:56,1,0,0
BRDA:56,1,1,0
BRDA:61,2,0,0
BRDA:62,3,0,0
BRDA:63,4,0,0
BRDA:70,5,0,0
BRDA:71,6,0,0
BRDA:72,7,0,0
BRDA:84,8,0,0
BRDA:86,9,0,0
BRDA:93,10,0,0
BRDA:93,10,1,0
BRDA:94,11,0,0
BRDA:94,11,1,0
BRDA:106,12,0,0
BRDA:106,12,1,0
BRDA:116,13,0,0
BRDA:116,13,1,0
BRDA:154,14,0,0
BRDA:163,15,0,0
BRDA:163,15,1,0
BRDA:201,16,0,0
BRDA:201,16,1,0
BRDA:204,17,0,0
BRDA:204,17,1,0
BRDA:226,18,0,0
BRDA:226,18,1,0
BRDA:265,19,0,0
BRDA:272,20,0,0
BRDA:272,20,1,0
BRDA:281,21,0,0
BRDA:281,21,1,0
BRDA:281,22,0,0
BRDA:281,22,1,0
BRDA:288,23,0,0
BRDA:288,23,1,0
BRDA:291,24,0,0
BRDA:291,24,1,0
BRDA:310,25,0,0
BRDA:310,25,1,0
BRDA:344,26,0,0
BRDA:344,26,1,0
BRDA:344,27,0,0
BRDA:344,27,1,0
BRDA:361,28,0,0
BRDA:361,28,1,0
BRDA:393,29,0,0
BRDA:393,30,0,0
BRDA:393,30,1,0
BRDA:403,31,0,0
BRDA:403,31,1,0
BRDA:406,32,0,0
BRDA:406,32,1,0
BRDA:408,33,0,0
BRDA:408,33,1,0
BRDA:411,34,0,0
BRDA:411,34,1,0
BRDA:415,35,0,0
BRDA:415,35,1,0
BRF:60
BRH:0
end_of_record
TN:
SF:src\components\ui\date-time-picker.tsx
FN:21,DateTimePicker
FN:35,(anonymous_1)
FN:42,(anonymous_2)
FN:57,(anonymous_3)
FNF:4
FNH:0
FNDA:0,DateTimePicker
FNDA:0,(anonymous_1)
FNDA:0,(anonymous_2)
FNDA:0,(anonymous_3)
DA:30,0
DA:35,0
DA:36,0
DA:37,0
DA:42,0
DA:43,0
DA:44,0
DA:45,0
DA:46,0
DA:47,0
DA:48,0
DA:50,0
DA:52,0
DA:57,0
DA:58,0
DA:59,0
DA:61,0
DA:62,0
DA:63,0
DA:64,0
DA:65,0
DA:66,0
DA:70,0
LF:23
LH:0
BRDA:25,0,0,0
BRDA:26,1,0,0
BRDA:31,2,0,0
BRDA:31,2,1,0
BRDA:36,3,0,0
BRDA:43,4,0,0
BRDA:43,4,1,0
BRDA:45,5,0,0
BRDA:45,6,0,0
BRDA:45,6,1,0
BRDA:61,7,0,0
BRDA:61,8,0,0
BRDA:61,8,1,0
BRDA:72,9,0,0
BRDA:72,9,1,0
BRDA:86,10,0,0
BRDA:86,10,1,0
BRDA:87,11,0,0
BRDA:87,11,1,0
BRDA:92,12,0,0
BRDA:92,12,1,0
BRDA:106,13,0,0
BRDA:106,13,1,0
BRDA:114,14,0,0
BRDA:114,14,1,0
BRDA:120,15,0,0
BRDA:120,15,1,0
BRF:27
BRH:0
end_of_record
TN:
SF:src\components\ui\dialog.tsx
FN:18,(anonymous_0)
FN:33,(anonymous_1)
FN:54,(anonymous_2)
FN:68,(anonymous_3)
FN:85,(anonymous_4)
FN:100,(anonymous_5)
FNF:6
FNH:0
FNDA:0,(anonymous_0)
FNDA:0,(anonymous_1)
FNDA:0,(anonymous_2)
FNDA:0,(anonymous_3)
FNDA:0,(anonymous_4)
FNDA:0,(anonymous_5)
DA:7,0
DA:9,0
DA:11,0
DA:13,0
DA:15,0
DA:19,0
DA:28,0
DA:30,0
DA:34,0
DA:52,0
DA:54,0
DA:58,0
DA:66,0
DA:68,0
DA:72,0
DA:80,0
DA:82,0
DA:86,0
DA:95,0
DA:97,0
DA:101,0
DA:107,0
LF:22
LH:0
BRF:0
BRH:0
end_of_record
TN:
SF:src\components\ui\drawer.tsx
FN:6,(anonymous_0)
FN:26,(anonymous_1)
FN:38,(anonymous_2)
FN:56,(anonymous_3)
FN:67,(anonymous_4)
FN:81,(anonymous_5)
FN:96,(anonymous_6)
FNF:7
FNH:0
FNDA:0,(anonymous_0)
FNDA:0,(anonymous_1)
FNDA:0,(anonymous_2)
FNDA:0,(anonymous_3)
FNDA:0,(anonymous_4)
FNDA:0,(anonymous_5)
FNDA:0,(anonymous_6)
DA:6,0
DA:10,0
DA:15,0
DA:17,0
DA:19,0
DA:21,0
DA:23,0
DA:27,0
DA:33,0
DA:35,0
DA:39,0
DA:54,0
DA:56,0
DA:60,0
DA:65,0
DA:67,0
DA:71,0
DA:76,0
DA:78,0
DA:82,0
DA:91,0
DA:93,0
DA:97,0
DA:103,0
LF:24
LH:0
BRDA:7,0,0,0
BRF:1
BRH:0
end_of_record
TN:
SF:src\components\ui\dropdown-menu.tsx
FN:24,(anonymous_0)
FN:44,(anonymous_1)
FN:60,(anonymous_2)
FN:80,(anonymous_3)
FN:96,(anonymous_4)
FN:120,(anonymous_5)
FN:144,(anonymous_6)
FN:160,(anonymous_7)
FN:169,(anonymous_8)
FNF:9
FNH:0
FNDA:0,(anonymous_0)
FNDA:0,(anonymous_1)
FNDA:0,(anonymous_2)
FNDA:0,(anonymous_3)
FNDA:0,(anonymous_4)
FNDA:0,(anonymous_5)
FNDA:0,(anonymous_6)
FNDA:0,(anonymous_7)
FNDA:0,(anonymous_8)
DA:7,0
DA:9,0
DA:11,0
DA:13,0
DA:15,0
DA:17,0
DA:19,0
DA:25,0
DA:38,0
DA:41,0
DA:45,0
DA:54,0
DA:57,0
DA:61,0
DA:73,0
DA:75,0
DA:81,0
DA:91,0
DA:93,0
DA:97,0
DA:114,0
DA:117,0
DA:121,0
DA:137,0
DA:139,0
DA:145,0
DA:155,0
DA:157,0
DA:161,0
DA:167,0
DA:169,0
DA:173,0
DA:180,0
LF:33
LH:0
BRDA:29,0,0,0
BRDA:29,0,1,0
BRDA:60,1,0,0
BRDA:85,2,0,0
BRDA:85,2,1,0
BRDA:149,3,0,0
BRDA:149,3,1,0
BRF:7
BRH:0
end_of_record
TN:
SF:src\components\ui\empty-state.tsx
FN:19,EmptyState
FNF:1
FNH:0
FNDA:0,EmptyState
DA:28,0
LF:1
LH:0
BRDA:26,0,0,0
BRDA:31,1,0,0
BRDA:31,1,1,0
BRDA:34,2,0,0
BRDA:34,2,1,0
BRDA:42,3,0,0
BRDA:42,3,1,0
BRDA:42,3,2,0
BRF:8
BRH:0
end_of_record
TN:
SF:src\components\ui\error-boundary.tsx
FN:75,(anonymous_0)
FN:123,(anonymous_1)
FN:84,(anonymous_2)
FN:89,(anonymous_3)
FN:131,(anonymous_4)
FN:189,(anonymous_5)
FN:206,(anonymous_6)
FN:226,(anonymous_7)
FN:315,ErrorBoundary
FN:322,withErrorBoundary
FN:328,(anonymous_10)
FN:342,useErrorBoundary
FN:345,(anonymous_12)
FN:346,(anonymous_13)
FN:357,ApiErrorBoundary
FN:372,AuthErrorBoundary
FN:387,FormErrorBoundary
FN:402,PageErrorBoundary
FN:403,(anonymous_18)
FN:430,ComponentErrorBoundary
FNF:20
FNH:0
FNDA:0,(anonymous_0)
FNDA:0,(anonymous_1)
FNDA:0,(anonymous_2)
FNDA:0,(anonymous_3)
FNDA:0,(anonymous_4)
FNDA:0,(anonymous_5)
FNDA:0,(anonymous_6)
FNDA:0,(anonymous_7)
FNDA:0,ErrorBoundary
FNDA:0,withErrorBoundary
FNDA:0,(anonymous_10)
FNDA:0,useErrorBoundary
FNDA:0,(anonymous_12)
FNDA:0,(anonymous_13)
FNDA:0,ApiErrorBoundary
FNDA:0,AuthErrorBoundary
FNDA:0,FormErrorBoundary
FNDA:0,PageErrorBoundary
FNDA:0,(anonymous_18)
FNDA:0,ComponentErrorBoundary
DA:76,0
DA:77,0
DA:86,0
DA:91,0
DA:96,0
DA:97,0
DA:98,0
DA:102,0
DA:108,0
DA:115,0
DA:116,0
DA:120,0
DA:123,0
DA:124,0
DA:132,0
DA:135,0
DA:136,0
DA:140,0
DA:141,0
DA:145,0
DA:147,0
DA:148,0
DA:152,0
DA:153,0
DA:157,0
DA:170,0
DA:189,0
DA:197,0
DA:198,0
DA:201,0
DA:206,0
DA:207,0
DA:209,0
DA:213,0
DA:217,0
DA:221,0
DA:224,0
DA:226,0
DA:227,0
DA:230,0
DA:316,0
DA:326,0
DA:328,0
DA:329,0
DA:334,0
DA:336,0
DA:343,0
DA:345,0
DA:346,0
DA:347,0
DA:351,0
DA:358,0
DA:373,0
DA:388,0
DA:403,0
DA:404,0
DA:416,0
DA:435,0
LF:58
LH:0
BRDA:91,0,0,0
BRDA:91,0,1,0
BRDA:96,1,0,0
BRDA:115,2,0,0
BRDA:135,3,0,0
BRDA:135,4,0,0
BRDA:135,4,1,0
BRDA:135,4,2,0
BRDA:136,5,0,0
BRDA:136,5,1,0
BRDA:140,6,0,0
BRDA:145,7,0,0
BRDA:145,8,0,0
BRDA:145,8,1,0
BRDA:147,9,0,0
BRDA:152,10,0,0
BRDA:192,11,0,0
BRDA:194,12,0,0
BRDA:195,13,0,0
BRDA:201,14,0,0
BRDA:201,14,1,0
BRDA:245,15,0,0
BRDA:245,15,1,0
BRDA:256,16,0,0
BRDA:256,16,1,0
BRDA:265,17,0,0
BRDA:265,17,1,0
BRDA:326,18,0,0
BRDA:326,18,1,0
BRDA:326,18,2,0
BRF:30
BRH:0
end_of_record
TN:
SF:src\components\ui\error-message.tsx
FN:16,normalizeError
FN:72,ErrorMessage
FN:88,(anonymous_2)
FN:174,(anonymous_3)
FN:229,FieldError
FN:289,AsyncErrorHandler
FN:367,EmptyState
FN:414,createErrorMessage
FN:418,(anonymous_8)
FNF:9
FNH:0
FNDA:0,normalizeError
FNDA:0,ErrorMessage
FNDA:0,(anonymous_2)
FNDA:0,(anonymous_3)
FNDA:0,FieldError
FNDA:0,AsyncErrorHandler
FNDA:0,EmptyState
FNDA:0,createErrorMessage
FNDA:0,(anonymous_8)
DA:17,0
DA:18,0
DA:21,0
DA:22,0
DA:25,0
DA:81,0
DA:82,0
DA:85,0
DA:88,0
DA:89,0
DA:91,0
DA:95,0
DA:99,0
DA:103,0
DA:106,0
DA:109,0
DA:110,0
DA:145,0
DA:175,0
DA:235,0
DA:298,0
DA:299,0
DA:310,0
DA:311,0
DA:321,0
DA:376,0
DA:418,0
DA:420,0
DA:425,0
DA:434,0
DA:438,0
DA:439,0
DA:440,0
DA:441,0
DA:442,0
LF:35
LH:0
BRDA:17,0,0,0
BRDA:21,1,0,0
BRDA:75,2,0,0
BRDA:76,3,0,0
BRDA:77,4,0,0
BRDA:91,5,0,0
BRDA:91,5,1,0
[...]
FN:671,(anonymous_54)
FN:672,(anonymous_55)
FN:675,(anonymous_56)
FN:676,(anonymous_57)
FN:679,(anonymous_58)
FN:680,(anonymous_59)
FN:683,(anonymous_60)
FN:687,(anonymous_61)
FN:703,(anonymous_62)
FNF:63
FNH:0
FNDA:0,createValidationResult
FNDA:0,createFormValidationResult
FNDA:0,(anonymous_2)
FNDA:0,(anonymous_3)
FNDA:0,(anonymous_4)
FNDA:0,(anonymous_5)
FNDA:0,(anonymous_6)
FNDA:0,(anonymous_7)
FNDA:0,(anonymous_8)
FNDA:0,(anonymous_9)
FNDA:0,(anonymous_10)
FNDA:0,(anonymous_11)
FNDA:0,(anonymous_12)
FNDA:0,(anonymous_13)
FNDA:0,(anonymous_14)
FNDA:0,(anonymous_15)
FNDA:0,(anonymous_16)
FNDA:0,(anonymous_17)
FNDA:0,(anonymous_18)
FNDA:0,(anonymous_19)
FNDA:0,(anonymous_20)
FNDA:0,(anonymous_21)
FNDA:0,(anonymous_22)
FNDA:0,(anonymous_23)
FNDA:0,(anonymous_24)
FNDA:0,(anonymous_25)
FNDA:0,(anonymous_26)
FNDA:0,(anonymous_27)
FNDA:0,(anonymous_28)
FNDA:0,(anonymous_29)
FNDA:0,validateObject
FNDA:0,(anonymous_31)
FNDA:0,validateObjectAsync
FNDA:0,(anonymous_33)
FNDA:0,createFormSubmitHandler
FNDA:0,(anonymous_35)
FNDA:0,(anonymous_36)
FNDA:0,(anonymous_37)
FNDA:0,(anonymous_38)
FNDA:0,(anonymous_39)
FNDA:0,(anonymous_40)
FNDA:0,(anonymous_41)
FNDA:0,(anonymous_42)
FNDA:0,(anonymous_43)
FNDA:0,(anonymous_44)
FNDA:0,(anonymous_45)
FNDA:0,(anonymous_46)
FNDA:0,(anonymous_47)
FNDA:0,(anonymous_48)
FNDA:0,(anonymous_49)
FNDA:0,(anonymous_50)
FNDA:0,(anonymous_51)
FNDA:0,useFormValidation
FNDA:0,(anonymous_53)
FNDA:0,(anonymous_54)
FNDA:0,(anonymous_55)
FNDA:0,(anonymous_56)
FNDA:0,(anonymous_57)
FNDA:0,(anonymous_58)
FNDA:0,(anonymous_59)
FNDA:0,(anonymous_60)
FNDA:0,(anonymous_61)
FNDA:0,(anonymous_62)
DA:135,0
DA:149,0
DA:152,0
DA:153,0
DA:154,0
DA:159,0
DA:160,0
DA:161,0
DA:166,0
DA:167,0
DA:170,0
DA:171,0
DA:172,0
DA:176,0
DA:183,0
DA:184,0
DA:185,0
DA:187,0
DA:191,0
DA:192,0
DA:196,0
DA:197,0
DA:200,0
DA:214,0
DA:215,0
DA:219,0
DA:225,0
DA:231,0
DA:237,0
DA:240,0
DA:241,0
DA:244,0
DA:245,0
DA:246,0
DA:248,0
DA:254,0
DA:260,0
DA:263,0
DA:264,0
DA:267,0
DA:268,0
DA:269,0
DA:271,0
DA:277,0
DA:283,0
DA:286,0
DA:287,0
DA:290,0
DA:292,0
DA:293,0
DA:295,0
DA:301,0
DA:307,0
DA:310,0
DA:311,0
DA:314,0
DA:316,0
DA:317,0
DA:318,0
DA:320,0
DA:327,0
DA:328,0
DA:334,0
DA:337,0
DA:338,0
DA:341,0
DA:342,0
DA:344,0
DA:348,0
DA:359,0
DA:360,0
DA:365,0
DA:368,0
DA:369,0
DA:372,0
DA:374,0
DA:375,0
DA:378,0
DA:379,0
DA:381,0
DA:382,0
DA:383,0
DA:384,0
DA:385,0
DA:386,0
DA:387,0
DA:388,0
DA:389,0
DA:392,0
DA:403,0
DA:404,0
DA:409,0
DA:412,0
DA:413,0
DA:416,0
DA:417,0
DA:418,0
DA:420,0
DA:431,0
DA:434,0
DA:439,0
DA:442,0
DA:443,0
DA:447,0
DA:448,0
DA:449,0
DA:451,0
DA:452,0
DA:455,0
DA:456,0
DA:458,0
DA:459,0
DA:460,0
DA:461,0
DA:462,0
DA:463,0
DA:464,0
DA:465,0
DA:466,0
DA:469,0
DA:480,0
DA:481,0
DA:485,0
DA:488,0
DA:489,0
DA:492,0
DA:494,0
DA:505,0
DA:506,0
DA:507,0
DA:508,0
DA:510,0
DA:511,0
DA:515,0
DA:525,0
DA:527,0
DA:528,0
DA:529,0
DA:530,0
DA:532,0
DA:533,0
DA:535,0
DA:536,0
DA:537,0
DA:542,0
DA:552,0
DA:554,0
DA:555,0
DA:556,0
DA:557,0
DA:559,0
DA:560,0
DA:561,0
DA:563,0
DA:564,0
DA:565,0
DA:569,0
DA:574,0
DA:575,0
DA:580,0
DA:582,0
DA:593,0
DA:594,0
DA:596,0
DA:598,0
DA:599,0
DA:601,0
DA:602,0
DA:606,0
DA:610,0
DA:614,0
DA:617,0
DA:621,0
DA:628,0
DA:630,0
DA:633,0
DA:636,0
DA:639,0
DA:642,0
DA:645,0
DA:648,0
DA:651,0
DA:652,0
DA:657,0
DA:658,0
DA:659,0
DA:661,0
DA:662,0
DA:663,0
DA:664,0
DA:665,0
DA:668,0
DA:671,0
DA:672,0
DA:675,0
DA:676,0
DA:679,0
DA:680,0
DA:683,0
DA:684,0
DA:685,0
DA:687,0
DA:688,0
DA:689,0
DA:690,0
DA:691,0
DA:692,0
DA:693,0
DA:694,0
DA:699,0
DA:700,0
DA:703,0
DA:704,0
DA:705,0
DA:706,0
DA:709,0
LF:216
LH:0
BRDA:147,0,0,0
BRDA:154,1,0,0
BRDA:154,1,1,0
BRDA:161,2,0,0
BRDA:161,2,1,0
BRDA:171,3,0,0
BRDA:171,4,0,0
BRDA:171,4,1,0
BRDA:171,4,2,0
BRDA:184,5,0,0
BRDA:192,6,0,0
BRDA:192,6,1,0
BRDA:197,7,0,0
BRDA:197,7,1,0
BRDA:214,8,0,0
BRDA:215,9,0,0
BRDA:219,10,0,0
BRDA:219,10,1,0
BRDA:219,10,2,0
BRDA:219,10,3,0
BRDA:219,10,4,0
BRDA:219,10,5,0
BRDA:219,10,6,0
BRDA:225,11,0,0
BRDA:225,11,1,0
BRDA:231,12,0,0
BRDA:233,13,0,0
BRDA:234,14,0,0
BRDA:236,15,0,0
BRDA:240,16,0,0
BRDA:240,17,0,0
BRDA:240,17,1,0
BRDA:240,17,2,0
BRDA:240,17,3,0
BRDA:244,18,0,0
BRDA:244,18,1,0
BRDA:245,19,0,0
BRDA:245,19,1,0
BRDA:248,20,0,0
BRDA:248,20,1,0
BRDA:254,21,0,0
BRDA:256,22,0,0
BRDA:257,23,0,0
BRDA:259,24,0,0
BRDA:263,25,0,0
BRDA:263,26,0,0
BRDA:263,26,1,0
BRDA:263,26,2,0
BRDA:263,26,3,0
BRDA:267,27,0,0
BRDA:267,27,1,0
BRDA:268,28,0,0
BRDA:268,28,1,0
BRDA:271,29,0,0
BRDA:271,29,1,0
BRDA:277,30,0,0
BRDA:279,31,0,0
BRDA:280,32,0,0
BRDA:282,33,0,0
BRDA:286,34,0,0
BRDA:286,35,0,0
BRDA:286,35,1,0
BRDA:286,35,2,0
BRDA:286,35,3,0
BRDA:290,36,0,0
BRDA:290,36,1,0
BRDA:290,37,0,0
BRDA:290,37,1,0
BRDA:290,38,0,0
BRDA:290,38,1,0
BRDA:295,39,0,0
BRDA:295,39,1,0
BRDA:301,40,0,0
BRDA:303,41,0,0
BRDA:304,42,0,0
BRDA:306,43,0,0
BRDA:310,44,0,0
BRDA:310,45,0,0
BRDA:310,45,1,0
BRDA:310,45,2,0
BRDA:310,45,3,0
BRDA:314,46,0,0
BRDA:314,46,1,0
BRDA:314,47,0,0
BRDA:314,47,1,0
BRDA:314,48,0,0
BRDA:314,48,1,0
BRDA:328,49,0,0
BRDA:330,50,0,0
BRDA:333,51,0,0
BRDA:337,52,0,0
BRDA:337,53,0,0
BRDA:337,53,1,0
BRDA:337,53,2,0
BRDA:337,53,3,0
BRDA:341,54,0,0
BRDA:341,54,1,0
BRDA:341,55,0,0
BRDA:341,55,1,0
BRDA:341,56,0,0
BRDA:341,56,1,0
BRDA:344,57,0,0
BRDA:344,57,1,0
BRDA:350,58,0,0
BRDA:350,58,1,0
BRDA:350,59,0,0
BRDA:350,59,1,0
BRDA:360,60,0,0
BRDA:364,61,0,0
BRDA:368,62,0,0
BRDA:368,63,0,0
BRDA:368,63,1,0
BRDA:368,63,2,0
BRDA:368,63,3,0
BRDA:374,64,0,0
BRDA:381,65,0,0
BRDA:381,65,1,0
BRDA:381,66,0,0
BRDA:381,66,1,0
BRDA:382,67,0,0
BRDA:382,67,1,0
BRDA:384,68,0,0
BRDA:384,68,1,0
BRDA:387,69,0,0
BRDA:394,70,0,0
BRDA:394,70,1,0
BRDA:394,71,0,0
BRDA:394,71,1,0
BRDA:404,72,0,0
BRDA:408,73,0,0
BRDA:412,74,0,0
BRDA:412,75,0,0
BRDA:412,75,1,0
BRDA:412,75,2,0
BRDA:412,75,3,0
BRDA:417,76,0,0
BRDA:417,76,1,0
BRDA:422,77,0,0
BRDA:422,77,1,0
BRDA:422,78,0,0
BRDA:422,78,1,0
BRDA:434,79,0,0
BRDA:438,80,0,0
BRDA:442,81,0,0
BRDA:442,82,0,0
BRDA:442,82,1,0
BRDA:442,82,2,0
BRDA:442,82,3,0
BRDA:448,83,0,0
BRDA:448,83,1,0
BRDA:449,84,0,0
BRDA:449,84,1,0
BRDA:451,85,0,0
BRDA:458,86,0,0
BRDA:458,86,1,0
BRDA:458,87,0,0
BRDA:458,87,1,0
BRDA:459,88,0,0
BRDA:459,88,1,0
BRDA:461,89,0,0
BRDA:461,89,1,0
BRDA:464,90,0,0
BRDA:471,91,0,0
BRDA:471,91,1,0
BRDA:471,92,0,0
BRDA:471,92,1,0
BRDA:481,93,0,0
BRDA:484,94,0,0
BRDA:488,95,0,0
BRDA:488,96,0,0
BRDA:488,96,1,0
BRDA:488,96,2,0
BRDA:488,96,3,0
BRDA:496,97,0,0
BRDA:496,97,1,0
BRDA:496,98,0,0
BRDA:496,98,1,0
BRDA:506,99,0,0
BRDA:510,100,0,0
BRDA:530,101,0,0
BRDA:530,101,1,0
BRDA:535,102,0,0
BRDA:536,103,0,0
BRDA:536,103,1,0
BRDA:557,104,0,0
BRDA:557,104,1,0
BRDA:563,105,0,0
BRDA:564,106,0,0
BRDA:564,106,1,0
BRDA:569,107,0,0
BRDA:569,107,1,0
BRDA:571,108,0,0
BRDA:571,108,1,0
BRDA:598,109,0,0
BRDA:601,110,0,0
BRDA:617,111,0,0
BRDA:617,111,1,0
BRDA:629,112,0,0
BRDA:630,113,0,0
BRDA:630,113,1,0
BRDA:630,114,0,0
BRDA:630,114,1,0
BRDA:630,114,2,0
BRDA:632,115,0,0
BRDA:633,116,0,0
BRDA:633,116,1,0
BRDA:635,117,0,0
BRDA:636,118,0,0
BRDA:636,118,1,0
BRDA:638,119,0,0
BRDA:639,120,0,0
BRDA:639,120,1,0
BRDA:641,121,0,0
BRDA:642,122,0,0
BRDA:642,122,1,0
BRDA:644,123,0,0
BRDA:645,124,0,0
BRDA:645,124,1,0
BRDA:647,125,0,0
BRDA:648,126,0,0
BRDA:648,126,1,0
BRDA:650,127,0,0
BRDA:652,128,0,0
BRDA:652,128,1,0
BRDA:652,129,0,0
BRDA:652,129,1,0
BRDA:664,130,0,0
BRDA:675,131,0,0
BRDA:680,132,0,0
BRDA:680,132,1,0
BRDA:690,133,0,0
BRDA:692,134,0,0
BRF:232
BRH:0
end_of_record
TN:
SF:src\utils\responsive-utils.ts
FN:36,useIsMobile
FN:39,(anonymous_1)
FN:41,(anonymous_2)
FN:52,(anonymous_3)
FN:60,(anonymous_4)
FN:73,useDeviceType
FN:86,(anonymous_6)
FN:87,(anonymous_7)
FN:109,(anonymous_8)
FN:117,(anonymous_9)
FN:130,useOrientation
FN:141,(anonymous_11)
FN:142,(anonymous_12)
FN:165,(anonymous_13)
FN:166,(anonymous_14)
FN:173,(anonymous_15)
FN:187,usePrefersReducedMotion
FN:190,(anonymous_17)
FN:195,(anonymous_18)
FN:201,(anonymous_19)
FN:216,usePrefersDarkMode
FN:219,(anonymous_21)
FN:224,(anonymous_22)
FN:230,(anonymous_23)
FN:245,useIsTouchDevice
FN:248,(anonymous_25)
FN:263,useDevice
FN:282,useBreakpointCallback
FN:287,(anonymous_28)
FN:288,(anonymous_29)
FN:307,(anonymous_30)
FN:316,useBreakpointValue
FNF:32
FNH:0
FNDA:0,useIsMobile
FNDA:0,(anonymous_1)
FNDA:0,(anonymous_2)
FNDA:0,(anonymous_3)
FNDA:0,(anonymous_4)
FNDA:0,useDeviceType
FNDA:0,(anonymous_6)
FNDA:0,(anonymous_7)
FNDA:0,(anonymous_8)
FNDA:0,(anonymous_9)
FNDA:0,useOrientation
FNDA:0,(anonymous_11)
FNDA:0,(anonymous_12)
FNDA:0,(anonymous_13)
FNDA:0,(anonymous_14)
FNDA:0,(anonymous_15)
FNDA:0,usePrefersReducedMotion
FNDA:0,(anonymous_17)
FNDA:0,(anonymous_18)
FNDA:0,(anonymous_19)
FNDA:0,usePrefersDarkMode
FNDA:0,(anonymous_21)
FNDA:0,(anonymous_22)
FNDA:0,(anonymous_23)
FNDA:0,useIsTouchDevice
FNDA:0,(anonymous_25)
FNDA:0,useDevice
FNDA:0,useBreakpointCallback
FNDA:0,(anonymous_28)
FNDA:0,(anonymous_29)
FNDA:0,(anonymous_30)
FNDA:0,useBreakpointValue
DA:13,0
DA:22,0
DA:37,0
DA:39,0
DA:41,0
DA:42,0
DA:43,0
DA:45,0
DA:49,0
DA:52,0
DA:53,0
DA:57,0
DA:60,0
DA:61,0
DA:65,0
DA:74,0
DA:86,0
DA:87,0
DA:88,0
DA:89,0
DA:90,0
DA:97,0
DA:106,0
DA:109,0
DA:110,0
DA:114,0
DA:117,0
DA:118,0
DA:122,0
DA:131,0
DA:141,0
DA:142,0
DA:143,0
DA:144,0
DA:145,0
DA:146,0
DA:148,0
DA:154,0
DA:162,0
DA:165,0
DA:166,0
DA:169,0
DA:170,0
DA:173,0
DA:174,0
DA:175,0
DA:179,0
DA:188,0
DA:190,0
DA:191,0
DA:192,0
DA:193,0
DA:195,0
DA:196,0
DA:199,0
DA:201,0
DA:202,0
DA:205,0
DA:208,0
DA:217,0
DA:219,0
DA:220,0
DA:221,0
DA:222,0
DA:224,0
DA:225,0
DA:228,0
DA:230,0
DA:231,0
DA:234,0
DA:237,0
DA:246,0
DA:248,0
DA:249,0
DA:250,0
DA:251,0
DA:255,0
DA:264,0
DA:265,0
DA:266,0
DA:267,0
DA:268,0
DA:270,0
DA:287,0
DA:288,0
DA:289,0
DA:291,0
DA:292,0
DA:293,0
DA:294,0
DA:296,0
DA:301,0
DA:304,0
DA:307,0
DA:308,0
DA:321,0
DA:323,0
DA:324,0
DA:325,0
DA:329,0
LF:100
LH:0
BRDA:36,0,0,0
BRDA:42,1,0,0
BRDA:88,2,0,0
BRDA:92,3,0,0
BRDA:92,3,1,0
BRDA:143,4,0,0
BRDA:146,5,0,0
BRDA:146,5,1,0
BRDA:191,6,0,0
BRDA:220,7,0,0
BRDA:249,8,0,0
BRDA:250,9,0,0
BRDA:250,9,1,0
BRDA:291,10,0,0
BRDA:291,10,1,0
BRDA:293,11,0,0
BRDA:293,11,1,0
BRDA:323,12,0,0
BRDA:324,13,0,0
BRDA:324,14,0,0
BRDA:324,14,1,0
BRDA:324,14,2,0
BRDA:325,15,0,0
BRDA:325,15,1,0
BRF:24
BRH:0
end_of_record
TN:
SF:src\utils\security.ts
FN:36,applyCSP
FN:43,(anonymous_1)
FN:57,generateNonce
FN:60,(anonymous_3)
FN:72,(anonymous_4)
FN:75,(anonymous_5)
FN:85,(anonymous_6)
FN:98,(anonymous_7)
FN:107,(anonymous_8)
FN:123,(anonymous_9)
FN:132,(anonymous_10)
FN:155,(anonymous_11)
FN:170,(anonymous_12)
FN:173,(anonymous_13)
FN:189,(anonymous_14)
FN:194,(anonymous_15)
FN:209,(anonymous_16)
FN:252,(anonymous_17)
FN:274,(anonymous_18)
FN:308,(anonymous_19)
FN:334,(anonymous_20)
FN:352,(anonymous_21)
FN:371,(anonymous_22)
FN:378,(anonymous_23)
FN:389,(anonymous_24)
FN:425,setupSecurityEventListeners
FN:427,(anonymous_26)
FNF:27
FNH:0
FNDA:0,applyCSP
FNDA:0,(anonymous_1)
FNDA:0,generateNonce
FNDA:0,(anonymous_3)
FNDA:0,(anonymous_4)
FNDA:0,(anonymous_5)
FNDA:0,(anonymous_6)
FNDA:0,(anonymous_7)
FNDA:0,(anonymous_8)
FNDA:0,(anonymous_9)
FNDA:0,(anonymous_10)
FNDA:0,(anonymous_11)
FNDA:0,(anonymous_12)
FNDA:0,(anonymous_13)
FNDA:0,(anonymous_14)
FNDA:0,(anonymous_15)
FNDA:0,(anonymous_16)
FNDA:0,(anonymous_17)
FNDA:0,(anonymous_18)
FNDA:0,(anonymous_19)
FNDA:0,(anonymous_20)
FNDA:0,(anonymous_21)
FNDA:0,(anonymous_22)
FNDA:0,(anonymous_23)
FNDA:0,(anonymous_24)
FNDA:0,setupSecurityEventListeners
FNDA:0,(anonymous_26)
DA:17,0
DA:37,0
DA:39,0
DA:40,0
DA:42,0
DA:44,0
DA:45,0
DA:49,0
DA:50,0
DA:58,0
DA:59,0
DA:60,0
DA:67,0
DA:73,0
DA:74,0
DA:75,0
DA:78,0
DA:79,0
DA:86,0
DA:88,0
DA:89,0
DA:92,0
DA:99,0
DA:108,0
DA:109,0
DA:111,0
DA:112,0
DA:124,0
DA:125,0
DA:126,0
DA:133,0
DA:134,0
DA:137,0
DA:138,0
DA:141,0
DA:144,0
DA:145,0
DA:148,0
DA:157,0
DA:170,0
DA:172,0
DA:173,0
DA:175,0
DA:179,0
DA:181,0
DA:182,0
DA:189,0
DA:191,0
DA:194,0
DA:195,0
DA:198,0
DA:199,0
DA:201,0
DA:202,0
DA:210,0
DA:213,0
DA:214,0
DA:218,0
DA:219,0
DA:221,0
DA:222,0
DA:223,0
DA:225,0
DA:226,0
DA:229,0
DA:231,0
DA:235,0
DA:241,0
DA:242,0
DA:245,0
DA:253,0
DA:255,0
DA:257,0
DA:260,0
DA:263,0
DA:274,0
DA:276,0
DA:278,0
DA:279,0
DA:283,0
DA:286,0
DA:289,0
DA:292,0
DA:293,0
DA:298,0
DA:300,0
DA:301,0
DA:308,0
DA:310,0
DA:312,0
DA:313,0
DA:317,0
DA:320,0
DA:323,0
DA:325,0
DA:326,0
DA:336,0
DA:343,0
DA:344,0
DA:346,0
DA:353,0
DA:355,0
DA:356,0
DA:360,0
DA:361,0
DA:372,0
DA:374,0
DA:376,0
DA:377,0
DA:378,0
DA:380,0
DA:383,0
DA:390,0
DA:391,0
DA:399,0
DA:427,0
DA:428,0
DA:430,0
DA:432,0
DA:434,0
DA:436,0
DA:437,0
LF:122
LH:0
BRDA:23,0,0,0
BRDA:23,0,1,0
BRDA:37,1,0,0
BRDA:44,2,0,0
BRDA:88,3,0,0
BRDA:109,4,0,0
BRDA:137,5,0,0
BRDA:144,6,0,0
BRDA:172,7,0,0
BRDA:172,7,1,0
BRDA:213,8,0,0
BRDA:225,9,0,0
BRDA:235,10,0,0
BRDA:237,11,0,0
BRDA:237,11,1,0
BRDA:237,11,2,0
BRDA:237,11,3,0
BRDA:278,12,0,0
BRDA:292,13,0,0
BRDA:312,14,0,0
BRDA:355,15,0,0
BRDA:374,16,0,0
BRDA:428,17,0,0
BRDA:432,18,0,0
BRDA:432,19,0,0
BRDA:432,19,1,0
BRDA:434,20,0,0
BRF:27
BRH:0
end_of_record
TN:
SF:src\utils\seo.tsx
FN:200,(anonymous_0)
FN:273,(anonymous_1)
FN:280,(anonymous_2)
FN:302,generateBreadcrumbSchema
FN:306,(anonymous_4)
FN:318,generateOrganizationSchema
FN:337,generateLocalBusinessSchema
FN:386,generateProductSchema
FN:441,generatePersonSchema
FN:470,generateFAQSchema
FN:474,(anonymous_10)
FN:488,generateJobPostingSchema
FNF:12
FNH:0
FNDA:0,(anonymous_0)
FNDA:0,(anonymous_1)
FNDA:0,(anonymous_2)
FNDA:0,generateBreadcrumbSchema
FNDA:0,(anonymous_4)
FNDA:0,generateOrganizationSchema
FNDA:0,generateLocalBusinessSchema
FNDA:0,generateProductSchema
FNDA:0,generatePersonSchema
FNDA:0,generateFAQSchema
FNDA:0,(anonymous_10)
FNDA:0,generateJobPostingSchema
DA:146,0
DA:200,0
DA:202,0
DA:205,0
DA:206,0
DA:209,0
DA:210,0
DA:211,0
DA:213,0
DA:214,0
DA:215,0
DA:216,0
DA:217,0
DA:219,0
DA:220,0
DA:223,0
DA:224,0
DA:227,0
DA:228,0
DA:232,0
DA:234,0
DA:274,0
DA:281,0
DA:303,0
DA:306,0
DA:324,0
DA:356,0
DA:405,0
DA:449,0
DA:471,0
DA:474,0
DA:508,0
LF:32
LH:0
BRDA:205,0,0,0
BRDA:205,0,1,0
BRDA:206,1,0,0
BRDA:206,1,1,0
BRDA:210,2,0,0
BRDA:211,3,0,0
BRDA:213,4,0,0
BRDA:214,5,0,0
BRDA:215,6,0,0
BRDA:216,7,0,0
BRDA:217,8,0,0
BRDA:219,9,0,0
BRDA:223,10,0,0
BRDA:227,11,0,0
BRDA:232,12,0,0
BRDA:232,12,1,0
BRDA:237,13,0,0
BRDA:237,13,1,0
BRDA:238,14,0,0
BRDA:238,14,1,0
BRDA:239,15,0,0
BRDA:239,15,1,0
BRDA:240,16,0,0
BRDA:240,16,1,0
BRDA:241,17,0,0
BRDA:241,17,1,0
BRDA:244,18,0,0
BRDA:244,18,1,0
BRDA:245,19,0,0
BRDA:245,19,1,0
BRDA:246,20,0,0
BRDA:246,20,1,0
BRDA:247,21,0,0
BRDA:247,21,1,0
BRDA:248,22,0,0
BRDA:248,22,1,0
BRDA:251,23,0,0
BRDA:251,23,1,0
BRDA:252,24,0,0
BRDA:252,24,1,0
BRDA:253,25,0,0
BRDA:253,25,1,0
BRDA:254,26,0,0
BRDA:254,26,1,0
BRDA:255,27,0,0
BRDA:255,27,1,0
BRDA:256,28,0,0
BRDA:256,28,1,0
BRDA:259,29,0,0
BRDA:259,29,1,0
BRDA:261,30,0,0
BRDA:261,30,1,0
BRDA:264,31,0,0
BRDA:264,31,1,0
BRDA:267,32,0,0
BRDA:267,32,1,0
BRDA:270,33,0,0
BRDA:270,33,1,0
BRDA:273,34,0,0
BRDA:273,34,1,0
BRDA:280,35,0,0
BRDA:280,35,1,0
BRDA:283,36,0,0
BRDA:283,36,1,0
BRDA:284,37,0,0
BRDA:284,37,1,0
BRDA:282,38,0,0
BRDA:282,38,1,0
BRDA:290,39,0,0
BRDA:290,39,1,0
BRDA:330,40,0,0
BRDA:330,40,1,0
BRDA:372,41,0,0
BRDA:372,41,1,0
BRDA:379,42,0,0
BRDA:379,42,1,0
BRDA:411,43,0,0
BRDA:411,43,1,0
BRDA:412,44,0,0
BRDA:412,44,1,0
BRDA:416,45,0,0
BRDA:416,45,1,0
BRDA:423,46,0,0
BRDA:423,46,1,0
BRDA:424,47,0,0
BRDA:424,47,1,0
BRDA:425,48,0,0
BRDA:425,48,1,0
BRDA:426,49,0,0
BRDA:426,49,1,0
BRDA:428,50,0,0
BRDA:428,50,1,0
BRDA:453,51,0,0
BRDA:453,51,1,0
BRDA:454,52,0,0
BRDA:454,52,1,0
BRDA:455,53,0,0
BRDA:455,53,1,0
BRDA:456,54,0,0
BRDA:456,54,1,0
BRDA:460,55,0,0
BRDA:460,55,1,0
BRDA:463,56,0,0
BRDA:463,56,1,0
BRDA:514,57,0,0
BRDA:514,57,1,0
BRDA:515,58,0,0
BRDA:515,58,1,0
BRDA:519,59,0,0
BRDA:519,59,1,0
BRDA:520,60,0,0
BRDA:520,60,1,0
BRDA:522,61,0,0
BRDA:522,61,1,0
BRDA:535,62,0,0
BRDA:535,62,1,0
BRF:116
BRH:0
end_of_record
TN:
SF:src\utils\task-utils.ts
FN:49,isTaskLocationObject
FN:56,isTaskBudgetObject
FN:63,getLocationDisplayText
FN:82,getBudgetDisplayText
FN:106,formatBudget
FNF:5
FNH:0
FNDA:0,isTaskLocationObject
FNDA:0,isTaskBudgetObject
FNDA:0,getLocationDisplayText
FNDA:0,getBudgetDisplayText
FNDA:0,formatBudget
DA:50,0
DA:57,0
DA:64,0
DA:65,0
DA:66,0
DA:67,0
DA:68,0
DA:74,0
DA:76,0
DA:83,0
DA:84,0
DA:87,0
DA:88,0
DA:93,0
DA:94,0
DA:100,0
DA:107,0
DA:109,0
DA:110,0
DA:113,0
DA:115,0
DA:116,0
DA:117,0
DA:118,0
DA:119,0
DA:120,0
DA:122,0
DA:125,0
LF:28
LH:0
BRDA:50,0,0,0
BRDA:50,0,1,0
BRDA:50,0,2,0
BRDA:57,1,0,0
BRDA:57,1,1,0
BRDA:57,1,2,0
BRDA:64,2,0,0
BRDA:65,3,0,0
BRDA:66,4,0,0
BRDA:67,5,0,0
BRDA:74,6,0,0
BRDA:74,6,1,0
BRDA:83,7,0,0
BRDA:83,8,0,0
BRDA:83,8,1,0
BRDA:87,9,0,0
BRDA:93,10,0,0
BRDA:106,11,0,0
BRDA:109,12,0,0
BRDA:115,13,0,0
BRDA:117,14,0,0
BRDA:117,14,1,0
BRDA:119,15,0,0
BRF:23
BRH:0
end_of_record
TN:
SF:src\utils\type-adapters.ts
FN:39,isOpenTask
FN:49,isAcceptedTask
FN:59,isInProgressTask
FN:69,isCompletedTask
FN:79,isCancelledTask
FN:89,isDisputedTask
FN:100,canAssignTask
FN:111,canStartTask
FN:122,canCompleteTask
FN:133,canCancelTask
FN:144,canDisputeTask
FN:154,isUserRole
FN:164,isBidStatus
FN:183,toDiscriminatedTask
FN:303,toRegularTask
FN:393,isDiscriminatedTask
FN:403,isRegularTask
FN:413,ensureDiscriminatedTask
FN:427,ensureRegularTask
FNF:19
FNH:0
FNDA:0,isOpenTask
FNDA:0,isAcceptedTask
FNDA:0,isInProgressTask
FNDA:0,isCompletedTask
FNDA:0,isCancelledTask
FNDA:0,isDisputedTask
FNDA:0,canAssignTask
FNDA:0,canStartTask
FNDA:0,canCompleteTask
FNDA:0,canCancelTask
FNDA:0,canDisputeTask
FNDA:0,isUserRole
FNDA:0,isBidStatus
FNDA:0,toDiscriminatedTask
FNDA:0,toRegularTask
FNDA:0,isDiscriminatedTask
FNDA:0,isRegularTask
FNDA:0,ensureDiscriminatedTask
FNDA:0,ensureRegularTask
DA:40,0
DA:50,0
DA:60,0
DA:70,0
DA:80,0
DA:90,0
DA:101,0
DA:112,0
DA:123,0
DA:134,0
DA:145,0
DA:155,0
DA:165,0
DA:185,0
DA:201,0
DA:212,0
DA:214,0
DA:223,0
DA:234,0
DA:247,0
DA:260,0
DA:269,0
DA:283,0
DA:284,0
DA:305,0
DA:336,0
DA:337,0
DA:338,0
DA:339,0
DA:340,0
DA:341,0
DA:342,0
DA:343,0
DA:344,0
DA:345,0
DA:346,0
DA:347,0
DA:348,0
DA:349,0
DA:350,0
DA:351,0
DA:352,0
DA:353,0
DA:354,0
DA:355,0
DA:356,0
DA:357,0
DA:358,0
DA:359,0
DA:360,0
DA:361,0
DA:362,0
DA:363,0
DA:364,0
DA:365,0
DA:366,0
DA:367,0
DA:368,0
DA:369,0
DA:370,0
DA:371,0
DA:372,0
DA:373,0
DA:374,0
DA:375,0
DA:376,0
DA:377,0
DA:378,0
DA:379,0
DA:380,0
DA:381,0
DA:384,0
DA:394,0
DA:404,0
DA:414,0
DA:415,0
DA:417,0
DA:428,0
DA:429,0
DA:431,0
LF:80
LH:0
BRDA:134,0,0,0
BRDA:134,0,1,0
BRDA:134,0,2,0
BRDA:197,1,0,0
BRDA:197,1,1,0
BRDA:201,2,0,0
BRDA:201,2,1,0
BRDA:212,3,0,0
BRDA:212,3,1,0
BRDA:212,3,2,0
BRDA:212,3,3,0
BRDA:212,3,4,0
BRDA:212,3,5,0
BRDA:212,3,6,0
BRDA:240,4,0,0
BRDA:240,4,1,0
BRDA:253,5,0,0
BRDA:253,5,1,0
BRDA:254,6,0,0
BRDA:254,6,1,0
BRDA:275,7,0,0
BRDA:275,7,1,0
BRDA:324,8,0,0
BRDA:324,8,1,0
BRDA:336,9,0,0
BRDA:336,9,1,0
BRDA:339,10,0,0
BRDA:339,10,1,0
BRDA:347,11,0,0
BRDA:347,11,1,0
BRDA:357,12,0,0
BRDA:357,12,1,0
BRDA:367,13,0,0
BRDA:367,13,1,0
BRDA:371,14,0,0
BRDA:394,15,0,0
BRDA:394,15,1,0
BRDA:414,16,0,0
BRDA:414,16,1,0
BRDA:428,17,0,0
BRDA:428,17,1,0
BRF:41
BRH:0
end_of_record
TN:
SF:src\utils\ui-utils.tsx
FN:56,useSidebar
FN:67,(anonymous_1)
FN:111,formatCurrency
FN:118,formatDate
FN:128,truncateText
FN:133,generateId
FNF:6
FNH:0
FNDA:0,useSidebar
FNDA:0,(anonymous_1)
FNDA:0,formatCurrency
FNDA:0,formatDate
FNDA:0,truncateText
FNDA:0,generateId
DA:10,0
DA:35,0
DA:36,0
DA:37,0
DA:38,0
DA:39,0
DA:40,0
DA:53,0
DA:54,0
DA:57,0
DA:58,0
DA:59,0
DA:61,0
DA:64,0
DA:67,0
DA:68,0
DA:83,0
DA:112,0
DA:119,0
DA:120,0
DA:129,0
DA:130,0
DA:134,0
LF:23
LH:0
BRDA:58,0,0,0
BRDA:111,1,0,0
BRDA:119,2,0,0
BRDA:119,2,1,0
BRDA:129,3,0,0
BRDA:133,4,0,0
BRF:6
BRH:0
end_of_record
TN:
SF:src\utils\validation.ts
FN:20,(anonymous_0)
FN:29,(anonymous_1)
FN:74,(anonymous_2)
FN:75,(anonymous_3)
FN:130,(anonymous_4)
FNF:5
FNH:0
FNDA:0,(anonymous_0)
FNDA:0,(anonymous_1)
FNDA:0,(anonymous_2)
FNDA:0,(anonymous_3)
FNDA:0,(anonymous_4)
DA:10,0
DA:13,0
DA:20,0
DA:21,0
DA:29,0
DA:30,0
DA:31,0
DA:34,0
DA:35,0
DA:38,0
DA:39,0
DA:45,0
DA:51,0
DA:74,0
DA:75,0
DA:83,0
DA:96,0
DA:120,0
DA:130,0
DA:138,0
DA:148,0
LF:21
LH:0
BRDA:30,0,0,0
BRDA:34,1,0,0
BRDA:38,2,0,0
BRF:3
BRH:0
end_of_record
